[4.751s] Invoking command in '/home/open/work/src/core': PYTHONPATH=/home/open/work/build/core/prefix_override:/home/open/work/install/core/lib/python3.10/site-packages:${PYTHONPATH} /usr/bin/python3 -W ignore:setup.py install is deprecated setup.py egg_info --egg-base ../../build/core build --build-base /home/open/work/build/core/build install --record /home/open/work/build/core/install.log --single-version-externally-managed install_data
[5.271s] running egg_info
[5.272s] writing ../../build/core/core.egg-info/PKG-INFO
[5.272s] writing dependency_links to ../../build/core/core.egg-info/dependency_links.txt
[5.272s] writing entry points to ../../build/core/core.egg-info/entry_points.txt
[5.272s] writing requirements to ../../build/core/core.egg-info/requires.txt
[5.273s] writing top-level names to ../../build/core/core.egg-info/top_level.txt
[5.275s] reading manifest file '../../build/core/core.egg-info/SOURCES.txt'
[5.277s] writing manifest file '../../build/core/core.egg-info/SOURCES.txt'
[5.277s] running build
[5.277s] running build_py
[5.278s] running install
[5.279s] running install_lib
[5.280s] running install_data
[5.280s] running install_egg_info
[5.287s] removing '/home/open/work/install/core/lib/python3.10/site-packages/core-0.0.0-py3.10.egg-info' (and everything under it)
[5.291s] Copying ../../build/core/core.egg-info to /home/open/work/install/core/lib/python3.10/site-packages/core-0.0.0-py3.10.egg-info
[5.303s] running install_scripts
[5.348s] Installing core script to /home/open/work/install/core/lib/core
[5.357s] writing list of installed files to '/home/open/work/build/core/install.log'
[5.412s] Invoked command in '/home/open/work/src/core' returned '0': PYTHONPATH=/home/open/work/build/core/prefix_override:/home/open/work/install/core/lib/python3.10/site-packages:${PYTHONPATH} /usr/bin/python3 -W ignore:setup.py install is deprecated setup.py egg_info --egg-base ../../build/core build --build-base /home/open/work/build/core/build install --record /home/open/work/build/core/install.log --single-version-externally-managed install_data
