[2.566s] Invoking command in '/home/open/work/src/detect/object_detection': PYTHONPATH=/home/open/work/build/object_detection/prefix_override:/home/open/work/install/object_detection/lib/python3.10/site-packages:${PYTHONPATH} /usr/bin/python3 -W ignore:setup.py install is deprecated setup.py egg_info --egg-base ../../../build/object_detection build --build-base /home/open/work/build/object_detection/build install --record /home/open/work/build/object_detection/install.log --single-version-externally-managed install_data
[3.011s] running egg_info
[3.012s] writing ../../../build/object_detection/object_detection.egg-info/PKG-INFO
[3.012s] writing dependency_links to ../../../build/object_detection/object_detection.egg-info/dependency_links.txt
[3.013s] writing entry points to ../../../build/object_detection/object_detection.egg-info/entry_points.txt
[3.013s] writing requirements to ../../../build/object_detection/object_detection.egg-info/requires.txt
[3.013s] writing top-level names to ../../../build/object_detection/object_detection.egg-info/top_level.txt
[3.017s] reading manifest file '../../../build/object_detection/object_detection.egg-info/SOURCES.txt'
[3.020s] writing manifest file '../../../build/object_detection/object_detection.egg-info/SOURCES.txt'
[3.020s] running build
[3.020s] running build_py
[3.021s] running install
[3.021s] running install_lib
[3.024s] running install_data
[3.025s] running install_egg_info
[3.030s] removing '/home/open/work/install/object_detection/lib/python3.10/site-packages/object_detection-0.0.0-py3.10.egg-info' (and everything under it)
[3.030s] Copying ../../../build/object_detection/object_detection.egg-info to /home/open/work/install/object_detection/lib/python3.10/site-packages/object_detection-0.0.0-py3.10.egg-info
[3.032s] running install_scripts
[3.079s] Installing object_detection script to /home/open/work/install/object_detection/lib/object_detection
[3.079s] writing list of installed files to '/home/open/work/build/object_detection/install.log'
[3.120s] Invoked command in '/home/open/work/src/detect/object_detection' returned '0': PYTHONPATH=/home/open/work/build/object_detection/prefix_override:/home/open/work/install/object_detection/lib/python3.10/site-packages:${PYTHONPATH} /usr/bin/python3 -W ignore:setup.py install is deprecated setup.py egg_info --egg-base ../../../build/object_detection build --build-base /home/open/work/build/object_detection/build install --record /home/open/work/build/object_detection/install.log --single-version-externally-managed install_data
