[7.082s] Invoking command in '/home/open/work/src/detect/detect_lane': PYTHONPATH=/home/open/work/build/detect_lane/prefix_override:/home/open/work/install/detect_lane/lib/python3.10/site-packages:${PYTHONPATH} /usr/bin/python3 -W ignore:setup.py install is deprecated setup.py egg_info --egg-base ../../../build/detect_lane build --build-base /home/open/work/build/detect_lane/build install --record /home/open/work/build/detect_lane/install.log --single-version-externally-managed install_data
[7.830s] running egg_info
[7.832s] writing ../../../build/detect_lane/detect_lane.egg-info/PKG-INFO
[7.833s] writing dependency_links to ../../../build/detect_lane/detect_lane.egg-info/dependency_links.txt
[7.833s] writing entry points to ../../../build/detect_lane/detect_lane.egg-info/entry_points.txt
[7.833s] writing requirements to ../../../build/detect_lane/detect_lane.egg-info/requires.txt
[7.833s] writing top-level names to ../../../build/detect_lane/detect_lane.egg-info/top_level.txt
[7.837s] reading manifest file '../../../build/detect_lane/detect_lane.egg-info/SOURCES.txt'
[7.840s] writing manifest file '../../../build/detect_lane/detect_lane.egg-info/SOURCES.txt'
[7.840s] running build
[7.840s] running build_py
[7.841s] running install
[7.842s] running install_lib
[7.845s] running install_data
[7.846s] running install_egg_info
[7.850s] removing '/home/open/work/install/detect_lane/lib/python3.10/site-packages/detect_lane-0.0.0-py3.10.egg-info' (and everything under it)
[7.851s] Copying ../../../build/detect_lane/detect_lane.egg-info to /home/open/work/install/detect_lane/lib/python3.10/site-packages/detect_lane-0.0.0-py3.10.egg-info
[7.853s] running install_scripts
[7.903s] Installing detect_lane script to /home/open/work/install/detect_lane/lib/detect_lane
[7.903s] Installing hsv_param_adjustment script to /home/open/work/install/detect_lane/lib/detect_lane
[7.903s] writing list of installed files to '/home/open/work/build/detect_lane/install.log'
[7.959s] Invoked command in '/home/open/work/src/detect/detect_lane' returned '0': PYTHONPATH=/home/open/work/build/detect_lane/prefix_override:/home/open/work/install/detect_lane/lib/python3.10/site-packages:${PYTHONPATH} /usr/bin/python3 -W ignore:setup.py install is deprecated setup.py egg_info --egg-base ../../../build/detect_lane build --build-base /home/open/work/build/detect_lane/build install --record /home/open/work/build/detect_lane/install.log --single-version-externally-managed install_data
