[1.642s] Invoking command in '/home/open/work/src/parking': PYTHONPATH=/home/open/work/build/parking/prefix_override:/home/open/work/install/parking/lib/python3.10/site-packages:${PYTHONPATH} /usr/bin/python3 -W ignore:setup.py install is deprecated setup.py egg_info --egg-base ../../build/parking build --build-base /home/open/work/build/parking/build install --record /home/open/work/build/parking/install.log --single-version-externally-managed install_data
[1.825s] running egg_info
[1.826s] writing ../../build/parking/parking.egg-info/PKG-INFO
[1.826s] writing dependency_links to ../../build/parking/parking.egg-info/dependency_links.txt
[1.826s] writing entry points to ../../build/parking/parking.egg-info/entry_points.txt
[1.826s] writing requirements to ../../build/parking/parking.egg-info/requires.txt
[1.826s] writing top-level names to ../../build/parking/parking.egg-info/top_level.txt
[1.827s] reading manifest file '../../build/parking/parking.egg-info/SOURCES.txt'
[1.828s] writing manifest file '../../build/parking/parking.egg-info/SOURCES.txt'
[1.828s] running build
[1.828s] running build_py
[1.829s] running install
[1.829s] running install_lib
[1.830s] running install_data
[1.830s] running install_egg_info
[1.831s] removing '/home/open/work/install/parking/lib/python3.10/site-packages/parking-0.0.0-py3.10.egg-info' (and everything under it)
[1.831s] Copying ../../build/parking/parking.egg-info to /home/open/work/install/parking/lib/python3.10/site-packages/parking-0.0.0-py3.10.egg-info
[1.832s] running install_scripts
[1.849s] Installing parking script to /home/open/work/install/parking/lib/parking
[1.849s] writing list of installed files to '/home/open/work/build/parking/install.log'
[1.883s] Invoked command in '/home/open/work/src/parking' returned '0': PYTHONPATH=/home/open/work/build/parking/prefix_override:/home/open/work/install/parking/lib/python3.10/site-packages:${PYTHONPATH} /usr/bin/python3 -W ignore:setup.py install is deprecated setup.py egg_info --egg-base ../../build/parking build --build-base /home/open/work/build/parking/build install --record /home/open/work/build/parking/install.log --single-version-externally-managed install_data
