[3.134s] Invoking command in '/home/open/work/src/camera': PYTHONPATH=/home/open/work/build/camera/prefix_override:/home/open/work/install/camera/lib/python3.10/site-packages:${PYTHONPATH} /usr/bin/python3 -W ignore:setup.py install is deprecated setup.py egg_info --egg-base ../../build/camera build --build-base /home/open/work/build/camera/build install --record /home/open/work/build/camera/install.log --single-version-externally-managed install_data
[3.774s] running egg_info
[3.775s] writing ../../build/camera/camera.egg-info/PKG-INFO
[3.776s] writing dependency_links to ../../build/camera/camera.egg-info/dependency_links.txt
[3.776s] writing entry points to ../../build/camera/camera.egg-info/entry_points.txt
[3.776s] writing requirements to ../../build/camera/camera.egg-info/requires.txt
[3.776s] writing top-level names to ../../build/camera/camera.egg-info/top_level.txt
[3.779s] reading manifest file '../../build/camera/camera.egg-info/SOURCES.txt'
[3.780s] writing manifest file '../../build/camera/camera.egg-info/SOURCES.txt'
[3.781s] running build
[3.781s] running build_py
[3.781s] running install
[3.781s] running install_lib
[3.783s] running install_data
[3.783s] running install_egg_info
[3.786s] removing '/home/open/work/install/camera/lib/python3.10/site-packages/camera-0.0.0-py3.10.egg-info' (and everything under it)
[3.786s] Copying ../../build/camera/camera.egg-info to /home/open/work/install/camera/lib/python3.10/site-packages/camera-0.0.0-py3.10.egg-info
[3.787s] running install_scripts
[3.814s] Installing H65_camera script to /home/open/work/install/camera/lib/camera
[3.814s] Installing camera script to /home/open/work/install/camera/lib/camera
[3.814s] writing list of installed files to '/home/open/work/build/camera/install.log'
[3.846s] Invoked command in '/home/open/work/src/camera' returned '0': PYTHONPATH=/home/open/work/build/camera/prefix_override:/home/open/work/install/camera/lib/python3.10/site-packages:${PYTHONPATH} /usr/bin/python3 -W ignore:setup.py install is deprecated setup.py egg_info --egg-base ../../build/camera build --build-base /home/open/work/build/camera/build install --record /home/open/work/build/camera/install.log --single-version-externally-managed install_data
