[1.789s] Invoking command in '/home/open/work/src/control': PYTHONPATH=/home/open/work/build/control/prefix_override:/home/open/work/install/control/lib/python3.10/site-packages:${PYTHONPATH} /usr/bin/python3 -W ignore:setup.py install is deprecated setup.py egg_info --egg-base ../../build/control build --build-base /home/open/work/build/control/build install --record /home/open/work/build/control/install.log --single-version-externally-managed install_data
[1.981s] running egg_info
[1.981s] writing ../../build/control/control.egg-info/PKG-INFO
[1.981s] writing dependency_links to ../../build/control/control.egg-info/dependency_links.txt
[1.982s] writing entry points to ../../build/control/control.egg-info/entry_points.txt
[1.982s] writing requirements to ../../build/control/control.egg-info/requires.txt
[1.982s] writing top-level names to ../../build/control/control.egg-info/top_level.txt
[1.984s] reading manifest file '../../build/control/control.egg-info/SOURCES.txt'
[1.984s] writing manifest file '../../build/control/control.egg-info/SOURCES.txt'
[1.984s] running build
[1.984s] running build_py
[1.984s] running install
[1.984s] running install_lib
[1.985s] running install_data
[1.985s] running install_egg_info
[1.987s] removing '/home/open/work/install/control/lib/python3.10/site-packages/control-0.0.0-py3.10.egg-info' (and everything under it)
[1.987s] Copying ../../build/control/control.egg-info to /home/open/work/install/control/lib/python3.10/site-packages/control-0.0.0-py3.10.egg-info
[1.987s] running install_scripts
[2.004s] Installing control_lane script to /home/open/work/install/control/lib/control
[2.004s] writing list of installed files to '/home/open/work/build/control/install.log'
[2.027s] Invoked command in '/home/open/work/src/control' returned '0': PYTHONPATH=/home/open/work/build/control/prefix_override:/home/open/work/install/control/lib/python3.10/site-packages:${PYTHONPATH} /usr/bin/python3 -W ignore:setup.py install is deprecated setup.py egg_info --egg-base ../../build/control build --build-base /home/open/work/build/control/build install --record /home/open/work/build/control/install.log --single-version-externally-managed install_data
