[2.637s] Invoking command in '/home/open/work/src/camera': PYTHONPATH=/home/open/work/build/camera/prefix_override:/home/open/work/install/camera/lib/python3.10/site-packages:${PYTHONPATH} /usr/bin/python3 -W ignore:setup.py install is deprecated setup.py egg_info --egg-base ../../build/camera build --build-base /home/open/work/build/camera/build install --record /home/open/work/build/camera/install.log --single-version-externally-managed install_data
[3.101s] running egg_info
[3.103s] writing ../../build/camera/camera.egg-info/PKG-INFO
[3.103s] writing dependency_links to ../../build/camera/camera.egg-info/dependency_links.txt
[3.103s] writing entry points to ../../build/camera/camera.egg-info/entry_points.txt
[3.103s] writing requirements to ../../build/camera/camera.egg-info/requires.txt
[3.104s] writing top-level names to ../../build/camera/camera.egg-info/top_level.txt
[3.108s] reading manifest file '../../build/camera/camera.egg-info/SOURCES.txt'
[3.109s] writing manifest file '../../build/camera/camera.egg-info/SOURCES.txt'
[3.110s] running build
[3.110s] running build_py
[3.110s] copying camera/H65_camera.py -> /home/open/work/build/camera/build/lib/camera
[3.111s] running install
[3.111s] running install_lib
[3.113s] copying /home/open/work/build/camera/build/lib/camera/H65_camera.py -> /home/open/work/install/camera/lib/python3.10/site-packages/camera
[3.114s] byte-compiling /home/open/work/install/camera/lib/python3.10/site-packages/camera/H65_camera.py to H65_camera.cpython-310.pyc
[3.116s] running install_data
[3.116s] running install_egg_info
[3.121s] removing '/home/open/work/install/camera/lib/python3.10/site-packages/camera-0.0.0-py3.10.egg-info' (and everything under it)
[3.121s] Copying ../../build/camera/camera.egg-info to /home/open/work/install/camera/lib/python3.10/site-packages/camera-0.0.0-py3.10.egg-info
[3.123s] running install_scripts
[3.170s] Installing H65_camera script to /home/open/work/install/camera/lib/camera
[3.171s] Installing camera script to /home/open/work/install/camera/lib/camera
[3.172s] writing list of installed files to '/home/open/work/build/camera/install.log'
[3.216s] Invoked command in '/home/open/work/src/camera' returned '0': PYTHONPATH=/home/open/work/build/camera/prefix_override:/home/open/work/install/camera/lib/python3.10/site-packages:${PYTHONPATH} /usr/bin/python3 -W ignore:setup.py install is deprecated setup.py egg_info --egg-base ../../build/camera build --build-base /home/open/work/build/camera/build install --record /home/open/work/build/camera/install.log --single-version-externally-managed install_data
