[1.766s] Invoking command in '/home/open/work/src/parking': PYTHONPATH=/home/open/work/build/parking/prefix_override:/home/open/work/install/parking/lib/python3.10/site-packages:${PYTHONPATH} /usr/bin/python3 -W ignore:setup.py install is deprecated setup.py egg_info --egg-base ../../build/parking build --build-base /home/open/work/build/parking/build install --record /home/open/work/build/parking/install.log --single-version-externally-managed install_data
[1.933s] running egg_info
[1.933s] writing ../../build/parking/parking.egg-info/PKG-INFO
[1.933s] writing dependency_links to ../../build/parking/parking.egg-info/dependency_links.txt
[1.934s] writing entry points to ../../build/parking/parking.egg-info/entry_points.txt
[1.934s] writing requirements to ../../build/parking/parking.egg-info/requires.txt
[1.934s] writing top-level names to ../../build/parking/parking.egg-info/top_level.txt
[1.935s] reading manifest file '../../build/parking/parking.egg-info/SOURCES.txt'
[1.936s] writing manifest file '../../build/parking/parking.egg-info/SOURCES.txt'
[1.936s] running build
[1.936s] running build_py
[1.936s] running install
[1.936s] running install_lib
[1.936s] running install_data
[1.936s] running install_egg_info
[1.938s] removing '/home/open/work/install/parking/lib/python3.10/site-packages/parking-0.0.0-py3.10.egg-info' (and everything under it)
[1.938s] Copying ../../build/parking/parking.egg-info to /home/open/work/install/parking/lib/python3.10/site-packages/parking-0.0.0-py3.10.egg-info
[1.938s] running install_scripts
[1.952s] Installing parking script to /home/open/work/install/parking/lib/parking
[1.952s] writing list of installed files to '/home/open/work/build/parking/install.log'
