[4.770s] Invoking command in '/home/open/work/src/detect/object_detection': PYTHONPATH=/home/open/work/build/object_detection/prefix_override:/home/open/work/install/object_detection/lib/python3.10/site-packages:${PYTHONPATH} /usr/bin/python3 -W ignore:setup.py install is deprecated setup.py egg_info --egg-base ../../../build/object_detection build --build-base /home/open/work/build/object_detection/build install --record /home/open/work/build/object_detection/install.log --single-version-externally-managed install_data
[5.428s] running egg_info
[5.429s] writing ../../../build/object_detection/object_detection.egg-info/PKG-INFO
[5.429s] writing dependency_links to ../../../build/object_detection/object_detection.egg-info/dependency_links.txt
[5.429s] writing entry points to ../../../build/object_detection/object_detection.egg-info/entry_points.txt
[5.429s] writing requirements to ../../../build/object_detection/object_detection.egg-info/requires.txt
[5.429s] writing top-level names to ../../../build/object_detection/object_detection.egg-info/top_level.txt
[5.429s] reading manifest file '../../../build/object_detection/object_detection.egg-info/SOURCES.txt'
[5.432s] writing manifest file '../../../build/object_detection/object_detection.egg-info/SOURCES.txt'
[5.432s] running build
[5.434s] running build_py
[5.434s] running install
[5.437s] running install_lib
[5.437s] running install_data
[5.437s] running install_egg_info
[5.440s] removing '/home/open/work/install/object_detection/lib/python3.10/site-packages/object_detection-0.0.0-py3.10.egg-info' (and everything under it)
[5.441s] Copying ../../../build/object_detection/object_detection.egg-info to /home/open/work/install/object_detection/lib/python3.10/site-packages/object_detection-0.0.0-py3.10.egg-info
[5.442s] running install_scripts
[5.484s] Installing object_detection script to /home/open/work/install/object_detection/lib/object_detection
[5.484s] writing list of installed files to '/home/open/work/build/object_detection/install.log'
[5.536s] Invoked command in '/home/open/work/src/detect/object_detection' returned '0': PYTHONPATH=/home/open/work/build/object_detection/prefix_override:/home/open/work/install/object_detection/lib/python3.10/site-packages:${PYTHONPATH} /usr/bin/python3 -W ignore:setup.py install is deprecated setup.py egg_info --egg-base ../../../build/object_detection build --build-base /home/open/work/build/object_detection/build install --record /home/open/work/build/object_detection/install.log --single-version-externally-managed install_data
