[1.987s] Invoking command in '/home/open/work/src/lider_sub': PYTHONPATH=/home/open/work/build/lider_sub/prefix_override:/home/open/work/install/lider_sub/lib/python3.10/site-packages:${PYTHONPATH} /usr/bin/python3 -W ignore:setup.py install is deprecated setup.py egg_info --egg-base ../../build/lider_sub build --build-base /home/open/work/build/lider_sub/build install --record /home/open/work/build/lider_sub/install.log --single-version-externally-managed install_data
[2.339s] running egg_info
[2.339s] creating ../../build/lider_sub/lider_sub.egg-info
[2.339s] writing ../../build/lider_sub/lider_sub.egg-info/PKG-INFO
[2.339s] writing dependency_links to ../../build/lider_sub/lider_sub.egg-info/dependency_links.txt
[2.339s] writing entry points to ../../build/lider_sub/lider_sub.egg-info/entry_points.txt
[2.339s] writing requirements to ../../build/lider_sub/lider_sub.egg-info/requires.txt
[2.339s] writing top-level names to ../../build/lider_sub/lider_sub.egg-info/top_level.txt
[2.339s] writing manifest file '../../build/lider_sub/lider_sub.egg-info/SOURCES.txt'
[2.339s] reading manifest file '../../build/lider_sub/lider_sub.egg-info/SOURCES.txt'
[2.342s] writing manifest file '../../build/lider_sub/lider_sub.egg-info/SOURCES.txt'
[2.342s] running build
[2.342s] running build_py
[2.342s] creating /home/open/work/build/lider_sub/build
[2.343s] creating /home/open/work/build/lider_sub/build/lib
[2.343s] creating /home/open/work/build/lider_sub/build/lib/lider_sub
[2.343s] copying lider_sub/__init__.py -> /home/open/work/build/lider_sub/build/lib/lider_sub
[2.343s] copying lider_sub/lidersub.py -> /home/open/work/build/lider_sub/build/lib/lider_sub
[2.345s] running install
[2.345s] running install_lib
[2.346s] creating /home/open/work/install/lider_sub/lib/python3.10/site-packages/lider_sub
[2.346s] copying /home/open/work/build/lider_sub/build/lib/lider_sub/__init__.py -> /home/open/work/install/lider_sub/lib/python3.10/site-packages/lider_sub
[2.346s] copying /home/open/work/build/lider_sub/build/lib/lider_sub/lidersub.py -> /home/open/work/install/lider_sub/lib/python3.10/site-packages/lider_sub
[2.347s] byte-compiling /home/open/work/install/lider_sub/lib/python3.10/site-packages/lider_sub/__init__.py to __init__.cpython-310.pyc
[2.347s] byte-compiling /home/open/work/install/lider_sub/lib/python3.10/site-packages/lider_sub/lidersub.py to lidersub.cpython-310.pyc
[2.347s] running install_data
[2.347s] creating /home/open/work/install/lider_sub/share/lider_sub/launch
[2.347s] copying launch/lider_sub_launch.py -> /home/open/work/install/lider_sub/share/lider_sub/launch
[2.347s] creating /home/open/work/install/lider_sub/share/lider_sub/config
[2.347s] creating /home/open/work/install/lider_sub/share/ament_index
[2.348s] creating /home/open/work/install/lider_sub/share/ament_index/resource_index
[2.348s] creating /home/open/work/install/lider_sub/share/ament_index/resource_index/packages
[2.348s] copying resource/lider_sub -> /home/open/work/install/lider_sub/share/ament_index/resource_index/packages
[2.348s] copying package.xml -> /home/open/work/install/lider_sub/share/lider_sub
[2.348s] running install_egg_info
[2.357s] Copying ../../build/lider_sub/lider_sub.egg-info to /home/open/work/install/lider_sub/lib/python3.10/site-packages/lider_sub-0.0.0-py3.10.egg-info
[2.357s] running install_scripts
[2.386s] Installing lider_sub script to /home/open/work/install/lider_sub/lib/lider_sub
[2.386s] writing list of installed files to '/home/open/work/build/lider_sub/install.log'
[2.478s] Invoked command in '/home/open/work/src/lider_sub' returned '0': PYTHONPATH=/home/open/work/build/lider_sub/prefix_override:/home/open/work/install/lider_sub/lib/python3.10/site-packages:${PYTHONPATH} /usr/bin/python3 -W ignore:setup.py install is deprecated setup.py egg_info --egg-base ../../build/lider_sub build --build-base /home/open/work/build/lider_sub/build install --record /home/open/work/build/lider_sub/install.log --single-version-externally-managed install_data
