[4.732s] Invoking command in '/home/open/work/src/camera': PYTHONPATH=/home/open/work/build/camera/prefix_override:/home/open/work/install/camera/lib/python3.10/site-packages:${PYTHONPATH} /usr/bin/python3 -W ignore:setup.py install is deprecated setup.py egg_info --egg-base ../../build/camera build --build-base /home/open/work/build/camera/build install --record /home/open/work/build/camera/install.log --single-version-externally-managed install_data
[5.449s] running egg_info
[5.450s] writing ../../build/camera/camera.egg-info/PKG-INFO
[5.451s] writing dependency_links to ../../build/camera/camera.egg-info/dependency_links.txt
[5.451s] writing entry points to ../../build/camera/camera.egg-info/entry_points.txt
[5.451s] writing requirements to ../../build/camera/camera.egg-info/requires.txt
[5.451s] writing top-level names to ../../build/camera/camera.egg-info/top_level.txt
[5.455s] reading manifest file '../../build/camera/camera.egg-info/SOURCES.txt'
[5.455s] writing manifest file '../../build/camera/camera.egg-info/SOURCES.txt'
[5.456s] running build
[5.457s] running build_py
[5.457s] running install
[5.458s] running install_lib
[5.459s] running install_data
[5.459s] running install_egg_info
[5.463s] removing '/home/open/work/install/camera/lib/python3.10/site-packages/camera-0.0.0-py3.10.egg-info' (and everything under it)
[5.463s] Copying ../../build/camera/camera.egg-info to /home/open/work/install/camera/lib/python3.10/site-packages/camera-0.0.0-py3.10.egg-info
[5.465s] running install_scripts
[5.497s] Installing H65_camera script to /home/open/work/install/camera/lib/camera
[5.497s] Installing camera script to /home/open/work/install/camera/lib/camera
[5.498s] writing list of installed files to '/home/open/work/build/camera/install.log'
[5.565s] Invoked command in '/home/open/work/src/camera' returned '0': PYTHONPATH=/home/open/work/build/camera/prefix_override:/home/open/work/install/camera/lib/python3.10/site-packages:${PYTHONPATH} /usr/bin/python3 -W ignore:setup.py install is deprecated setup.py egg_info --egg-base ../../build/camera build --build-base /home/open/work/build/camera/build install --record /home/open/work/build/camera/install.log --single-version-externally-managed install_data
