running egg_info
creating ../../build/core/core.egg-info
writing ../../build/core/core.egg-info/PKG-INFO
writing dependency_links to ../../build/core/core.egg-info/dependency_links.txt
writing entry points to ../../build/core/core.egg-info/entry_points.txt
writing requirements to ../../build/core/core.egg-info/requires.txt
writing top-level names to ../../build/core/core.egg-info/top_level.txt
writing manifest file '../../build/core/core.egg-info/SOURCES.txt'
reading manifest file '../../build/core/core.egg-info/SOURCES.txt'
writing manifest file '../../build/core/core.egg-info/SOURCES.txt'
running build
running build_py
creating /home/open/work/build/core/build
creating /home/open/work/build/core/build/lib
creating /home/open/work/build/core/build/lib/core
copying core/core.py -> /home/open/work/build/core/build/lib/core
copying core/__init__.py -> /home/open/work/build/core/build/lib/core
running install
running install_lib
creating /home/open/work/install/core/lib/python3.10/site-packages/core
copying /home/open/work/build/core/build/lib/core/core.py -> /home/open/work/install/core/lib/python3.10/site-packages/core
copying /home/open/work/build/core/build/lib/core/__init__.py -> /home/open/work/install/core/lib/python3.10/site-packages/core
byte-compiling /home/open/work/install/core/lib/python3.10/site-packages/core/core.py to core.cpython-310.pyc
byte-compiling /home/open/work/install/core/lib/python3.10/site-packages/core/__init__.py to __init__.cpython-310.pyc
running install_data
creating /home/open/work/install/core/share/ament_index
creating /home/open/work/install/core/share/ament_index/resource_index
creating /home/open/work/install/core/share/ament_index/resource_index/packages
copying resource/core -> /home/open/work/install/core/share/ament_index/resource_index/packages
copying package.xml -> /home/open/work/install/core/share/core
creating /home/open/work/install/core/share/core/launch
running install_egg_info
Copying ../../build/core/core.egg-info to /home/open/work/install/core/lib/python3.10/site-packages/core-0.0.0-py3.10.egg-info
running install_scripts
Installing core script to /home/open/work/install/core/lib/core
writing list of installed files to '/home/open/work/build/core/install.log'
