[1.970s] Invoking command in '/home/open/work/src/core': PYTHONPATH=/home/open/work/build/core/prefix_override:/home/open/work/install/core/lib/python3.10/site-packages:${PYTHONPATH} /usr/bin/python3 -W ignore:setup.py install is deprecated setup.py egg_info --egg-base ../../build/core build --build-base /home/open/work/build/core/build install --record /home/open/work/build/core/install.log --single-version-externally-managed install_data
[2.274s] running egg_info
[2.275s] creating ../../build/core/core.egg-info
[2.276s] writing ../../build/core/core.egg-info/PKG-INFO
[2.276s] writing dependency_links to ../../build/core/core.egg-info/dependency_links.txt
[2.276s] writing entry points to ../../build/core/core.egg-info/entry_points.txt
[2.276s] writing requirements to ../../build/core/core.egg-info/requires.txt
[2.276s] writing top-level names to ../../build/core/core.egg-info/top_level.txt
[2.277s] writing manifest file '../../build/core/core.egg-info/SOURCES.txt'
[2.279s] reading manifest file '../../build/core/core.egg-info/SOURCES.txt'
[2.280s] writing manifest file '../../build/core/core.egg-info/SOURCES.txt'
[2.280s] running build
[2.280s] running build_py
[2.281s] creating /home/open/work/build/core/build
[2.281s] creating /home/open/work/build/core/build/lib
[2.281s] creating /home/open/work/build/core/build/lib/core
[2.281s] copying core/core.py -> /home/open/work/build/core/build/lib/core
[2.283s] copying core/__init__.py -> /home/open/work/build/core/build/lib/core
[2.283s] running install
[2.284s] running install_lib
[2.285s] creating /home/open/work/install/core/lib/python3.10/site-packages/core
[2.285s] copying /home/open/work/build/core/build/lib/core/core.py -> /home/open/work/install/core/lib/python3.10/site-packages/core
[2.285s] copying /home/open/work/build/core/build/lib/core/__init__.py -> /home/open/work/install/core/lib/python3.10/site-packages/core
[2.286s] byte-compiling /home/open/work/install/core/lib/python3.10/site-packages/core/core.py to core.cpython-310.pyc
[2.288s] byte-compiling /home/open/work/install/core/lib/python3.10/site-packages/core/__init__.py to __init__.cpython-310.pyc
[2.288s] running install_data
[2.288s] creating /home/open/work/install/core/share/ament_index
[2.288s] creating /home/open/work/install/core/share/ament_index/resource_index
[2.288s] creating /home/open/work/install/core/share/ament_index/resource_index/packages
[2.288s] copying resource/core -> /home/open/work/install/core/share/ament_index/resource_index/packages
[2.289s] copying package.xml -> /home/open/work/install/core/share/core
[2.289s] creating /home/open/work/install/core/share/core/launch
[2.289s] running install_egg_info
[2.301s] Copying ../../build/core/core.egg-info to /home/open/work/install/core/lib/python3.10/site-packages/core-0.0.0-py3.10.egg-info
[2.301s] running install_scripts
[2.321s] Installing core script to /home/open/work/install/core/lib/core
[2.321s] writing list of installed files to '/home/open/work/build/core/install.log'
[2.419s] Invoked command in '/home/open/work/src/core' returned '0': PYTHONPATH=/home/open/work/build/core/prefix_override:/home/open/work/install/core/lib/python3.10/site-packages:${PYTHONPATH} /usr/bin/python3 -W ignore:setup.py install is deprecated setup.py egg_info --egg-base ../../build/core build --build-base /home/open/work/build/core/build install --record /home/open/work/build/core/install.log --single-version-externally-managed install_data
