[2.062s] Invoking command in '/home/open/work/src/detect/object_detection': PYTHONPATH=/home/open/work/build/object_detection/prefix_override:/home/open/work/install/object_detection/lib/python3.10/site-packages:${PYTHONPATH} /usr/bin/python3 -W ignore:setup.py install is deprecated setup.py egg_info --egg-base ../../../build/object_detection build --build-base /home/open/work/build/object_detection/build install --record /home/open/work/build/object_detection/install.log --single-version-externally-managed install_data
[2.349s] running egg_info
[2.350s] writing ../../../build/object_detection/object_detection.egg-info/PKG-INFO
[2.350s] writing dependency_links to ../../../build/object_detection/object_detection.egg-info/dependency_links.txt
[2.350s] writing entry points to ../../../build/object_detection/object_detection.egg-info/entry_points.txt
[2.350s] writing requirements to ../../../build/object_detection/object_detection.egg-info/requires.txt
[2.351s] writing top-level names to ../../../build/object_detection/object_detection.egg-info/top_level.txt
[2.352s] reading manifest file '../../../build/object_detection/object_detection.egg-info/SOURCES.txt'
[2.352s] writing manifest file '../../../build/object_detection/object_detection.egg-info/SOURCES.txt'
[2.352s] running build
[2.352s] running build_py
[2.353s] running install
[2.353s] running install_lib
[2.353s] running install_data
[2.354s] running install_egg_info
[2.355s] removing '/home/open/work/install/object_detection/lib/python3.10/site-packages/object_detection-0.0.0-py3.10.egg-info' (and everything under it)
[2.355s] Copying ../../../build/object_detection/object_detection.egg-info to /home/open/work/install/object_detection/lib/python3.10/site-packages/object_detection-0.0.0-py3.10.egg-info
[2.356s] running install_scripts
[2.370s] Installing object_detection script to /home/open/work/install/object_detection/lib/object_detection
[2.370s] writing list of installed files to '/home/open/work/build/object_detection/install.log'
[2.391s] Invoked command in '/home/open/work/src/detect/object_detection' returned '0': PYTHONPATH=/home/open/work/build/object_detection/prefix_override:/home/open/work/install/object_detection/lib/python3.10/site-packages:${PYTHONPATH} /usr/bin/python3 -W ignore:setup.py install is deprecated setup.py egg_info --egg-base ../../../build/object_detection build --build-base /home/open/work/build/object_detection/build install --record /home/open/work/build/object_detection/install.log --single-version-externally-managed install_data
