[1.677s] Invoking command in '/home/open/work/src/lider_sub': PYTHONPATH=/home/open/work/build/lider_sub/prefix_override:/home/open/work/install/lider_sub/lib/python3.10/site-packages:${PYTHONPATH} /usr/bin/python3 -W ignore:setup.py install is deprecated setup.py egg_info --egg-base ../../build/lider_sub build --build-base /home/open/work/build/lider_sub/build install --record /home/open/work/build/lider_sub/install.log --single-version-externally-managed install_data
[1.976s] running egg_info
[1.977s] writing ../../build/lider_sub/lider_sub.egg-info/PKG-INFO
[1.977s] writing dependency_links to ../../build/lider_sub/lider_sub.egg-info/dependency_links.txt
[1.977s] writing entry points to ../../build/lider_sub/lider_sub.egg-info/entry_points.txt
[1.977s] writing requirements to ../../build/lider_sub/lider_sub.egg-info/requires.txt
[1.977s] writing top-level names to ../../build/lider_sub/lider_sub.egg-info/top_level.txt
[1.979s] reading manifest file '../../build/lider_sub/lider_sub.egg-info/SOURCES.txt'
[1.980s] writing manifest file '../../build/lider_sub/lider_sub.egg-info/SOURCES.txt'
[1.980s] running build
[1.980s] running build_py
[1.980s] running install
[1.981s] running install_lib
[1.982s] running install_data
[1.982s] running install_egg_info
[1.984s] removing '/home/open/work/install/lider_sub/lib/python3.10/site-packages/lider_sub-0.0.0-py3.10.egg-info' (and everything under it)
[1.984s] Copying ../../build/lider_sub/lider_sub.egg-info to /home/open/work/install/lider_sub/lib/python3.10/site-packages/lider_sub-0.0.0-py3.10.egg-info
[1.985s] running install_scripts
[2.008s] Installing lider_sub script to /home/open/work/install/lider_sub/lib/lider_sub
[2.009s] writing list of installed files to '/home/open/work/build/lider_sub/install.log'
[2.036s] Invoked command in '/home/open/work/src/lider_sub' returned '0': PYTHONPATH=/home/open/work/build/lider_sub/prefix_override:/home/open/work/install/lider_sub/lib/python3.10/site-packages:${PYTHONPATH} /usr/bin/python3 -W ignore:setup.py install is deprecated setup.py egg_info --egg-base ../../build/lider_sub build --build-base /home/open/work/build/lider_sub/build install --record /home/open/work/build/lider_sub/install.log --single-version-externally-managed install_data
