[4.468s] Invoking command in '/home/open/work/src/lider_sub': PYTHONPATH=/home/open/work/build/lider_sub/prefix_override:/home/open/work/install/lider_sub/lib/python3.10/site-packages:${PYTHONPATH} /usr/bin/python3 -W ignore:setup.py install is deprecated setup.py egg_info --egg-base ../../build/lider_sub build --build-base /home/open/work/build/lider_sub/build install --record /home/open/work/build/lider_sub/install.log --single-version-externally-managed install_data
[4.970s] running egg_info
[4.971s] writing ../../build/lider_sub/lider_sub.egg-info/PKG-INFO
[4.971s] writing dependency_links to ../../build/lider_sub/lider_sub.egg-info/dependency_links.txt
[4.972s] writing entry points to ../../build/lider_sub/lider_sub.egg-info/entry_points.txt
[4.972s] writing requirements to ../../build/lider_sub/lider_sub.egg-info/requires.txt
[4.972s] writing top-level names to ../../build/lider_sub/lider_sub.egg-info/top_level.txt
[4.976s] reading manifest file '../../build/lider_sub/lider_sub.egg-info/SOURCES.txt'
[4.978s] writing manifest file '../../build/lider_sub/lider_sub.egg-info/SOURCES.txt'
[4.979s] running build
[4.979s] running build_py
[4.979s] running install
[4.980s] running install_lib
[4.982s] running install_data
[4.982s] running install_egg_info
[4.986s] removing '/home/open/work/install/lider_sub/lib/python3.10/site-packages/lider_sub-0.0.0-py3.10.egg-info' (and everything under it)
[4.986s] Copying ../../build/lider_sub/lider_sub.egg-info to /home/open/work/install/lider_sub/lib/python3.10/site-packages/lider_sub-0.0.0-py3.10.egg-info
[4.988s] running install_scripts
[5.027s] Installing lider_sub script to /home/open/work/install/lider_sub/lib/lider_sub
[5.028s] writing list of installed files to '/home/open/work/build/lider_sub/install.log'
[5.069s] Invoked command in '/home/open/work/src/lider_sub' returned '0': PYTHONPATH=/home/open/work/build/lider_sub/prefix_override:/home/open/work/install/lider_sub/lib/python3.10/site-packages:${PYTHONPATH} /usr/bin/python3 -W ignore:setup.py install is deprecated setup.py egg_info --egg-base ../../build/lider_sub build --build-base /home/open/work/build/lider_sub/build install --record /home/open/work/build/lider_sub/install.log --single-version-externally-managed install_data
