[1.812s] Invoking command in '/home/open/work/src/lider_sub': PYTHONPATH=/home/open/work/build/lider_sub/prefix_override:/home/open/work/install/lider_sub/lib/python3.10/site-packages:${PYTHONPATH} /usr/bin/python3 -W ignore:setup.py install is deprecated setup.py egg_info --egg-base ../../build/lider_sub build --build-base /home/open/work/build/lider_sub/build install --record /home/open/work/build/lider_sub/install.log --single-version-externally-managed install_data
[2.021s] running egg_info
[2.022s] writing ../../build/lider_sub/lider_sub.egg-info/PKG-INFO
[2.022s] writing dependency_links to ../../build/lider_sub/lider_sub.egg-info/dependency_links.txt
[2.022s] writing entry points to ../../build/lider_sub/lider_sub.egg-info/entry_points.txt
[2.022s] writing requirements to ../../build/lider_sub/lider_sub.egg-info/requires.txt
[2.022s] writing top-level names to ../../build/lider_sub/lider_sub.egg-info/top_level.txt
[2.023s] reading manifest file '../../build/lider_sub/lider_sub.egg-info/SOURCES.txt'
[2.024s] writing manifest file '../../build/lider_sub/lider_sub.egg-info/SOURCES.txt'
[2.024s] running build
[2.024s] running build_py
[2.024s] running install
[2.024s] running install_lib
[2.025s] running install_data
[2.025s] running install_egg_info
[2.026s] removing '/home/open/work/install/lider_sub/lib/python3.10/site-packages/lider_sub-0.0.0-py3.10.egg-info' (and everything under it)
[2.026s] Copying ../../build/lider_sub/lider_sub.egg-info to /home/open/work/install/lider_sub/lib/python3.10/site-packages/lider_sub-0.0.0-py3.10.egg-info
[2.027s] running install_scripts
[2.040s] Installing lider_sub script to /home/open/work/install/lider_sub/lib/lider_sub
[2.040s] writing list of installed files to '/home/open/work/build/lider_sub/install.log'
[2.055s] Invoked command in '/home/open/work/src/lider_sub' returned '0': PYTHONPATH=/home/open/work/build/lider_sub/prefix_override:/home/open/work/install/lider_sub/lib/python3.10/site-packages:${PYTHONPATH} /usr/bin/python3 -W ignore:setup.py install is deprecated setup.py egg_info --egg-base ../../build/lider_sub build --build-base /home/open/work/build/lider_sub/build install --record /home/open/work/build/lider_sub/install.log --single-version-externally-managed install_data
