/home/open/work/install/control_motor/lib/python3.10/site-packages/control_motor/control_dual_xl.py
/home/open/work/install/control_motor/lib/python3.10/site-packages/control_motor/__init__.py
/home/open/work/install/control_motor/lib/python3.10/site-packages/control_motor/Twist2Speed.py
/home/open/work/install/control_motor/lib/python3.10/site-packages/control_motor/control_dual_xm.py
/home/open/work/install/control_motor/lib/python3.10/site-packages/control_motor/__pycache__/control_dual_xl.cpython-310.pyc
/home/open/work/install/control_motor/lib/python3.10/site-packages/control_motor/__pycache__/__init__.cpython-310.pyc
/home/open/work/install/control_motor/lib/python3.10/site-packages/control_motor/__pycache__/Twist2Speed.cpython-310.pyc
/home/open/work/install/control_motor/lib/python3.10/site-packages/control_motor/__pycache__/control_dual_xm.cpython-310.pyc
/home/open/work/install/control_motor/share/ament_index/resource_index/packages/control_motor
/home/open/work/install/control_motor/share/control_motor/package.xml
/home/open/work/install/control_motor/share/control_motor/launch/control_dual_xm_launch.py
/home/open/work/install/control_motor/share/control_motor/launch/control_dual_xl_launch.py
/home/open/work/install/control_motor/share/control_motor/config
/home/open/work/install/control_motor/lib/python3.10/site-packages/control_motor-0.0.0-py3.10.egg-info/requires.txt
/home/open/work/install/control_motor/lib/python3.10/site-packages/control_motor-0.0.0-py3.10.egg-info/zip-safe
/home/open/work/install/control_motor/lib/python3.10/site-packages/control_motor-0.0.0-py3.10.egg-info/PKG-INFO
/home/open/work/install/control_motor/lib/python3.10/site-packages/control_motor-0.0.0-py3.10.egg-info/entry_points.txt
/home/open/work/install/control_motor/lib/python3.10/site-packages/control_motor-0.0.0-py3.10.egg-info/top_level.txt
/home/open/work/install/control_motor/lib/python3.10/site-packages/control_motor-0.0.0-py3.10.egg-info/dependency_links.txt
/home/open/work/install/control_motor/lib/python3.10/site-packages/control_motor-0.0.0-py3.10.egg-info/SOURCES.txt
/home/open/work/install/control_motor/lib/control_motor/Twist2Speed
/home/open/work/install/control_motor/lib/control_motor/control_dual_xl
/home/open/work/install/control_motor/lib/control_motor/control_dual_xm
