Traceback (most recent call last):
  File "/home/open/work/src/DynamixelSDK/control_motor/setup.py", line 1, in <module>
    from setuptools import find_packages, setup
  File "/usr/local/lib/python3.10/dist-packages/setuptools/__init__.py", line 16, in <module>
    import setuptools.version
  File "/usr/local/lib/python3.10/dist-packages/setuptools/version.py", line 1, in <module>
    import pkg_resources
  File "/usr/local/lib/python3.10/dist-packages/pkg_resources/__init__.py", line 3243, in <module>
    def _initialize_master_working_set():
  File "/usr/local/lib/python3.10/dist-packages/pkg_resources/__init__.py", line 3226, in _call_aside
    f(*args, **kwargs)
  File "/usr/local/lib/python3.10/dist-packages/pkg_resources/__init__.py", line 3255, in _initialize_master_working_set
    working_set = WorkingSet._build_master()
  File "/usr/local/lib/python3.10/dist-packages/pkg_resources/__init__.py", line 559, in _build_master
    ws = cls()
  File "/usr/local/lib/python3.10/dist-packages/pkg_resources/__init__.py", line 552, in __init__
    self.add_entry(entry)
  File "/usr/local/lib/python3.10/dist-packages/pkg_resources/__init__.py", line 608, in add_entry
    for dist in find_distributions(entry, True):
  File "/usr/local/lib/python3.10/dist-packages/pkg_resources/__init__.py", line 2063, in find_on_path
    for dist in factory(fullpath):
  File "/usr/local/lib/python3.10/dist-packages/pkg_resources/__init__.py", line 2121, in distributions_from_metadata
    if len(os.listdir(path)) == 0:
FileNotFoundError: [Errno 2] No such file or directory: '/home/open/work/install/detect_lane/lib/python3.10/site-packages/detect_lane-0.0.0-py3.10.egg-info'
