[1.771s] Invoking command in '/home/open/work/src/DynamixelSDK/control_motor': PYTHONPATH=/home/open/work/build/control_motor/prefix_override:/home/open/work/install/control_motor/lib/python3.10/site-packages:${PYTHONPATH} /usr/bin/python3 -W ignore:setup.py install is deprecated setup.py egg_info --egg-base ../../../build/control_motor build --build-base /home/open/work/build/control_motor/build install --record /home/open/work/build/control_motor/install.log --single-version-externally-managed install_data
[1.842s] Traceback (most recent call last):
[1.843s]   File "/home/open/work/src/DynamixelSDK/control_motor/setup.py", line 1, in <module>
[1.843s]     from setuptools import find_packages, setup
[1.843s]   File "/usr/local/lib/python3.10/dist-packages/setuptools/__init__.py", line 16, in <module>
[1.843s]     import setuptools.version
[1.843s]   File "/usr/local/lib/python3.10/dist-packages/setuptools/version.py", line 1, in <module>
[1.843s]     import pkg_resources
[1.843s]   File "/usr/local/lib/python3.10/dist-packages/pkg_resources/__init__.py", line 3243, in <module>
[1.844s]     def _initialize_master_working_set():
[1.844s]   File "/usr/local/lib/python3.10/dist-packages/pkg_resources/__init__.py", line 3226, in _call_aside
[1.844s]     f(*args, **kwargs)
[1.844s]   File "/usr/local/lib/python3.10/dist-packages/pkg_resources/__init__.py", line 3255, in _initialize_master_working_set
[1.844s]     working_set = WorkingSet._build_master()
[1.845s]   File "/usr/local/lib/python3.10/dist-packages/pkg_resources/__init__.py", line 559, in _build_master
[1.845s]     ws = cls()
[1.845s]   File "/usr/local/lib/python3.10/dist-packages/pkg_resources/__init__.py", line 552, in __init__
[1.845s]     self.add_entry(entry)
[1.845s]   File "/usr/local/lib/python3.10/dist-packages/pkg_resources/__init__.py", line 608, in add_entry
[1.845s]     for dist in find_distributions(entry, True):
[1.845s]   File "/usr/local/lib/python3.10/dist-packages/pkg_resources/__init__.py", line 2063, in find_on_path
[1.845s]     for dist in factory(fullpath):
[1.845s]   File "/usr/local/lib/python3.10/dist-packages/pkg_resources/__init__.py", line 2121, in distributions_from_metadata
[1.845s]     if len(os.listdir(path)) == 0:
[1.845s] FileNotFoundError: [Errno 2] No such file or directory: '/home/open/work/install/detect_lane/lib/python3.10/site-packages/detect_lane-0.0.0-py3.10.egg-info'
[1.856s] Invoked command in '/home/open/work/src/DynamixelSDK/control_motor' returned '1': PYTHONPATH=/home/open/work/build/control_motor/prefix_override:/home/open/work/install/control_motor/lib/python3.10/site-packages:${PYTHONPATH} /usr/bin/python3 -W ignore:setup.py install is deprecated setup.py egg_info --egg-base ../../../build/control_motor build --build-base /home/open/work/build/control_motor/build install --record /home/open/work/build/control_motor/install.log --single-version-externally-managed install_data
