[1.925s] Invoking command in '/home/open/work/src/lider_sub': PYTHONPATH=/home/open/work/build/lider_sub/prefix_override:/home/open/work/install/lider_sub/lib/python3.10/site-packages:${PYTHONPATH} /usr/bin/python3 -W ignore:setup.py install is deprecated setup.py egg_info --egg-base ../../build/lider_sub build --build-base /home/open/work/build/lider_sub/build install --record /home/open/work/build/lider_sub/install.log --single-version-externally-managed install_data
[2.149s] running egg_info
[2.149s] writing ../../build/lider_sub/lider_sub.egg-info/PKG-INFO
[2.150s] writing dependency_links to ../../build/lider_sub/lider_sub.egg-info/dependency_links.txt
[2.150s] writing entry points to ../../build/lider_sub/lider_sub.egg-info/entry_points.txt
[2.150s] writing requirements to ../../build/lider_sub/lider_sub.egg-info/requires.txt
[2.150s] writing top-level names to ../../build/lider_sub/lider_sub.egg-info/top_level.txt
[2.151s] reading manifest file '../../build/lider_sub/lider_sub.egg-info/SOURCES.txt'
[2.151s] writing manifest file '../../build/lider_sub/lider_sub.egg-info/SOURCES.txt'
[2.152s] running build
[2.152s] running build_py
[2.152s] running install
[2.152s] running install_lib
[2.152s] running install_data
[2.153s] running install_egg_info
[2.154s] removing '/home/open/work/install/lider_sub/lib/python3.10/site-packages/lider_sub-0.0.0-py3.10.egg-info' (and everything under it)
[2.154s] Copying ../../build/lider_sub/lider_sub.egg-info to /home/open/work/install/lider_sub/lib/python3.10/site-packages/lider_sub-0.0.0-py3.10.egg-info
[2.154s] running install_scripts
[2.167s] Installing lider_sub script to /home/open/work/install/lider_sub/lib/lider_sub
[2.167s] writing list of installed files to '/home/open/work/build/lider_sub/install.log'
[2.185s] Invoked command in '/home/open/work/src/lider_sub' returned '0': PYTHONPATH=/home/open/work/build/lider_sub/prefix_override:/home/open/work/install/lider_sub/lib/python3.10/site-packages:${PYTHONPATH} /usr/bin/python3 -W ignore:setup.py install is deprecated setup.py egg_info --egg-base ../../build/lider_sub build --build-base /home/open/work/build/lider_sub/build install --record /home/open/work/build/lider_sub/install.log --single-version-externally-managed install_data
