[1.765s] Invoking command in '/home/open/work/src/camera': PYTHONPATH=/home/open/work/build/camera/prefix_override:/home/open/work/install/camera/lib/python3.10/site-packages:${PYTHONPATH} /usr/bin/python3 -W ignore:setup.py install is deprecated setup.py egg_info --egg-base ../../build/camera build --build-base /home/open/work/build/camera/build install --record /home/open/work/build/camera/install.log --single-version-externally-managed install_data
[2.011s] running egg_info
[2.011s] writing ../../build/camera/camera.egg-info/PKG-INFO
[2.011s] writing dependency_links to ../../build/camera/camera.egg-info/dependency_links.txt
[2.012s] writing entry points to ../../build/camera/camera.egg-info/entry_points.txt
[2.012s] writing requirements to ../../build/camera/camera.egg-info/requires.txt
[2.012s] writing top-level names to ../../build/camera/camera.egg-info/top_level.txt
[2.013s] reading manifest file '../../build/camera/camera.egg-info/SOURCES.txt'
[2.013s] writing manifest file '../../build/camera/camera.egg-info/SOURCES.txt'
[2.013s] running build
[2.013s] running build_py
[2.014s] running install
[2.014s] running install_lib
[2.015s] running install_data
[2.015s] running install_egg_info
[2.016s] removing '/home/open/work/install/camera/lib/python3.10/site-packages/camera-0.0.0-py3.10.egg-info' (and everything under it)
[2.016s] Copying ../../build/camera/camera.egg-info to /home/open/work/install/camera/lib/python3.10/site-packages/camera-0.0.0-py3.10.egg-info
[2.016s] running install_scripts
[2.029s] Installing H65_camera script to /home/open/work/install/camera/lib/camera
[2.029s] Installing camera script to /home/open/work/install/camera/lib/camera
[2.029s] writing list of installed files to '/home/open/work/build/camera/install.log'
[2.044s] Invoked command in '/home/open/work/src/camera' returned '0': PYTHONPATH=/home/open/work/build/camera/prefix_override:/home/open/work/install/camera/lib/python3.10/site-packages:${PYTHONPATH} /usr/bin/python3 -W ignore:setup.py install is deprecated setup.py egg_info --egg-base ../../build/camera build --build-base /home/open/work/build/camera/build install --record /home/open/work/build/camera/install.log --single-version-externally-managed install_data
