[1.771s] Invoking command in '/home/open/work/src/core': PYTHONPATH=/home/open/work/build/core/prefix_override:/home/open/work/install/core/lib/python3.10/site-packages:${PYTHONPATH} /usr/bin/python3 -W ignore:setup.py install is deprecated setup.py egg_info --egg-base ../../build/core build --build-base /home/open/work/build/core/build install --record /home/open/work/build/core/install.log --single-version-externally-managed install_data
[1.986s] running egg_info
[1.987s] writing ../../build/core/core.egg-info/PKG-INFO
[1.987s] writing dependency_links to ../../build/core/core.egg-info/dependency_links.txt
[1.987s] writing entry points to ../../build/core/core.egg-info/entry_points.txt
[1.987s] writing requirements to ../../build/core/core.egg-info/requires.txt
[1.987s] writing top-level names to ../../build/core/core.egg-info/top_level.txt
[1.989s] reading manifest file '../../build/core/core.egg-info/SOURCES.txt'
[1.989s] writing manifest file '../../build/core/core.egg-info/SOURCES.txt'
[1.990s] running build
[1.990s] running build_py
[1.990s] running install
[1.990s] running install_lib
[1.991s] running install_data
[1.991s] running install_egg_info
[1.993s] removing '/home/open/work/install/core/lib/python3.10/site-packages/core-0.0.0-py3.10.egg-info' (and everything under it)
[1.993s] Copying ../../build/core/core.egg-info to /home/open/work/install/core/lib/python3.10/site-packages/core-0.0.0-py3.10.egg-info
[1.994s] running install_scripts
[2.011s] Installing core script to /home/open/work/install/core/lib/core
[2.011s] writing list of installed files to '/home/open/work/build/core/install.log'
[2.035s] Invoked command in '/home/open/work/src/core' returned '0': PYTHONPATH=/home/open/work/build/core/prefix_override:/home/open/work/install/core/lib/python3.10/site-packages:${PYTHONPATH} /usr/bin/python3 -W ignore:setup.py install is deprecated setup.py egg_info --egg-base ../../build/core build --build-base /home/open/work/build/core/build install --record /home/open/work/build/core/install.log --single-version-externally-managed install_data
