running egg_info
writing ../../build/red/red.egg-info/PKG-INFO
writing dependency_links to ../../build/red/red.egg-info/dependency_links.txt
writing entry points to ../../build/red/red.egg-info/entry_points.txt
writing requirements to ../../build/red/red.egg-info/requires.txt
writing top-level names to ../../build/red/red.egg-info/top_level.txt
reading manifest file '../../build/red/red.egg-info/SOURCES.txt'
writing manifest file '../../build/red/red.egg-info/SOURCES.txt'
running build
running build_py
copying red/camera_red_green_light.py -> /home/open/work/build/red/build/lib/red
running install
running install_lib
copying /home/open/work/build/red/build/lib/red/camera_red_green_light.py -> /home/open/work/install/red/lib/python3.10/site-packages/red
byte-compiling /home/open/work/install/red/lib/python3.10/site-packages/red/camera_red_green_light.py to camera_red_green_light.cpython-310.pyc
running install_data
running install_egg_info
removing '/home/open/work/install/red/lib/python3.10/site-packages/red-0.0.0-py3.10.egg-info' (and everything under it)
Copying ../../build/red/red.egg-info to /home/open/work/install/red/lib/python3.10/site-packages/red-0.0.0-py3.10.egg-info
running install_scripts
Installing red script to /home/open/work/install/red/lib/red
writing list of installed files to '/home/open/work/build/red/install.log'
