[2.052s] Invoking command in '/home/open/work/src/camera': PYTHONPATH=/home/open/work/build/camera/prefix_override:/home/open/work/install/camera/lib/python3.10/site-packages:${PYTHONPATH} /usr/bin/python3 -W ignore:setup.py install is deprecated setup.py egg_info --egg-base ../../build/camera build --build-base /home/open/work/build/camera/build install --record /home/open/work/build/camera/install.log --single-version-externally-managed install_data
[2.283s] running egg_info
[2.284s] writing ../../build/camera/camera.egg-info/PKG-INFO
[2.284s] writing dependency_links to ../../build/camera/camera.egg-info/dependency_links.txt
[2.284s] writing entry points to ../../build/camera/camera.egg-info/entry_points.txt
[2.284s] writing requirements to ../../build/camera/camera.egg-info/requires.txt
[2.284s] writing top-level names to ../../build/camera/camera.egg-info/top_level.txt
[2.285s] reading manifest file '../../build/camera/camera.egg-info/SOURCES.txt'
[2.286s] writing manifest file '../../build/camera/camera.egg-info/SOURCES.txt'
[2.286s] running build
[2.286s] running build_py
[2.286s] running install
[2.286s] running install_lib
[2.287s] running install_data
[2.287s] running install_egg_info
[2.288s] removing '/home/open/work/install/camera/lib/python3.10/site-packages/camera-0.0.0-py3.10.egg-info' (and everything under it)
[2.289s] Copying ../../build/camera/camera.egg-info to /home/open/work/install/camera/lib/python3.10/site-packages/camera-0.0.0-py3.10.egg-info
[2.289s] running install_scripts
[2.304s] Installing H65_camera script to /home/open/work/install/camera/lib/camera
[2.304s] Installing camera script to /home/open/work/install/camera/lib/camera
[2.304s] writing list of installed files to '/home/open/work/build/camera/install.log'
