[0.007s] Invoking command in '/home/open/work/build/dynamixel_sdk_examples': AMENT_PREFIX_PATH=/home/open/work/install/dynamixel_sdk_custom_interfaces:/home/open/work/install/dynamixel_sdk:${AMENT_PREFIX_PATH} CMAKE_PREFIX_PATH=/home/open/work/install/dynamixel_sdk_custom_interfaces:/home/open/work/install/dynamixel_sdk:/opt/ros/humble LD_LIBRARY_PATH=/home/open/work/install/dynamixel_sdk_custom_interfaces/lib:/home/open/work/install/dynamixel_sdk/lib:${LD_LIBRARY_PATH} PYTHONPATH=/home/open/work/install/dynamixel_sdk_custom_interfaces/local/lib/python3.10/dist-packages:${PYTHONPATH} /usr/bin/cmake /home/open/work/src/DynamixelSDK/dynamixel_sdk_examples -DCMAKE_INSTALL_PREFIX=/home/open/work/install/dynamixel_sdk_examples
[0.046s] -- The C compiler identification is GNU 11.4.0
[0.084s] -- The CXX compiler identification is GNU 11.4.0
[0.089s] -- Detecting C compiler ABI info
[0.140s] -- Detecting C compiler ABI info - done
[0.145s] -- Check for working C compiler: /usr/bin/cc - skipped
[0.145s] -- Detecting C compile features
[0.145s] -- Detecting C compile features - done
[0.147s] -- Detecting CXX compiler ABI info
[0.205s] -- Detecting CXX compiler ABI info - done
[0.210s] -- Check for working CXX compiler: /usr/bin/c++ - skipped
[0.210s] -- Detecting CXX compile features
[0.210s] -- Detecting CXX compile features - done
[0.212s] -- Found ament_cmake: 1.3.8 (/opt/ros/humble/share/ament_cmake/cmake)
[0.319s] -- Found Python3: /usr/bin/python3 (found version "3.10.12") found components: Interpreter 
[0.379s] -- Found dynamixel_sdk: 3.7.60 (/home/open/work/install/dynamixel_sdk/share/dynamixel_sdk/cmake)
[0.379s] -- Found dynamixel_sdk_custom_interfaces: 3.7.60 (/home/open/work/install/dynamixel_sdk_custom_interfaces/share/dynamixel_sdk_custom_interfaces/cmake)
[0.405s] -- Found rosidl_generator_c: 3.1.5 (/opt/ros/humble/share/rosidl_generator_c/cmake)
[0.409s] -- Found rosidl_adapter: 3.1.5 (/opt/ros/humble/share/rosidl_adapter/cmake)
[0.416s] -- Found rosidl_generator_cpp: 3.1.5 (/opt/ros/humble/share/rosidl_generator_cpp/cmake)
[0.427s] -- Using all available rosidl_typesupport_c: rosidl_typesupport_fastrtps_c;rosidl_typesupport_introspection_c
[0.442s] -- Using all available rosidl_typesupport_cpp: rosidl_typesupport_fastrtps_cpp;rosidl_typesupport_introspection_cpp
[0.488s] -- Found rclcpp: 16.0.8 (/opt/ros/humble/share/rclcpp/cmake)
[0.534s] -- Found rmw_implementation_cmake: 6.1.1 (/opt/ros/humble/share/rmw_implementation_cmake/cmake)
[0.536s] -- Found rmw_cyclonedds_cpp: 1.3.4 (/opt/ros/humble/share/rmw_cyclonedds_cpp/cmake)
[0.562s] -- Using RMW implementation 'rmw_cyclonedds_cpp' as default
[0.569s] -- Looking for pthread.h
[0.621s] -- Looking for pthread.h - found
[0.622s] -- Performing Test CMAKE_HAVE_LIBC_PTHREAD
[0.673s] -- Performing Test CMAKE_HAVE_LIBC_PTHREAD - Success
[0.673s] -- Found Threads: TRUE  
[0.803s] -- Found ament_lint_auto: 0.12.10 (/opt/ros/humble/share/ament_lint_auto/cmake)
[0.859s] -- Added test 'copyright' to check source files copyright and LICENSE
[0.860s] -- Added test 'cppcheck' to perform static code analysis on C / C++ code
[0.860s] -- Configured cppcheck include dirs: /home/open/work/src/DynamixelSDK/dynamixel_sdk_examples/include
[0.861s] -- Configured cppcheck exclude dirs and/or files: 
[0.861s] -- Added test 'cpplint' to check C / C++ code against the Google style
[0.861s] -- Configured cpplint exclude dirs and/or files: 
[0.862s] -- Added test 'lint_cmake' to check CMake code style
[0.862s] -- Added test 'uncrustify' to check C / C++ code style
[0.862s] -- Configured uncrustify additional arguments: 
[0.863s] -- Added test 'xmllint' to check XML markup files
[0.863s] -- Configuring done
[0.870s] -- Generating done
[0.871s] -- Build files have been written to: /home/open/work/build/dynamixel_sdk_examples
[0.878s] Invoked command in '/home/open/work/build/dynamixel_sdk_examples' returned '0': AMENT_PREFIX_PATH=/home/open/work/install/dynamixel_sdk_custom_interfaces:/home/open/work/install/dynamixel_sdk:${AMENT_PREFIX_PATH} CMAKE_PREFIX_PATH=/home/open/work/install/dynamixel_sdk_custom_interfaces:/home/open/work/install/dynamixel_sdk:/opt/ros/humble LD_LIBRARY_PATH=/home/open/work/install/dynamixel_sdk_custom_interfaces/lib:/home/open/work/install/dynamixel_sdk/lib:${LD_LIBRARY_PATH} PYTHONPATH=/home/open/work/install/dynamixel_sdk_custom_interfaces/local/lib/python3.10/dist-packages:${PYTHONPATH} /usr/bin/cmake /home/open/work/src/DynamixelSDK/dynamixel_sdk_examples -DCMAKE_INSTALL_PREFIX=/home/open/work/install/dynamixel_sdk_examples
[0.879s] Invoking command in '/home/open/work/build/dynamixel_sdk_examples': AMENT_PREFIX_PATH=/home/open/work/install/dynamixel_sdk_custom_interfaces:/home/open/work/install/dynamixel_sdk:${AMENT_PREFIX_PATH} CMAKE_PREFIX_PATH=/home/open/work/install/dynamixel_sdk_custom_interfaces:/home/open/work/install/dynamixel_sdk:/opt/ros/humble LD_LIBRARY_PATH=/home/open/work/install/dynamixel_sdk_custom_interfaces/lib:/home/open/work/install/dynamixel_sdk/lib:${LD_LIBRARY_PATH} PYTHONPATH=/home/open/work/install/dynamixel_sdk_custom_interfaces/local/lib/python3.10/dist-packages:${PYTHONPATH} /usr/bin/cmake --build /home/open/work/build/dynamixel_sdk_examples -- -j16 -l16
[0.917s] [ 50%] [32mBuilding CXX object CMakeFiles/read_write_node.dir/src/read_write_node.cpp.o[0m
[6.959s] [100%] [32m[1mLinking CXX executable read_write_node[0m
[7.203s] [100%] Built target read_write_node
[7.211s] Invoked command in '/home/open/work/build/dynamixel_sdk_examples' returned '0': AMENT_PREFIX_PATH=/home/open/work/install/dynamixel_sdk_custom_interfaces:/home/open/work/install/dynamixel_sdk:${AMENT_PREFIX_PATH} CMAKE_PREFIX_PATH=/home/open/work/install/dynamixel_sdk_custom_interfaces:/home/open/work/install/dynamixel_sdk:/opt/ros/humble LD_LIBRARY_PATH=/home/open/work/install/dynamixel_sdk_custom_interfaces/lib:/home/open/work/install/dynamixel_sdk/lib:${LD_LIBRARY_PATH} PYTHONPATH=/home/open/work/install/dynamixel_sdk_custom_interfaces/local/lib/python3.10/dist-packages:${PYTHONPATH} /usr/bin/cmake --build /home/open/work/build/dynamixel_sdk_examples -- -j16 -l16
[7.229s] Invoking command in '/home/open/work/build/dynamixel_sdk_examples': AMENT_PREFIX_PATH=/home/open/work/install/dynamixel_sdk_custom_interfaces:/home/open/work/install/dynamixel_sdk:${AMENT_PREFIX_PATH} CMAKE_PREFIX_PATH=/home/open/work/install/dynamixel_sdk_custom_interfaces:/home/open/work/install/dynamixel_sdk:/opt/ros/humble LD_LIBRARY_PATH=/home/open/work/install/dynamixel_sdk_custom_interfaces/lib:/home/open/work/install/dynamixel_sdk/lib:${LD_LIBRARY_PATH} PYTHONPATH=/home/open/work/install/dynamixel_sdk_custom_interfaces/local/lib/python3.10/dist-packages:${PYTHONPATH} /usr/bin/cmake --install /home/open/work/build/dynamixel_sdk_examples
[7.235s] -- Install configuration: ""
[7.235s] -- Installing: /home/open/work/install/dynamixel_sdk_examples/lib/dynamixel_sdk_examples/read_write_node
[7.238s] -- Set runtime path of "/home/open/work/install/dynamixel_sdk_examples/lib/dynamixel_sdk_examples/read_write_node" to ""
[7.238s] -- Installing: /home/open/work/install/dynamixel_sdk_examples/share/ament_index/resource_index/package_run_dependencies/dynamixel_sdk_examples
[7.238s] -- Installing: /home/open/work/install/dynamixel_sdk_examples/share/ament_index/resource_index/parent_prefix_path/dynamixel_sdk_examples
[7.238s] -- Installing: /home/open/work/install/dynamixel_sdk_examples/share/dynamixel_sdk_examples/environment/ament_prefix_path.sh
[7.238s] -- Installing: /home/open/work/install/dynamixel_sdk_examples/share/dynamixel_sdk_examples/environment/ament_prefix_path.dsv
[7.238s] -- Installing: /home/open/work/install/dynamixel_sdk_examples/share/dynamixel_sdk_examples/environment/path.sh
[7.238s] -- Installing: /home/open/work/install/dynamixel_sdk_examples/share/dynamixel_sdk_examples/environment/path.dsv
[7.238s] -- Installing: /home/open/work/install/dynamixel_sdk_examples/share/dynamixel_sdk_examples/local_setup.bash
[7.238s] -- Installing: /home/open/work/install/dynamixel_sdk_examples/share/dynamixel_sdk_examples/local_setup.sh
[7.238s] -- Installing: /home/open/work/install/dynamixel_sdk_examples/share/dynamixel_sdk_examples/local_setup.zsh
[7.238s] -- Installing: /home/open/work/install/dynamixel_sdk_examples/share/dynamixel_sdk_examples/local_setup.dsv
[7.238s] -- Installing: /home/open/work/install/dynamixel_sdk_examples/share/dynamixel_sdk_examples/package.dsv
[7.238s] -- Installing: /home/open/work/install/dynamixel_sdk_examples/share/ament_index/resource_index/packages/dynamixel_sdk_examples
[7.238s] -- Installing: /home/open/work/install/dynamixel_sdk_examples/share/dynamixel_sdk_examples/cmake/dynamixel_sdk_examplesConfig.cmake
[7.238s] -- Installing: /home/open/work/install/dynamixel_sdk_examples/share/dynamixel_sdk_examples/cmake/dynamixel_sdk_examplesConfig-version.cmake
[7.238s] -- Installing: /home/open/work/install/dynamixel_sdk_examples/share/dynamixel_sdk_examples/package.xml
[7.240s] Invoked command in '/home/open/work/build/dynamixel_sdk_examples' returned '0': AMENT_PREFIX_PATH=/home/open/work/install/dynamixel_sdk_custom_interfaces:/home/open/work/install/dynamixel_sdk:${AMENT_PREFIX_PATH} CMAKE_PREFIX_PATH=/home/open/work/install/dynamixel_sdk_custom_interfaces:/home/open/work/install/dynamixel_sdk:/opt/ros/humble LD_LIBRARY_PATH=/home/open/work/install/dynamixel_sdk_custom_interfaces/lib:/home/open/work/install/dynamixel_sdk/lib:${LD_LIBRARY_PATH} PYTHONPATH=/home/open/work/install/dynamixel_sdk_custom_interfaces/local/lib/python3.10/dist-packages:${PYTHONPATH} /usr/bin/cmake --install /home/open/work/build/dynamixel_sdk_examples
