[1.799s] Invoking command in '/home/open/work/src/detect/detect_lane': PYTHONPATH=/home/open/work/build/detect_lane/prefix_override:/home/open/work/install/detect_lane/lib/python3.10/site-packages:${PYTHONPATH} /usr/bin/python3 -W ignore:setup.py install is deprecated setup.py egg_info --egg-base ../../../build/detect_lane build --build-base /home/open/work/build/detect_lane/build install --record /home/open/work/build/detect_lane/install.log --single-version-externally-managed install_data
[2.015s] running egg_info
[2.016s] writing ../../../build/detect_lane/detect_lane.egg-info/PKG-INFO
[2.016s] writing dependency_links to ../../../build/detect_lane/detect_lane.egg-info/dependency_links.txt
[2.017s] writing entry points to ../../../build/detect_lane/detect_lane.egg-info/entry_points.txt
[2.017s] writing requirements to ../../../build/detect_lane/detect_lane.egg-info/requires.txt
[2.017s] writing top-level names to ../../../build/detect_lane/detect_lane.egg-info/top_level.txt
[2.019s] reading manifest file '../../../build/detect_lane/detect_lane.egg-info/SOURCES.txt'
[2.020s] writing manifest file '../../../build/detect_lane/detect_lane.egg-info/SOURCES.txt'
[2.020s] running build
[2.020s] running build_py
[2.020s] copying detect_lane/key_pub_signs.py -> /home/open/work/build/detect_lane/build/lib/detect_lane
[2.021s] running install
[2.021s] running install_lib
[2.022s] copying /home/open/work/build/detect_lane/build/lib/detect_lane/key_pub_signs.py -> /home/open/work/install/detect_lane/lib/python3.10/site-packages/detect_lane
[2.022s] byte-compiling /home/open/work/install/detect_lane/lib/python3.10/site-packages/detect_lane/key_pub_signs.py to key_pub_signs.cpython-310.pyc
[2.023s] running install_data
[2.023s] running install_egg_info
[2.025s] removing '/home/open/work/install/detect_lane/lib/python3.10/site-packages/detect_lane-0.0.0-py3.10.egg-info' (and everything under it)
[2.025s] Copying ../../../build/detect_lane/detect_lane.egg-info to /home/open/work/install/detect_lane/lib/python3.10/site-packages/detect_lane-0.0.0-py3.10.egg-info
[2.025s] running install_scripts
[2.041s] Installing detect_lane script to /home/open/work/install/detect_lane/lib/detect_lane
[2.041s] Installing hsv_param_adjustment script to /home/open/work/install/detect_lane/lib/detect_lane
[2.041s] Installing key_pub_signs script to /home/open/work/install/detect_lane/lib/detect_lane
[2.041s] Installing recive_key_pub_signs script to /home/open/work/install/detect_lane/lib/detect_lane
[2.041s] Installing test_key_pub_signs script to /home/open/work/install/detect_lane/lib/detect_lane
[2.042s] writing list of installed files to '/home/open/work/build/detect_lane/install.log'
[2.060s] Invoked command in '/home/open/work/src/detect/detect_lane' returned '0': PYTHONPATH=/home/open/work/build/detect_lane/prefix_override:/home/open/work/install/detect_lane/lib/python3.10/site-packages:${PYTHONPATH} /usr/bin/python3 -W ignore:setup.py install is deprecated setup.py egg_info --egg-base ../../../build/detect_lane build --build-base /home/open/work/build/detect_lane/build install --record /home/open/work/build/detect_lane/install.log --single-version-externally-managed install_data
