running egg_info
creating ../../build/red/red.egg-info
writing ../../build/red/red.egg-info/PKG-INFO
writing dependency_links to ../../build/red/red.egg-info/dependency_links.txt
writing entry points to ../../build/red/red.egg-info/entry_points.txt
writing requirements to ../../build/red/red.egg-info/requires.txt
writing top-level names to ../../build/red/red.egg-info/top_level.txt
writing manifest file '../../build/red/red.egg-info/SOURCES.txt'
reading manifest file '../../build/red/red.egg-info/SOURCES.txt'
writing manifest file '../../build/red/red.egg-info/SOURCES.txt'
running build
running build_py
creating /home/open/work/build/red/build
creating /home/open/work/build/red/build/lib
creating /home/open/work/build/red/build/lib/red
copying red/camera_red_green_light.py -> /home/open/work/build/red/build/lib/red
copying red/__init__.py -> /home/open/work/build/red/build/lib/red
running install
running install_lib
creating /home/open/work/install/red/lib/python3.10/site-packages/red
copying /home/open/work/build/red/build/lib/red/camera_red_green_light.py -> /home/open/work/install/red/lib/python3.10/site-packages/red
copying /home/open/work/build/red/build/lib/red/__init__.py -> /home/open/work/install/red/lib/python3.10/site-packages/red
byte-compiling /home/open/work/install/red/lib/python3.10/site-packages/red/camera_red_green_light.py to camera_red_green_light.cpython-310.pyc
byte-compiling /home/open/work/install/red/lib/python3.10/site-packages/red/__init__.py to __init__.cpython-310.pyc
running install_data
creating /home/open/work/install/red/share/ament_index
creating /home/open/work/install/red/share/ament_index/resource_index
creating /home/open/work/install/red/share/ament_index/resource_index/packages
copying resource/red -> /home/open/work/install/red/share/ament_index/resource_index/packages
copying package.xml -> /home/open/work/install/red/share/red
running install_egg_info
Copying ../../build/red/red.egg-info to /home/open/work/install/red/lib/python3.10/site-packages/red-0.0.0-py3.10.egg-info
running install_scripts
Installing red script to /home/open/work/install/red/lib/red
writing list of installed files to '/home/open/work/build/red/install.log'
