[1.993s] Invoking command in '/home/open/work/src/red': PYTHONPATH=/home/open/work/build/red/prefix_override:/home/open/work/install/red/lib/python3.10/site-packages:${PYTHONPATH} /usr/bin/python3 -W ignore:setup.py install is deprecated setup.py egg_info --egg-base ../../build/red build --build-base /home/open/work/build/red/build install --record /home/open/work/build/red/install.log --single-version-externally-managed install_data
[2.217s] running egg_info
[2.217s] creating ../../build/red/red.egg-info
[2.217s] writing ../../build/red/red.egg-info/PKG-INFO
[2.217s] writing dependency_links to ../../build/red/red.egg-info/dependency_links.txt
[2.218s] writing entry points to ../../build/red/red.egg-info/entry_points.txt
[2.218s] writing requirements to ../../build/red/red.egg-info/requires.txt
[2.218s] writing top-level names to ../../build/red/red.egg-info/top_level.txt
[2.218s] writing manifest file '../../build/red/red.egg-info/SOURCES.txt'
[2.219s] reading manifest file '../../build/red/red.egg-info/SOURCES.txt'
[2.220s] writing manifest file '../../build/red/red.egg-info/SOURCES.txt'
[2.220s] running build
[2.220s] running build_py
[2.220s] creating /home/open/work/build/red/build
[2.220s] creating /home/open/work/build/red/build/lib
[2.220s] creating /home/open/work/build/red/build/lib/red
[2.220s] copying red/camera_red_green_light.py -> /home/open/work/build/red/build/lib/red
[2.220s] copying red/__init__.py -> /home/open/work/build/red/build/lib/red
[2.220s] running install
[2.220s] running install_lib
[2.221s] creating /home/open/work/install/red/lib/python3.10/site-packages/red
[2.221s] copying /home/open/work/build/red/build/lib/red/camera_red_green_light.py -> /home/open/work/install/red/lib/python3.10/site-packages/red
[2.221s] copying /home/open/work/build/red/build/lib/red/__init__.py -> /home/open/work/install/red/lib/python3.10/site-packages/red
[2.221s] byte-compiling /home/open/work/install/red/lib/python3.10/site-packages/red/camera_red_green_light.py to camera_red_green_light.cpython-310.pyc
[2.222s] byte-compiling /home/open/work/install/red/lib/python3.10/site-packages/red/__init__.py to __init__.cpython-310.pyc
[2.222s] running install_data
[2.222s] creating /home/open/work/install/red/share/ament_index
[2.222s] creating /home/open/work/install/red/share/ament_index/resource_index
[2.222s] creating /home/open/work/install/red/share/ament_index/resource_index/packages
[2.222s] copying resource/red -> /home/open/work/install/red/share/ament_index/resource_index/packages
[2.223s] copying package.xml -> /home/open/work/install/red/share/red
[2.223s] running install_egg_info
[2.224s] Copying ../../build/red/red.egg-info to /home/open/work/install/red/lib/python3.10/site-packages/red-0.0.0-py3.10.egg-info
[2.225s] running install_scripts
[2.241s] Installing red script to /home/open/work/install/red/lib/red
[2.242s] writing list of installed files to '/home/open/work/build/red/install.log'
[2.260s] Invoked command in '/home/open/work/src/red' returned '0': PYTHONPATH=/home/open/work/build/red/prefix_override:/home/open/work/install/red/lib/python3.10/site-packages:${PYTHONPATH} /usr/bin/python3 -W ignore:setup.py install is deprecated setup.py egg_info --egg-base ../../build/red build --build-base /home/open/work/build/red/build install --record /home/open/work/build/red/install.log --single-version-externally-managed install_data
