[2.599s] Invoking command in '/home/open/work/src/control': PYTHONPATH=/home/open/work/build/control/prefix_override:/home/open/work/install/control/lib/python3.10/site-packages:${PYTHONPATH} /usr/bin/python3 -W ignore:setup.py install is deprecated setup.py egg_info --egg-base ../../build/control build --build-base /home/open/work/build/control/build install --record /home/open/work/build/control/install.log --single-version-externally-managed install_data
[3.036s] running egg_info
[3.037s] writing ../../build/control/control.egg-info/PKG-INFO
[3.038s] writing dependency_links to ../../build/control/control.egg-info/dependency_links.txt
[3.038s] writing entry points to ../../build/control/control.egg-info/entry_points.txt
[3.038s] writing requirements to ../../build/control/control.egg-info/requires.txt
[3.038s] writing top-level names to ../../build/control/control.egg-info/top_level.txt
[3.042s] reading manifest file '../../build/control/control.egg-info/SOURCES.txt'
[3.044s] writing manifest file '../../build/control/control.egg-info/SOURCES.txt'
[3.044s] running build
[3.044s] running build_py
[3.045s] running install
[3.045s] running install_lib
[3.048s] running install_data
[3.048s] running install_egg_info
[3.053s] removing '/home/open/work/install/control/lib/python3.10/site-packages/control-0.0.0-py3.10.egg-info' (and everything under it)
[3.053s] Copying ../../build/control/control.egg-info to /home/open/work/install/control/lib/python3.10/site-packages/control-0.0.0-py3.10.egg-info
[3.055s] running install_scripts
[3.102s] Installing control_lane script to /home/open/work/install/control/lib/control
[3.102s] writing list of installed files to '/home/open/work/build/control/install.log'
[3.161s] Invoked command in '/home/open/work/src/control' returned '0': PYTHONPATH=/home/open/work/build/control/prefix_override:/home/open/work/install/control/lib/python3.10/site-packages:${PYTHONPATH} /usr/bin/python3 -W ignore:setup.py install is deprecated setup.py egg_info --egg-base ../../build/control build --build-base /home/open/work/build/control/build install --record /home/open/work/build/control/install.log --single-version-externally-managed install_data
