[6.692s] Invoking command in '/home/open/work/src/detect/object_detection': PYTHONPATH=/home/open/work/build/object_detection/prefix_override:/home/open/work/install/object_detection/lib/python3.10/site-packages:${PYTHONPATH} /usr/bin/python3 -W ignore:setup.py install is deprecated setup.py egg_info --egg-base ../../../build/object_detection build --build-base /home/open/work/build/object_detection/build install --record /home/open/work/build/object_detection/install.log --single-version-externally-managed install_data
[7.428s] running egg_info
[7.428s] writing ../../../build/object_detection/object_detection.egg-info/PKG-INFO
[7.428s] writing dependency_links to ../../../build/object_detection/object_detection.egg-info/dependency_links.txt
[7.428s] writing entry points to ../../../build/object_detection/object_detection.egg-info/entry_points.txt
[7.429s] writing requirements to ../../../build/object_detection/object_detection.egg-info/requires.txt
[7.429s] writing top-level names to ../../../build/object_detection/object_detection.egg-info/top_level.txt
[7.448s] reading manifest file '../../../build/object_detection/object_detection.egg-info/SOURCES.txt'
[7.448s] writing manifest file '../../../build/object_detection/object_detection.egg-info/SOURCES.txt'
[7.448s] running build
[7.448s] running build_py
[7.448s] running install
[7.448s] running install_lib
[7.448s] running install_data
[7.449s] running install_egg_info
[7.452s] removing '/home/open/work/install/object_detection/lib/python3.10/site-packages/object_detection-0.0.0-py3.10.egg-info' (and everything under it)
[7.452s] Copying ../../../build/object_detection/object_detection.egg-info to /home/open/work/install/object_detection/lib/python3.10/site-packages/object_detection-0.0.0-py3.10.egg-info
[7.454s] running install_scripts
[7.512s] Installing object_detection script to /home/open/work/install/object_detection/lib/object_detection
[7.513s] writing list of installed files to '/home/open/work/build/object_detection/install.log'
[7.652s] Invoked command in '/home/open/work/src/detect/object_detection' returned '0': PYTHONPATH=/home/open/work/build/object_detection/prefix_override:/home/open/work/install/object_detection/lib/python3.10/site-packages:${PYTHONPATH} /usr/bin/python3 -W ignore:setup.py install is deprecated setup.py egg_info --egg-base ../../../build/object_detection build --build-base /home/open/work/build/object_detection/build install --record /home/open/work/build/object_detection/install.log --single-version-externally-managed install_data
