[0.162s] Invoking command in '/home/open/work/build/dynamixel_sdk': CMAKE_PREFIX_PATH=${CMAKE_PREFIX_PATH}:/home/open/work/install/parking:/home/open/work/install/object_detection:/home/open/work/install/lider_sub:/home/open/work/install/detect_lane:/home/open/work/install/core:/home/open/work/install/control_motor:/home/open/work/install/control:/home/open/work/install/camera:/opt/ros/humble /usr/bin/cmake --build /home/open/work/build/dynamixel_sdk -- -j16 -l16
[5.717s] [100%] Built target dynamixel_sdk
[5.731s] Invoked command in '/home/open/work/build/dynamixel_sdk' returned '0': CMAKE_PREFIX_PATH=${CMAKE_PREFIX_PATH}:/home/open/work/install/parking:/home/open/work/install/object_detection:/home/open/work/install/lider_sub:/home/open/work/install/detect_lane:/home/open/work/install/core:/home/open/work/install/control_motor:/home/open/work/install/control:/home/open/work/install/camera:/opt/ros/humble /usr/bin/cmake --build /home/open/work/build/dynamixel_sdk -- -j16 -l16
[6.370s] Invoking command in '/home/open/work/build/dynamixel_sdk': CMAKE_PREFIX_PATH=${CMAKE_PREFIX_PATH}:/home/open/work/install/parking:/home/open/work/install/object_detection:/home/open/work/install/lider_sub:/home/open/work/install/detect_lane:/home/open/work/install/core:/home/open/work/install/control_motor:/home/open/work/install/control:/home/open/work/install/camera:/opt/ros/humble /usr/bin/cmake --install /home/open/work/build/dynamixel_sdk
[6.403s] -- Install configuration: ""
[6.404s] -- Up-to-date: /home/open/work/install/dynamixel_sdk/include/
[6.404s] -- Up-to-date: /home/open/work/install/dynamixel_sdk/include//dynamixel_sdk
[6.404s] -- Up-to-date: /home/open/work/install/dynamixel_sdk/include//dynamixel_sdk/group_bulk_read.h
[6.404s] -- Up-to-date: /home/open/work/install/dynamixel_sdk/include//dynamixel_sdk/port_handler_mac.h
[6.404s] -- Up-to-date: /home/open/work/install/dynamixel_sdk/include//dynamixel_sdk/group_sync_read.h
[6.415s] -- Up-to-date: /home/open/work/install/dynamixel_sdk/include//dynamixel_sdk/dynamixel_sdk.h
[6.415s] -- Up-to-date: /home/open/work/install/dynamixel_sdk/include//dynamixel_sdk/port_handler_windows.h
[6.415s] -- Up-to-date: /home/open/work/install/dynamixel_sdk/include//dynamixel_sdk/group_bulk_write.h
[6.415s] -- Up-to-date: /home/open/work/install/dynamixel_sdk/include//dynamixel_sdk/port_handler_linux.h
[6.415s] -- Up-to-date: /home/open/work/install/dynamixel_sdk/include//dynamixel_sdk/port_handler_arduino.h
[6.415s] -- Up-to-date: /home/open/work/install/dynamixel_sdk/include//dynamixel_sdk/protocol2_packet_handler.h
[6.416s] -- Up-to-date: /home/open/work/install/dynamixel_sdk/include//dynamixel_sdk/port_handler.h
[6.416s] -- Up-to-date: /home/open/work/install/dynamixel_sdk/include//dynamixel_sdk/protocol1_packet_handler.h
[6.416s] -- Up-to-date: /home/open/work/install/dynamixel_sdk/include//dynamixel_sdk/group_sync_write.h
[6.416s] -- Up-to-date: /home/open/work/install/dynamixel_sdk/include//dynamixel_sdk/packet_handler.h
[6.416s] -- Up-to-date: /home/open/work/install/dynamixel_sdk/lib/libdynamixel_sdk.so
[6.416s] -- Up-to-date: /home/open/work/install/dynamixel_sdk/share/dynamixel_sdk/environment/library_path.sh
[6.416s] -- Up-to-date: /home/open/work/install/dynamixel_sdk/share/dynamixel_sdk/environment/library_path.dsv
[6.417s] -- Up-to-date: /home/open/work/install/dynamixel_sdk/share/ament_index/resource_index/package_run_dependencies/dynamixel_sdk
[6.417s] -- Up-to-date: /home/open/work/install/dynamixel_sdk/share/ament_index/resource_index/parent_prefix_path/dynamixel_sdk
[6.417s] -- Up-to-date: /home/open/work/install/dynamixel_sdk/share/dynamixel_sdk/environment/ament_prefix_path.sh
[6.417s] -- Up-to-date: /home/open/work/install/dynamixel_sdk/share/dynamixel_sdk/environment/ament_prefix_path.dsv
[6.417s] -- Up-to-date: /home/open/work/install/dynamixel_sdk/share/dynamixel_sdk/environment/path.sh
[6.417s] -- Up-to-date: /home/open/work/install/dynamixel_sdk/share/dynamixel_sdk/environment/path.dsv
[6.417s] -- Up-to-date: /home/open/work/install/dynamixel_sdk/share/dynamixel_sdk/local_setup.bash
[6.418s] -- Up-to-date: /home/open/work/install/dynamixel_sdk/share/dynamixel_sdk/local_setup.sh
[6.418s] -- Up-to-date: /home/open/work/install/dynamixel_sdk/share/dynamixel_sdk/local_setup.zsh
[6.418s] -- Up-to-date: /home/open/work/install/dynamixel_sdk/share/dynamixel_sdk/local_setup.dsv
[6.418s] -- Installing: /home/open/work/install/dynamixel_sdk/share/dynamixel_sdk/package.dsv
[6.418s] -- Up-to-date: /home/open/work/install/dynamixel_sdk/share/ament_index/resource_index/packages/dynamixel_sdk
[6.418s] -- Up-to-date: /home/open/work/install/dynamixel_sdk/share/dynamixel_sdk/cmake/ament_cmake_export_include_directories-extras.cmake
[6.418s] -- Up-to-date: /home/open/work/install/dynamixel_sdk/share/dynamixel_sdk/cmake/ament_cmake_export_libraries-extras.cmake
[6.418s] -- Up-to-date: /home/open/work/install/dynamixel_sdk/share/dynamixel_sdk/cmake/dynamixel_sdkConfig.cmake
[6.419s] -- Up-to-date: /home/open/work/install/dynamixel_sdk/share/dynamixel_sdk/cmake/dynamixel_sdkConfig-version.cmake
[6.419s] -- Up-to-date: /home/open/work/install/dynamixel_sdk/share/dynamixel_sdk/package.xml
[6.419s] Invoked command in '/home/open/work/build/dynamixel_sdk' returned '0': CMAKE_PREFIX_PATH=${CMAKE_PREFIX_PATH}:/home/open/work/install/parking:/home/open/work/install/object_detection:/home/open/work/install/lider_sub:/home/open/work/install/detect_lane:/home/open/work/install/core:/home/open/work/install/control_motor:/home/open/work/install/control:/home/open/work/install/camera:/opt/ros/humble /usr/bin/cmake --install /home/open/work/build/dynamixel_sdk
