[0.029s] Invoking command in '/home/open/work/build/dynamixel_sdk': CMAKE_PREFIX_PATH=/opt/ros/humble /usr/bin/cmake --build /home/open/work/build/dynamixel_sdk -- -j16 -l16
[1.293s] [100%] Built target dynamixel_sdk
[1.298s] Invoked command in '/home/open/work/build/dynamixel_sdk' returned '0': CMAKE_PREFIX_PATH=/opt/ros/humble /usr/bin/cmake --build /home/open/work/build/dynamixel_sdk -- -j16 -l16
[1.350s] Invoking command in '/home/open/work/build/dynamixel_sdk': CMAKE_PREFIX_PATH=/opt/ros/humble /usr/bin/cmake --install /home/open/work/build/dynamixel_sdk
[1.358s] -- Install configuration: ""
[1.358s] -- Up-to-date: /home/open/work/install/dynamixel_sdk/include/
[1.358s] -- Up-to-date: /home/open/work/install/dynamixel_sdk/include//dynamixel_sdk
[1.358s] -- Up-to-date: /home/open/work/install/dynamixel_sdk/include//dynamixel_sdk/group_bulk_read.h
[1.358s] -- Up-to-date: /home/open/work/install/dynamixel_sdk/include//dynamixel_sdk/port_handler_mac.h
[1.358s] -- Up-to-date: /home/open/work/install/dynamixel_sdk/include//dynamixel_sdk/group_sync_read.h
[1.359s] -- Up-to-date: /home/open/work/install/dynamixel_sdk/include//dynamixel_sdk/dynamixel_sdk.h
[1.359s] -- Up-to-date: /home/open/work/install/dynamixel_sdk/include//dynamixel_sdk/port_handler_windows.h
[1.359s] -- Up-to-date: /home/open/work/install/dynamixel_sdk/include//dynamixel_sdk/group_bulk_write.h
[1.359s] -- Up-to-date: /home/open/work/install/dynamixel_sdk/include//dynamixel_sdk/port_handler_linux.h
[1.359s] -- Up-to-date: /home/open/work/install/dynamixel_sdk/include//dynamixel_sdk/port_handler_arduino.h
[1.359s] -- Up-to-date: /home/open/work/install/dynamixel_sdk/include//dynamixel_sdk/protocol2_packet_handler.h
[1.359s] -- Up-to-date: /home/open/work/install/dynamixel_sdk/include//dynamixel_sdk/port_handler.h
[1.359s] -- Up-to-date: /home/open/work/install/dynamixel_sdk/include//dynamixel_sdk/protocol1_packet_handler.h
[1.359s] -- Up-to-date: /home/open/work/install/dynamixel_sdk/include//dynamixel_sdk/group_sync_write.h
[1.360s] -- Up-to-date: /home/open/work/install/dynamixel_sdk/include//dynamixel_sdk/packet_handler.h
[1.360s] -- Up-to-date: /home/open/work/install/dynamixel_sdk/lib/libdynamixel_sdk.so
[1.360s] -- Up-to-date: /home/open/work/install/dynamixel_sdk/share/dynamixel_sdk/environment/library_path.sh
[1.360s] -- Up-to-date: /home/open/work/install/dynamixel_sdk/share/dynamixel_sdk/environment/library_path.dsv
[1.360s] -- Up-to-date: /home/open/work/install/dynamixel_sdk/share/ament_index/resource_index/package_run_dependencies/dynamixel_sdk
[1.360s] -- Up-to-date: /home/open/work/install/dynamixel_sdk/share/ament_index/resource_index/parent_prefix_path/dynamixel_sdk
[1.360s] -- Up-to-date: /home/open/work/install/dynamixel_sdk/share/dynamixel_sdk/environment/ament_prefix_path.sh
[1.360s] -- Up-to-date: /home/open/work/install/dynamixel_sdk/share/dynamixel_sdk/environment/ament_prefix_path.dsv
[1.360s] -- Up-to-date: /home/open/work/install/dynamixel_sdk/share/dynamixel_sdk/environment/path.sh
[1.360s] -- Up-to-date: /home/open/work/install/dynamixel_sdk/share/dynamixel_sdk/environment/path.dsv
[1.361s] -- Up-to-date: /home/open/work/install/dynamixel_sdk/share/dynamixel_sdk/local_setup.bash
[1.361s] -- Up-to-date: /home/open/work/install/dynamixel_sdk/share/dynamixel_sdk/local_setup.sh
[1.361s] -- Up-to-date: /home/open/work/install/dynamixel_sdk/share/dynamixel_sdk/local_setup.zsh
[1.361s] -- Up-to-date: /home/open/work/install/dynamixel_sdk/share/dynamixel_sdk/local_setup.dsv
[1.361s] -- Installing: /home/open/work/install/dynamixel_sdk/share/dynamixel_sdk/package.dsv
[1.361s] -- Up-to-date: /home/open/work/install/dynamixel_sdk/share/ament_index/resource_index/packages/dynamixel_sdk
[1.361s] -- Up-to-date: /home/open/work/install/dynamixel_sdk/share/dynamixel_sdk/cmake/ament_cmake_export_include_directories-extras.cmake
[1.361s] -- Up-to-date: /home/open/work/install/dynamixel_sdk/share/dynamixel_sdk/cmake/ament_cmake_export_libraries-extras.cmake
[1.361s] -- Up-to-date: /home/open/work/install/dynamixel_sdk/share/dynamixel_sdk/cmake/dynamixel_sdkConfig.cmake
[1.361s] -- Up-to-date: /home/open/work/install/dynamixel_sdk/share/dynamixel_sdk/cmake/dynamixel_sdkConfig-version.cmake
[1.361s] -- Up-to-date: /home/open/work/install/dynamixel_sdk/share/dynamixel_sdk/package.xml
[1.363s] Invoked command in '/home/open/work/build/dynamixel_sdk' returned '0': CMAKE_PREFIX_PATH=/opt/ros/humble /usr/bin/cmake --install /home/open/work/build/dynamixel_sdk
