running egg_info
writing ../../build/control/control.egg-info/PKG-INFO
writing dependency_links to ../../build/control/control.egg-info/dependency_links.txt
writing entry points to ../../build/control/control.egg-info/entry_points.txt
writing requirements to ../../build/control/control.egg-info/requires.txt
writing top-level names to ../../build/control/control.egg-info/top_level.txt
reading manifest file '../../build/control/control.egg-info/SOURCES.txt'
writing manifest file '../../build/control/control.egg-info/SOURCES.txt'
running build
running build_py
copying control/control_lane.py -> /home/open/work/build/control/build/lib/control
running install
running install_lib
copying /home/open/work/build/control/build/lib/control/control_lane.py -> /home/open/work/install/control/lib/python3.10/site-packages/control
byte-compiling /home/open/work/install/control/lib/python3.10/site-packages/control/control_lane.py to control_lane.cpython-310.pyc
running install_data
running install_egg_info
removing '/home/open/work/install/control/lib/python3.10/site-packages/control-0.0.0-py3.10.egg-info' (and everything under it)
Copying ../../build/control/control.egg-info to /home/open/work/install/control/lib/python3.10/site-packages/control-0.0.0-py3.10.egg-info
running install_scripts
Installing control_lane script to /home/open/work/install/control/lib/control
writing list of installed files to '/home/open/work/build/control/install.log'
