[1.818s] Invoking command in '/home/open/work/src/core': PYTHONPATH=/home/open/work/build/core/prefix_override:/home/open/work/install/core/lib/python3.10/site-packages:${PYTHONPATH} /usr/bin/python3 -W ignore:setup.py install is deprecated setup.py egg_info --egg-base ../../build/core build --build-base /home/open/work/build/core/build install --record /home/open/work/build/core/install.log --single-version-externally-managed install_data
[2.068s] running egg_info
[2.069s] writing ../../build/core/core.egg-info/PKG-INFO
[2.070s] writing dependency_links to ../../build/core/core.egg-info/dependency_links.txt
[2.070s] writing entry points to ../../build/core/core.egg-info/entry_points.txt
[2.070s] writing requirements to ../../build/core/core.egg-info/requires.txt
[2.070s] writing top-level names to ../../build/core/core.egg-info/top_level.txt
[2.071s] reading manifest file '../../build/core/core.egg-info/SOURCES.txt'
[2.071s] writing manifest file '../../build/core/core.egg-info/SOURCES.txt'
[2.072s] running build
[2.072s] running build_py
[2.072s] running install
[2.073s] running install_lib
[2.073s] running install_data
[2.073s] running install_egg_info
[2.075s] removing '/home/open/work/install/core/lib/python3.10/site-packages/core-0.0.0-py3.10.egg-info' (and everything under it)
[2.076s] Copying ../../build/core/core.egg-info to /home/open/work/install/core/lib/python3.10/site-packages/core-0.0.0-py3.10.egg-info
[2.076s] running install_scripts
[2.098s] Installing core script to /home/open/work/install/core/lib/core
[2.098s] writing list of installed files to '/home/open/work/build/core/install.log'
[2.123s] Invoked command in '/home/open/work/src/core' returned '0': PYTHONPATH=/home/open/work/build/core/prefix_override:/home/open/work/install/core/lib/python3.10/site-packages:${PYTHONPATH} /usr/bin/python3 -W ignore:setup.py install is deprecated setup.py egg_info --egg-base ../../build/core build --build-base /home/open/work/build/core/build install --record /home/open/work/build/core/install.log --single-version-externally-managed install_data
