[2.577s] Invoking command in '/home/open/work/src/core': PYTHONPATH=/home/open/work/build/core/prefix_override:/home/open/work/install/core/lib/python3.10/site-packages:${PYTHONPATH} /usr/bin/python3 -W ignore:setup.py install is deprecated setup.py egg_info --egg-base ../../build/core build --build-base /home/open/work/build/core/build install --record /home/open/work/build/core/install.log --single-version-externally-managed install_data
[2.969s] running egg_info
[2.970s] writing ../../build/core/core.egg-info/PKG-INFO
[2.970s] writing dependency_links to ../../build/core/core.egg-info/dependency_links.txt
[2.970s] writing entry points to ../../build/core/core.egg-info/entry_points.txt
[2.970s] writing requirements to ../../build/core/core.egg-info/requires.txt
[2.971s] writing top-level names to ../../build/core/core.egg-info/top_level.txt
[2.973s] reading manifest file '../../build/core/core.egg-info/SOURCES.txt'
[2.974s] writing manifest file '../../build/core/core.egg-info/SOURCES.txt'
[2.974s] running build
[2.974s] running build_py
[2.974s] running install
[2.975s] running install_lib
[2.977s] running install_data
[2.977s] running install_egg_info
[2.980s] removing '/home/open/work/install/core/lib/python3.10/site-packages/core-0.0.0-py3.10.egg-info' (and everything under it)
[2.980s] Copying ../../build/core/core.egg-info to /home/open/work/install/core/lib/python3.10/site-packages/core-0.0.0-py3.10.egg-info
[2.981s] running install_scripts
[3.013s] Installing core script to /home/open/work/install/core/lib/core
[3.013s] writing list of installed files to '/home/open/work/build/core/install.log'
[3.050s] Invoked command in '/home/open/work/src/core' returned '0': PYTHONPATH=/home/open/work/build/core/prefix_override:/home/open/work/install/core/lib/python3.10/site-packages:${PYTHONPATH} /usr/bin/python3 -W ignore:setup.py install is deprecated setup.py egg_info --egg-base ../../build/core build --build-base /home/open/work/build/core/build install --record /home/open/work/build/core/install.log --single-version-externally-managed install_data
