[0.101s] Invoking command in '/home/open/work/build/dynamixel_sdk': CMAKE_PREFIX_PATH=${CMAKE_PREFIX_PATH}:/home/open/work/install/parking:/home/open/work/install/object_detection:/home/open/work/install/lider_sub:/home/open/work/install/detect_lane:/home/open/work/install/core:/home/open/work/install/control_motor:/home/open/work/install/control:/home/open/work/install/camera:/opt/ros/humble /usr/bin/cmake --build /home/open/work/build/dynamixel_sdk -- -j16 -l16
[3.949s] [100%] Built target dynamixel_sdk
[3.966s] Invoked command in '/home/open/work/build/dynamixel_sdk' returned '0': CMAKE_PREFIX_PATH=${CMAKE_PREFIX_PATH}:/home/open/work/install/parking:/home/open/work/install/object_detection:/home/open/work/install/lider_sub:/home/open/work/install/detect_lane:/home/open/work/install/core:/home/open/work/install/control_motor:/home/open/work/install/control:/home/open/work/install/camera:/opt/ros/humble /usr/bin/cmake --build /home/open/work/build/dynamixel_sdk -- -j16 -l16
[4.303s] Invoking command in '/home/open/work/build/dynamixel_sdk': CMAKE_PREFIX_PATH=${CMAKE_PREFIX_PATH}:/home/open/work/install/parking:/home/open/work/install/object_detection:/home/open/work/install/lider_sub:/home/open/work/install/detect_lane:/home/open/work/install/core:/home/open/work/install/control_motor:/home/open/work/install/control:/home/open/work/install/camera:/opt/ros/humble /usr/bin/cmake --install /home/open/work/build/dynamixel_sdk
[4.325s] -- Install configuration: ""
[4.325s] -- Up-to-date: /home/open/work/install/dynamixel_sdk/include/
[4.325s] -- Up-to-date: /home/open/work/install/dynamixel_sdk/include//dynamixel_sdk
[4.326s] -- Up-to-date: /home/open/work/install/dynamixel_sdk/include//dynamixel_sdk/group_bulk_read.h
[4.326s] -- Up-to-date: /home/open/work/install/dynamixel_sdk/include//dynamixel_sdk/port_handler_mac.h
[4.326s] -- Up-to-date: /home/open/work/install/dynamixel_sdk/include//dynamixel_sdk/group_sync_read.h
[4.326s] -- Up-to-date: /home/open/work/install/dynamixel_sdk/include//dynamixel_sdk/dynamixel_sdk.h
[4.326s] -- Up-to-date: /home/open/work/install/dynamixel_sdk/include//dynamixel_sdk/port_handler_windows.h
[4.326s] -- Up-to-date: /home/open/work/install/dynamixel_sdk/include//dynamixel_sdk/group_bulk_write.h
[4.326s] -- Up-to-date: /home/open/work/install/dynamixel_sdk/include//dynamixel_sdk/port_handler_linux.h
[4.327s] -- Up-to-date: /home/open/work/install/dynamixel_sdk/include//dynamixel_sdk/port_handler_arduino.h
[4.327s] -- Up-to-date: /home/open/work/install/dynamixel_sdk/include//dynamixel_sdk/protocol2_packet_handler.h
[4.327s] -- Up-to-date: /home/open/work/install/dynamixel_sdk/include//dynamixel_sdk/port_handler.h
[4.327s] -- Up-to-date: /home/open/work/install/dynamixel_sdk/include//dynamixel_sdk/protocol1_packet_handler.h
[4.327s] -- Up-to-date: /home/open/work/install/dynamixel_sdk/include//dynamixel_sdk/group_sync_write.h
[4.327s] -- Up-to-date: /home/open/work/install/dynamixel_sdk/include//dynamixel_sdk/packet_handler.h
[4.327s] -- Up-to-date: /home/open/work/install/dynamixel_sdk/lib/libdynamixel_sdk.so
[4.327s] -- Up-to-date: /home/open/work/install/dynamixel_sdk/share/dynamixel_sdk/environment/library_path.sh
[4.327s] -- Up-to-date: /home/open/work/install/dynamixel_sdk/share/dynamixel_sdk/environment/library_path.dsv
[4.328s] -- Up-to-date: /home/open/work/install/dynamixel_sdk/share/ament_index/resource_index/package_run_dependencies/dynamixel_sdk
[4.328s] -- Up-to-date: /home/open/work/install/dynamixel_sdk/share/ament_index/resource_index/parent_prefix_path/dynamixel_sdk
[4.328s] -- Up-to-date: /home/open/work/install/dynamixel_sdk/share/dynamixel_sdk/environment/ament_prefix_path.sh
[4.328s] -- Up-to-date: /home/open/work/install/dynamixel_sdk/share/dynamixel_sdk/environment/ament_prefix_path.dsv
[4.328s] -- Up-to-date: /home/open/work/install/dynamixel_sdk/share/dynamixel_sdk/environment/path.sh
[4.328s] -- Up-to-date: /home/open/work/install/dynamixel_sdk/share/dynamixel_sdk/environment/path.dsv
[4.328s] -- Up-to-date: /home/open/work/install/dynamixel_sdk/share/dynamixel_sdk/local_setup.bash
[4.328s] -- Up-to-date: /home/open/work/install/dynamixel_sdk/share/dynamixel_sdk/local_setup.sh
[4.328s] -- Up-to-date: /home/open/work/install/dynamixel_sdk/share/dynamixel_sdk/local_setup.zsh
[4.329s] -- Up-to-date: /home/open/work/install/dynamixel_sdk/share/dynamixel_sdk/local_setup.dsv
[4.330s] -- Installing: /home/open/work/install/dynamixel_sdk/share/dynamixel_sdk/package.dsv
[4.342s] -- Up-to-date: /home/open/work/install/dynamixel_sdk/share/ament_index/resource_index/packages/dynamixel_sdk
[4.342s] -- Up-to-date: /home/open/work/install/dynamixel_sdk/share/dynamixel_sdk/cmake/ament_cmake_export_include_directories-extras.cmake
[4.342s] -- Up-to-date: /home/open/work/install/dynamixel_sdk/share/dynamixel_sdk/cmake/ament_cmake_export_libraries-extras.cmake
[4.342s] -- Up-to-date: /home/open/work/install/dynamixel_sdk/share/dynamixel_sdk/cmake/dynamixel_sdkConfig.cmake
[4.342s] -- Up-to-date: /home/open/work/install/dynamixel_sdk/share/dynamixel_sdk/cmake/dynamixel_sdkConfig-version.cmake
[4.342s] -- Up-to-date: /home/open/work/install/dynamixel_sdk/share/dynamixel_sdk/package.xml
[4.344s] Invoked command in '/home/open/work/build/dynamixel_sdk' returned '0': CMAKE_PREFIX_PATH=${CMAKE_PREFIX_PATH}:/home/open/work/install/parking:/home/open/work/install/object_detection:/home/open/work/install/lider_sub:/home/open/work/install/detect_lane:/home/open/work/install/core:/home/open/work/install/control_motor:/home/open/work/install/control:/home/open/work/install/camera:/opt/ros/humble /usr/bin/cmake --install /home/open/work/build/dynamixel_sdk
