[2.903s] Invoking command in '/home/open/work/src/camera': PYTHONPATH=/home/open/work/build/camera/prefix_override:/home/open/work/install/camera/lib/python3.10/site-packages:${PYTHONPATH} /usr/bin/python3 -W ignore:setup.py install is deprecated setup.py egg_info --egg-base ../../build/camera build --build-base /home/open/work/build/camera/build install --record /home/open/work/build/camera/install.log --single-version-externally-managed install_data
[3.300s] running egg_info
[3.301s] writing ../../build/camera/camera.egg-info/PKG-INFO
[3.302s] writing dependency_links to ../../build/camera/camera.egg-info/dependency_links.txt
[3.302s] writing entry points to ../../build/camera/camera.egg-info/entry_points.txt
[3.302s] writing requirements to ../../build/camera/camera.egg-info/requires.txt
[3.302s] writing top-level names to ../../build/camera/camera.egg-info/top_level.txt
[3.304s] reading manifest file '../../build/camera/camera.egg-info/SOURCES.txt'
[3.306s] writing manifest file '../../build/camera/camera.egg-info/SOURCES.txt'
[3.306s] running build
[3.306s] running build_py
[3.306s] running install
[3.306s] running install_lib
[3.308s] running install_data
[3.308s] running install_egg_info
[3.311s] removing '/home/open/work/install/camera/lib/python3.10/site-packages/camera-0.0.0-py3.10.egg-info' (and everything under it)
[3.311s] Copying ../../build/camera/camera.egg-info to /home/open/work/install/camera/lib/python3.10/site-packages/camera-0.0.0-py3.10.egg-info
[3.312s] running install_scripts
[3.348s] Installing H65_camera script to /home/open/work/install/camera/lib/camera
[3.348s] Installing camera script to /home/open/work/install/camera/lib/camera
[3.349s] writing list of installed files to '/home/open/work/build/camera/install.log'
[3.391s] Invoked command in '/home/open/work/src/camera' returned '0': PYTHONPATH=/home/open/work/build/camera/prefix_override:/home/open/work/install/camera/lib/python3.10/site-packages:${PYTHONPATH} /usr/bin/python3 -W ignore:setup.py install is deprecated setup.py egg_info --egg-base ../../build/camera build --build-base /home/open/work/build/camera/build install --record /home/open/work/build/camera/install.log --single-version-externally-managed install_data
