running egg_info
writing ../../../build/detect_lane/detect_lane.egg-info/PKG-INFO
writing dependency_links to ../../../build/detect_lane/detect_lane.egg-info/dependency_links.txt
writing entry points to ../../../build/detect_lane/detect_lane.egg-info/entry_points.txt
writing requirements to ../../../build/detect_lane/detect_lane.egg-info/requires.txt
writing top-level names to ../../../build/detect_lane/detect_lane.egg-info/top_level.txt
reading manifest file '../../../build/detect_lane/detect_lane.egg-info/SOURCES.txt'
writing manifest file '../../../build/detect_lane/detect_lane.egg-info/SOURCES.txt'
running build
running build_py
copying detect_lane/detect_lane.py -> /home/open/work/build/detect_lane/build/lib/detect_lane
running install
running install_lib
copying /home/open/work/build/detect_lane/build/lib/detect_lane/detect_lane.py -> /home/open/work/install/detect_lane/lib/python3.10/site-packages/detect_lane
byte-compiling /home/open/work/install/detect_lane/lib/python3.10/site-packages/detect_lane/detect_lane.py to detect_lane.cpython-310.pyc
running install_data
running install_egg_info
removing '/home/open/work/install/detect_lane/lib/python3.10/site-packages/detect_lane-0.0.0-py3.10.egg-info' (and everything under it)
Copying ../../../build/detect_lane/detect_lane.egg-info to /home/open/work/install/detect_lane/lib/python3.10/site-packages/detect_lane-0.0.0-py3.10.egg-info
running install_scripts
Installing detect_lane script to /home/open/work/install/detect_lane/lib/detect_lane
Installing hsv_param_adjustment script to /home/open/work/install/detect_lane/lib/detect_lane
writing list of installed files to '/home/open/work/build/detect_lane/install.log'
