[4.349s] Invoking command in '/home/open/work/src/detect/detect_lane': PYTHONPATH=/home/open/work/build/detect_lane/prefix_override:/home/open/work/install/detect_lane/lib/python3.10/site-packages:${PYTHONPATH} /usr/bin/python3 -W ignore:setup.py install is deprecated setup.py egg_info --egg-base ../../../build/detect_lane build --build-base /home/open/work/build/detect_lane/build install --record /home/open/work/build/detect_lane/install.log --single-version-externally-managed install_data
[4.771s] running egg_info
[4.772s] writing ../../../build/detect_lane/detect_lane.egg-info/PKG-INFO
[4.772s] writing dependency_links to ../../../build/detect_lane/detect_lane.egg-info/dependency_links.txt
[4.772s] writing entry points to ../../../build/detect_lane/detect_lane.egg-info/entry_points.txt
[4.772s] writing requirements to ../../../build/detect_lane/detect_lane.egg-info/requires.txt
[4.772s] writing top-level names to ../../../build/detect_lane/detect_lane.egg-info/top_level.txt
[4.772s] reading manifest file '../../../build/detect_lane/detect_lane.egg-info/SOURCES.txt'
[4.772s] writing manifest file '../../../build/detect_lane/detect_lane.egg-info/SOURCES.txt'
[4.772s] running build
[4.773s] running build_py
[4.773s] copying detect_lane/detect_lane.py -> /home/open/work/build/detect_lane/build/lib/detect_lane
[4.773s] running install
[4.773s] running install_lib
[4.773s] copying /home/open/work/build/detect_lane/build/lib/detect_lane/detect_lane.py -> /home/open/work/install/detect_lane/lib/python3.10/site-packages/detect_lane
[4.773s] byte-compiling /home/open/work/install/detect_lane/lib/python3.10/site-packages/detect_lane/detect_lane.py to detect_lane.cpython-310.pyc
[4.781s] running install_data
[4.781s] running install_egg_info
[4.785s] removing '/home/open/work/install/detect_lane/lib/python3.10/site-packages/detect_lane-0.0.0-py3.10.egg-info' (and everything under it)
[4.785s] Copying ../../../build/detect_lane/detect_lane.egg-info to /home/open/work/install/detect_lane/lib/python3.10/site-packages/detect_lane-0.0.0-py3.10.egg-info
[4.787s] running install_scripts
[4.817s] Installing detect_lane script to /home/open/work/install/detect_lane/lib/detect_lane
[4.817s] Installing hsv_param_adjustment script to /home/open/work/install/detect_lane/lib/detect_lane
[4.818s] writing list of installed files to '/home/open/work/build/detect_lane/install.log'
[4.900s] Invoked command in '/home/open/work/src/detect/detect_lane' returned '0': PYTHONPATH=/home/open/work/build/detect_lane/prefix_override:/home/open/work/install/detect_lane/lib/python3.10/site-packages:${PYTHONPATH} /usr/bin/python3 -W ignore:setup.py install is deprecated setup.py egg_info --egg-base ../../../build/detect_lane build --build-base /home/open/work/build/detect_lane/build install --record /home/open/work/build/detect_lane/install.log --single-version-externally-managed install_data
