[2.964s] Invoking command in '/home/open/work/src/lider_sub': PYTHONPATH=/home/open/work/build/lider_sub/prefix_override:/home/open/work/install/lider_sub/lib/python3.10/site-packages:${PYTHONPATH} /usr/bin/python3 -W ignore:setup.py install is deprecated setup.py egg_info --egg-base ../../build/lider_sub build --build-base /home/open/work/build/lider_sub/build install --record /home/open/work/build/lider_sub/install.log --single-version-externally-managed install_data
[3.329s] running egg_info
[3.330s] writing ../../build/lider_sub/lider_sub.egg-info/PKG-INFO
[3.330s] writing dependency_links to ../../build/lider_sub/lider_sub.egg-info/dependency_links.txt
[3.330s] writing entry points to ../../build/lider_sub/lider_sub.egg-info/entry_points.txt
[3.330s] writing requirements to ../../build/lider_sub/lider_sub.egg-info/requires.txt
[3.330s] writing top-level names to ../../build/lider_sub/lider_sub.egg-info/top_level.txt
[3.333s] reading manifest file '../../build/lider_sub/lider_sub.egg-info/SOURCES.txt'
[3.334s] writing manifest file '../../build/lider_sub/lider_sub.egg-info/SOURCES.txt'
[3.334s] running build
[3.334s] running build_py
[3.334s] running install
[3.335s] running install_lib
[3.336s] running install_data
[3.336s] running install_egg_info
[3.339s] removing '/home/open/work/install/lider_sub/lib/python3.10/site-packages/lider_sub-0.0.0-py3.10.egg-info' (and everything under it)
[3.339s] Copying ../../build/lider_sub/lider_sub.egg-info to /home/open/work/install/lider_sub/lib/python3.10/site-packages/lider_sub-0.0.0-py3.10.egg-info
[3.340s] running install_scripts
[3.369s] Installing lider_sub script to /home/open/work/install/lider_sub/lib/lider_sub
[3.370s] writing list of installed files to '/home/open/work/build/lider_sub/install.log'
[3.413s] Invoked command in '/home/open/work/src/lider_sub' returned '0': PYTHONPATH=/home/open/work/build/lider_sub/prefix_override:/home/open/work/install/lider_sub/lib/python3.10/site-packages:${PYTHONPATH} /usr/bin/python3 -W ignore:setup.py install is deprecated setup.py egg_info --egg-base ../../build/lider_sub build --build-base /home/open/work/build/lider_sub/build install --record /home/open/work/build/lider_sub/install.log --single-version-externally-managed install_data
