[3.326s] Invoking command in '/home/open/work/src/parking': PYTHONPATH=/home/open/work/build/parking/prefix_override:/home/open/work/install/parking/lib/python3.10/site-packages:${PYTHONPATH} /usr/bin/python3 -W ignore:setup.py install is deprecated setup.py egg_info --egg-base ../../build/parking build --build-base /home/open/work/build/parking/build install --record /home/open/work/build/parking/install.log --single-version-externally-managed install_data
[3.873s] running egg_info
[3.873s] writing ../../build/parking/parking.egg-info/PKG-INFO
[3.873s] writing dependency_links to ../../build/parking/parking.egg-info/dependency_links.txt
[3.874s] writing entry points to ../../build/parking/parking.egg-info/entry_points.txt
[3.874s] writing requirements to ../../build/parking/parking.egg-info/requires.txt
[3.874s] writing top-level names to ../../build/parking/parking.egg-info/top_level.txt
[3.876s] reading manifest file '../../build/parking/parking.egg-info/SOURCES.txt'
[3.878s] writing manifest file '../../build/parking/parking.egg-info/SOURCES.txt'
[3.878s] running build
[3.878s] running build_py
[3.878s] running install
[3.879s] running install_lib
[3.881s] running install_data
[3.881s] running install_egg_info
[3.884s] removing '/home/open/work/install/parking/lib/python3.10/site-packages/parking-0.0.0-py3.10.egg-info' (and everything under it)
[3.884s] Copying ../../build/parking/parking.egg-info to /home/open/work/install/parking/lib/python3.10/site-packages/parking-0.0.0-py3.10.egg-info
[3.885s] running install_scripts
[3.914s] Installing parking script to /home/open/work/install/parking/lib/parking
[3.914s] writing list of installed files to '/home/open/work/build/parking/install.log'
[3.955s] Invoked command in '/home/open/work/src/parking' returned '0': PYTHONPATH=/home/open/work/build/parking/prefix_override:/home/open/work/install/parking/lib/python3.10/site-packages:${PYTHONPATH} /usr/bin/python3 -W ignore:setup.py install is deprecated setup.py egg_info --egg-base ../../build/parking build --build-base /home/open/work/build/parking/build install --record /home/open/work/build/parking/install.log --single-version-externally-managed install_data
