[0.069s] Invoking command in '/home/open/work/build/dynamixel_sdk_custom_interfaces': CMAKE_PREFIX_PATH=${CMAKE_PREFIX_PATH}:/home/open/work/install/parking:/home/open/work/install/object_detection:/home/open/work/install/lider_sub:/home/open/work/install/detect_lane:/home/open/work/install/core:/home/open/work/install/control_motor:/home/open/work/install/control:/home/open/work/install/camera:/opt/ros/humble /usr/bin/cmake --build /home/open/work/build/dynamixel_sdk_custom_interfaces -- -j16 -l16
[3.659s] [  1%] Built target dynamixel_sdk_custom_interfaces__cpp
[3.660s] [ 12%] Built target dynamixel_sdk_custom_interfaces__rosidl_generator_c
[3.661s] [ 12%] Built target ament_cmake_python_copy_dynamixel_sdk_custom_interfaces
[3.661s] [ 23%] Built target dynamixel_sdk_custom_interfaces__rosidl_typesupport_cpp
[3.661s] [ 34%] Built target dynamixel_sdk_custom_interfaces__rosidl_typesupport_fastrtps_cpp
[3.661s] [ 55%] Built target dynamixel_sdk_custom_interfaces__rosidl_typesupport_introspection_c
[3.661s] [ 60%] Built target dynamixel_sdk_custom_interfaces__rosidl_typesupport_fastrtps_c
[3.661s] [ 71%] Built target dynamixel_sdk_custom_interfaces__rosidl_typesupport_c
[3.662s] [ 79%] Built target dynamixel_sdk_custom_interfaces__rosidl_typesupport_introspection_cpp
[3.663s] [ 79%] Built target dynamixel_sdk_custom_interfaces
[3.663s] [ 80%] Built target dynamixel_sdk_custom_interfaces__py
[3.663s] [ 90%] Built target dynamixel_sdk_custom_interfaces__rosidl_generator_py
[3.664s] [ 93%] Built target dynamixel_sdk_custom_interfaces__rosidl_typesupport_c__pyext
[3.665s] [ 96%] Built target dynamixel_sdk_custom_interfaces__rosidl_typesupport_introspection_c__pyext
[3.666s] [100%] Built target dynamixel_sdk_custom_interfaces__rosidl_typesupport_fastrtps_c__pyext
[3.666s] running egg_info
[3.666s] writing dynamixel_sdk_custom_interfaces.egg-info/PKG-INFO
[3.666s] writing dependency_links to dynamixel_sdk_custom_interfaces.egg-info/dependency_links.txt
[3.666s] writing top-level names to dynamixel_sdk_custom_interfaces.egg-info/top_level.txt
[3.666s] reading manifest file 'dynamixel_sdk_custom_interfaces.egg-info/SOURCES.txt'
[3.666s] writing manifest file 'dynamixel_sdk_custom_interfaces.egg-info/SOURCES.txt'
[3.666s] [100%] Built target ament_cmake_python_build_dynamixel_sdk_custom_interfaces_egg
[3.672s] Invoked command in '/home/open/work/build/dynamixel_sdk_custom_interfaces' returned '0': CMAKE_PREFIX_PATH=${CMAKE_PREFIX_PATH}:/home/open/work/install/parking:/home/open/work/install/object_detection:/home/open/work/install/lider_sub:/home/open/work/install/detect_lane:/home/open/work/install/core:/home/open/work/install/control_motor:/home/open/work/install/control:/home/open/work/install/camera:/opt/ros/humble /usr/bin/cmake --build /home/open/work/build/dynamixel_sdk_custom_interfaces -- -j16 -l16
[4.734s] Invoking command in '/home/open/work/build/dynamixel_sdk_custom_interfaces': CMAKE_PREFIX_PATH=${CMAKE_PREFIX_PATH}:/home/open/work/install/parking:/home/open/work/install/object_detection:/home/open/work/install/lider_sub:/home/open/work/install/detect_lane:/home/open/work/install/core:/home/open/work/install/control_motor:/home/open/work/install/control:/home/open/work/install/camera:/opt/ros/humble /usr/bin/cmake --install /home/open/work/build/dynamixel_sdk_custom_interfaces
[4.765s] -- Install configuration: ""
[4.765s] -- Up-to-date: /home/open/work/install/dynamixel_sdk_custom_interfaces/share/ament_index/resource_index/rosidl_interfaces/dynamixel_sdk_custom_interfaces
[4.765s] -- Up-to-date: /home/open/work/install/dynamixel_sdk_custom_interfaces/include/dynamixel_sdk_custom_interfaces/dynamixel_sdk_custom_interfaces
[4.765s] -- Up-to-date: /home/open/work/install/dynamixel_sdk_custom_interfaces/include/dynamixel_sdk_custom_interfaces/dynamixel_sdk_custom_interfaces/msg
[4.765s] -- Up-to-date: /home/open/work/install/dynamixel_sdk_custom_interfaces/include/dynamixel_sdk_custom_interfaces/dynamixel_sdk_custom_interfaces/msg/rosidl_generator_c__visibility_control.h
[4.766s] -- Up-to-date: /home/open/work/install/dynamixel_sdk_custom_interfaces/include/dynamixel_sdk_custom_interfaces/dynamixel_sdk_custom_interfaces/msg/set_velocity.h
[4.766s] -- Up-to-date: /home/open/work/install/dynamixel_sdk_custom_interfaces/include/dynamixel_sdk_custom_interfaces/dynamixel_sdk_custom_interfaces/msg/set_velocity_dual.h
[4.766s] -- Up-to-date: /home/open/work/install/dynamixel_sdk_custom_interfaces/include/dynamixel_sdk_custom_interfaces/dynamixel_sdk_custom_interfaces/msg/set_position.h
[4.766s] -- Up-to-date: /home/open/work/install/dynamixel_sdk_custom_interfaces/include/dynamixel_sdk_custom_interfaces/dynamixel_sdk_custom_interfaces/msg/detail
[4.766s] -- Up-to-date: /home/open/work/install/dynamixel_sdk_custom_interfaces/include/dynamixel_sdk_custom_interfaces/dynamixel_sdk_custom_interfaces/msg/detail/set_velocity__struct.h
[4.766s] -- Up-to-date: /home/open/work/install/dynamixel_sdk_custom_interfaces/include/dynamixel_sdk_custom_interfaces/dynamixel_sdk_custom_interfaces/msg/detail/set_velocity__functions.h
[4.767s] -- Up-to-date: /home/open/work/install/dynamixel_sdk_custom_interfaces/include/dynamixel_sdk_custom_interfaces/dynamixel_sdk_custom_interfaces/msg/detail/set_position__functions.h
[4.767s] -- Up-to-date: /home/open/work/install/dynamixel_sdk_custom_interfaces/include/dynamixel_sdk_custom_interfaces/dynamixel_sdk_custom_interfaces/msg/detail/set_velocity__functions.c
[4.767s] -- Up-to-date: /home/open/work/install/dynamixel_sdk_custom_interfaces/include/dynamixel_sdk_custom_interfaces/dynamixel_sdk_custom_interfaces/msg/detail/set_velocity_dual__type_support.h
[4.767s] -- Up-to-date: /home/open/work/install/dynamixel_sdk_custom_interfaces/include/dynamixel_sdk_custom_interfaces/dynamixel_sdk_custom_interfaces/msg/detail/set_velocity_dual__functions.h
[4.767s] -- Up-to-date: /home/open/work/install/dynamixel_sdk_custom_interfaces/include/dynamixel_sdk_custom_interfaces/dynamixel_sdk_custom_interfaces/msg/detail/set_position__functions.c
[4.767s] -- Up-to-date: /home/open/work/install/dynamixel_sdk_custom_interfaces/include/dynamixel_sdk_custom_interfaces/dynamixel_sdk_custom_interfaces/msg/detail/set_velocity__type_support.h
[4.768s] -- Up-to-date: /home/open/work/install/dynamixel_sdk_custom_interfaces/include/dynamixel_sdk_custom_interfaces/dynamixel_sdk_custom_interfaces/msg/detail/set_velocity_dual__functions.c
[4.768s] -- Up-to-date: /home/open/work/install/dynamixel_sdk_custom_interfaces/include/dynamixel_sdk_custom_interfaces/dynamixel_sdk_custom_interfaces/msg/detail/set_position__type_support.h
[4.768s] -- Up-to-date: /home/open/work/install/dynamixel_sdk_custom_interfaces/include/dynamixel_sdk_custom_interfaces/dynamixel_sdk_custom_interfaces/msg/detail/set_position__struct.h
[4.768s] -- Up-to-date: /home/open/work/install/dynamixel_sdk_custom_interfaces/include/dynamixel_sdk_custom_interfaces/dynamixel_sdk_custom_interfaces/msg/detail/set_velocity_dual__struct.h
[4.769s] -- Up-to-date: /home/open/work/install/dynamixel_sdk_custom_interfaces/include/dynamixel_sdk_custom_interfaces/dynamixel_sdk_custom_interfaces/srv
[4.769s] -- Up-to-date: /home/open/work/install/dynamixel_sdk_custom_interfaces/include/dynamixel_sdk_custom_interfaces/dynamixel_sdk_custom_interfaces/srv/get_velocity.h
[4.769s] -- Up-to-date: /home/open/work/install/dynamixel_sdk_custom_interfaces/include/dynamixel_sdk_custom_interfaces/dynamixel_sdk_custom_interfaces/srv/detail
[4.769s] -- Up-to-date: /home/open/work/install/dynamixel_sdk_custom_interfaces/include/dynamixel_sdk_custom_interfaces/dynamixel_sdk_custom_interfaces/srv/detail/get_position__functions.c
[4.769s] -- Up-to-date: /home/open/work/install/dynamixel_sdk_custom_interfaces/include/dynamixel_sdk_custom_interfaces/dynamixel_sdk_custom_interfaces/srv/detail/get_velocity__functions.h
[4.770s] -- Up-to-date: /home/open/work/install/dynamixel_sdk_custom_interfaces/include/dynamixel_sdk_custom_interfaces/dynamixel_sdk_custom_interfaces/srv/detail/get_velocity__struct.h
[4.770s] -- Up-to-date: /home/open/work/install/dynamixel_sdk_custom_interfaces/include/dynamixel_sdk_custom_interfaces/dynamixel_sdk_custom_interfaces/srv/detail/get_velocity__functions.c
[4.770s] -- Up-to-date: /home/open/work/install/dynamixel_sdk_custom_interfaces/include/dynamixel_sdk_custom_interfaces/dynamixel_sdk_custom_interfaces/srv/detail/get_velocity__type_support.h
[4.770s] -- Up-to-date: /home/open/work/install/dynamixel_sdk_custom_interfaces/include/dynamixel_sdk_custom_interfaces/dynamixel_sdk_custom_interfaces/srv/detail/get_position__struct.h
[4.771s] -- Up-to-date: /home/open/work/install/dynamixel_sdk_custom_interfaces/include/dynamixel_sdk_custom_interfaces/dynamixel_sdk_custom_interfaces/srv/detail/get_position__type_support.h
[4.771s] -- Up-to-date: /home/open/work/install/dynamixel_sdk_custom_interfaces/include/dynamixel_sdk_custom_interfaces/dynamixel_sdk_custom_interfaces/srv/detail/get_position__functions.h
[4.771s] -- Up-to-date: /home/open/work/install/dynamixel_sdk_custom_interfaces/include/dynamixel_sdk_custom_interfaces/dynamixel_sdk_custom_interfaces/srv/get_position.h
[4.771s] -- Up-to-date: /home/open/work/install/dynamixel_sdk_custom_interfaces/share/dynamixel_sdk_custom_interfaces/environment/library_path.sh
[4.771s] -- Up-to-date: /home/open/work/install/dynamixel_sdk_custom_interfaces/share/dynamixel_sdk_custom_interfaces/environment/library_path.dsv
[4.771s] -- Up-to-date: /home/open/work/install/dynamixel_sdk_custom_interfaces/lib/libdynamixel_sdk_custom_interfaces__rosidl_generator_c.so
[4.771s] -- Up-to-date: /home/open/work/install/dynamixel_sdk_custom_interfaces/include/dynamixel_sdk_custom_interfaces/dynamixel_sdk_custom_interfaces
[4.772s] -- Up-to-date: /home/open/work/install/dynamixel_sdk_custom_interfaces/include/dynamixel_sdk_custom_interfaces/dynamixel_sdk_custom_interfaces/msg
[4.772s] -- Up-to-date: /home/open/work/install/dynamixel_sdk_custom_interfaces/include/dynamixel_sdk_custom_interfaces/dynamixel_sdk_custom_interfaces/msg/rosidl_typesupport_fastrtps_c__visibility_control.h
[4.772s] -- Up-to-date: /home/open/work/install/dynamixel_sdk_custom_interfaces/include/dynamixel_sdk_custom_interfaces/dynamixel_sdk_custom_interfaces/msg/detail
[4.772s] -- Up-to-date: /home/open/work/install/dynamixel_sdk_custom_interfaces/include/dynamixel_sdk_custom_interfaces/dynamixel_sdk_custom_interfaces/msg/detail/set_velocity__rosidl_typesupport_fastrtps_c.h
[4.772s] -- Up-to-date: /home/open/work/install/dynamixel_sdk_custom_interfaces/include/dynamixel_sdk_custom_interfaces/dynamixel_sdk_custom_interfaces/msg/detail/set_velocity_dual__rosidl_typesupport_fastrtps_c.h
[4.772s] -- Up-to-date: /home/open/work/install/dynamixel_sdk_custom_interfaces/include/dynamixel_sdk_custom_interfaces/dynamixel_sdk_custom_interfaces/msg/detail/set_position__rosidl_typesupport_fastrtps_c.h
[4.772s] -- Up-to-date: /home/open/work/install/dynamixel_sdk_custom_interfaces/include/dynamixel_sdk_custom_interfaces/dynamixel_sdk_custom_interfaces/srv
[4.773s] -- Up-to-date: /home/open/work/install/dynamixel_sdk_custom_interfaces/include/dynamixel_sdk_custom_interfaces/dynamixel_sdk_custom_interfaces/srv/detail
[4.773s] -- Up-to-date: /home/open/work/install/dynamixel_sdk_custom_interfaces/include/dynamixel_sdk_custom_interfaces/dynamixel_sdk_custom_interfaces/srv/detail/get_velocity__rosidl_typesupport_fastrtps_c.h
[4.773s] -- Up-to-date: /home/open/work/install/dynamixel_sdk_custom_interfaces/include/dynamixel_sdk_custom_interfaces/dynamixel_sdk_custom_interfaces/srv/detail/get_position__rosidl_typesupport_fastrtps_c.h
[4.773s] -- Up-to-date: /home/open/work/install/dynamixel_sdk_custom_interfaces/lib/libdynamixel_sdk_custom_interfaces__rosidl_typesupport_fastrtps_c.so
[4.773s] -- Up-to-date: /home/open/work/install/dynamixel_sdk_custom_interfaces/include/dynamixel_sdk_custom_interfaces/dynamixel_sdk_custom_interfaces
[4.773s] -- Up-to-date: /home/open/work/install/dynamixel_sdk_custom_interfaces/include/dynamixel_sdk_custom_interfaces/dynamixel_sdk_custom_interfaces/msg
[4.773s] -- Up-to-date: /home/open/work/install/dynamixel_sdk_custom_interfaces/include/dynamixel_sdk_custom_interfaces/dynamixel_sdk_custom_interfaces/msg/set_velocity_dual.hpp
[4.774s] -- Up-to-date: /home/open/work/install/dynamixel_sdk_custom_interfaces/include/dynamixel_sdk_custom_interfaces/dynamixel_sdk_custom_interfaces/msg/set_velocity.hpp
[4.774s] -- Up-to-date: /home/open/work/install/dynamixel_sdk_custom_interfaces/include/dynamixel_sdk_custom_interfaces/dynamixel_sdk_custom_interfaces/msg/detail
[4.774s] -- Up-to-date: /home/open/work/install/dynamixel_sdk_custom_interfaces/include/dynamixel_sdk_custom_interfaces/dynamixel_sdk_custom_interfaces/msg/detail/set_velocity__traits.hpp
[4.774s] -- Up-to-date: /home/open/work/install/dynamixel_sdk_custom_interfaces/include/dynamixel_sdk_custom_interfaces/dynamixel_sdk_custom_interfaces/msg/detail/set_velocity_dual__struct.hpp
[4.774s] -- Up-to-date: /home/open/work/install/dynamixel_sdk_custom_interfaces/include/dynamixel_sdk_custom_interfaces/dynamixel_sdk_custom_interfaces/msg/detail/set_velocity__builder.hpp
[4.774s] -- Up-to-date: /home/open/work/install/dynamixel_sdk_custom_interfaces/include/dynamixel_sdk_custom_interfaces/dynamixel_sdk_custom_interfaces/msg/detail/set_velocity_dual__traits.hpp
[4.775s] -- Up-to-date: /home/open/work/install/dynamixel_sdk_custom_interfaces/include/dynamixel_sdk_custom_interfaces/dynamixel_sdk_custom_interfaces/msg/detail/set_velocity_dual__builder.hpp
[4.775s] -- Up-to-date: /home/open/work/install/dynamixel_sdk_custom_interfaces/include/dynamixel_sdk_custom_interfaces/dynamixel_sdk_custom_interfaces/msg/detail/set_position__builder.hpp
[4.775s] -- Up-to-date: /home/open/work/install/dynamixel_sdk_custom_interfaces/include/dynamixel_sdk_custom_interfaces/dynamixel_sdk_custom_interfaces/msg/detail/set_position__traits.hpp
[4.775s] -- Up-to-date: /home/open/work/install/dynamixel_sdk_custom_interfaces/include/dynamixel_sdk_custom_interfaces/dynamixel_sdk_custom_interfaces/msg/detail/set_velocity__struct.hpp
[4.775s] -- Up-to-date: /home/open/work/install/dynamixel_sdk_custom_interfaces/include/dynamixel_sdk_custom_interfaces/dynamixel_sdk_custom_interfaces/msg/detail/set_position__struct.hpp
[4.775s] -- Up-to-date: /home/open/work/install/dynamixel_sdk_custom_interfaces/include/dynamixel_sdk_custom_interfaces/dynamixel_sdk_custom_interfaces/msg/set_position.hpp
[4.775s] -- Up-to-date: /home/open/work/install/dynamixel_sdk_custom_interfaces/include/dynamixel_sdk_custom_interfaces/dynamixel_sdk_custom_interfaces/srv
[4.775s] -- Up-to-date: /home/open/work/install/dynamixel_sdk_custom_interfaces/include/dynamixel_sdk_custom_interfaces/dynamixel_sdk_custom_interfaces/srv/get_position.hpp
[4.776s] -- Up-to-date: /home/open/work/install/dynamixel_sdk_custom_interfaces/include/dynamixel_sdk_custom_interfaces/dynamixel_sdk_custom_interfaces/srv/get_velocity.hpp
[4.776s] -- Up-to-date: /home/open/work/install/dynamixel_sdk_custom_interfaces/include/dynamixel_sdk_custom_interfaces/dynamixel_sdk_custom_interfaces/srv/detail
[4.776s] -- Up-to-date: /home/open/work/install/dynamixel_sdk_custom_interfaces/include/dynamixel_sdk_custom_interfaces/dynamixel_sdk_custom_interfaces/srv/detail/get_velocity__traits.hpp
[4.776s] -- Up-to-date: /home/open/work/install/dynamixel_sdk_custom_interfaces/include/dynamixel_sdk_custom_interfaces/dynamixel_sdk_custom_interfaces/srv/detail/get_velocity__struct.hpp
[4.776s] -- Up-to-date: /home/open/work/install/dynamixel_sdk_custom_interfaces/include/dynamixel_sdk_custom_interfaces/dynamixel_sdk_custom_interfaces/srv/detail/get_position__builder.hpp
[4.776s] -- Up-to-date: /home/open/work/install/dynamixel_sdk_custom_interfaces/include/dynamixel_sdk_custom_interfaces/dynamixel_sdk_custom_interfaces/srv/detail/get_position__traits.hpp
[4.776s] -- Up-to-date: /home/open/work/install/dynamixel_sdk_custom_interfaces/include/dynamixel_sdk_custom_interfaces/dynamixel_sdk_custom_interfaces/srv/detail/get_velocity__builder.hpp
[4.776s] -- Up-to-date: /home/open/work/install/dynamixel_sdk_custom_interfaces/include/dynamixel_sdk_custom_interfaces/dynamixel_sdk_custom_interfaces/srv/detail/get_position__struct.hpp
[4.776s] -- Up-to-date: /home/open/work/install/dynamixel_sdk_custom_interfaces/include/dynamixel_sdk_custom_interfaces/dynamixel_sdk_custom_interfaces
[4.777s] -- Up-to-date: /home/open/work/install/dynamixel_sdk_custom_interfaces/include/dynamixel_sdk_custom_interfaces/dynamixel_sdk_custom_interfaces/msg
[4.777s] -- Up-to-date: /home/open/work/install/dynamixel_sdk_custom_interfaces/include/dynamixel_sdk_custom_interfaces/dynamixel_sdk_custom_interfaces/msg/rosidl_typesupport_fastrtps_cpp__visibility_control.h
[4.777s] -- Up-to-date: /home/open/work/install/dynamixel_sdk_custom_interfaces/include/dynamixel_sdk_custom_interfaces/dynamixel_sdk_custom_interfaces/msg/detail
[4.777s] -- Up-to-date: /home/open/work/install/dynamixel_sdk_custom_interfaces/include/dynamixel_sdk_custom_interfaces/dynamixel_sdk_custom_interfaces/msg/detail/set_velocity_dual__rosidl_typesupport_fastrtps_cpp.hpp
[4.777s] -- Up-to-date: /home/open/work/install/dynamixel_sdk_custom_interfaces/include/dynamixel_sdk_custom_interfaces/dynamixel_sdk_custom_interfaces/msg/detail/dds_fastrtps
[4.777s] -- Up-to-date: /home/open/work/install/dynamixel_sdk_custom_interfaces/include/dynamixel_sdk_custom_interfaces/dynamixel_sdk_custom_interfaces/msg/detail/set_velocity__rosidl_typesupport_fastrtps_cpp.hpp
[4.777s] -- Up-to-date: /home/open/work/install/dynamixel_sdk_custom_interfaces/include/dynamixel_sdk_custom_interfaces/dynamixel_sdk_custom_interfaces/msg/detail/set_position__rosidl_typesupport_fastrtps_cpp.hpp
[4.777s] -- Up-to-date: /home/open/work/install/dynamixel_sdk_custom_interfaces/include/dynamixel_sdk_custom_interfaces/dynamixel_sdk_custom_interfaces/srv
[4.778s] -- Up-to-date: /home/open/work/install/dynamixel_sdk_custom_interfaces/include/dynamixel_sdk_custom_interfaces/dynamixel_sdk_custom_interfaces/srv/detail
[4.778s] -- Up-to-date: /home/open/work/install/dynamixel_sdk_custom_interfaces/include/dynamixel_sdk_custom_interfaces/dynamixel_sdk_custom_interfaces/srv/detail/dds_fastrtps
[4.778s] -- Up-to-date: /home/open/work/install/dynamixel_sdk_custom_interfaces/include/dynamixel_sdk_custom_interfaces/dynamixel_sdk_custom_interfaces/srv/detail/get_position__rosidl_typesupport_fastrtps_cpp.hpp
[4.778s] -- Up-to-date: /home/open/work/install/dynamixel_sdk_custom_interfaces/include/dynamixel_sdk_custom_interfaces/dynamixel_sdk_custom_interfaces/srv/detail/get_velocity__rosidl_typesupport_fastrtps_cpp.hpp
[4.778s] -- Up-to-date: /home/open/work/install/dynamixel_sdk_custom_interfaces/lib/libdynamixel_sdk_custom_interfaces__rosidl_typesupport_fastrtps_cpp.so
[4.778s] -- Up-to-date: /home/open/work/install/dynamixel_sdk_custom_interfaces/include/dynamixel_sdk_custom_interfaces/dynamixel_sdk_custom_interfaces
[4.778s] -- Up-to-date: /home/open/work/install/dynamixel_sdk_custom_interfaces/include/dynamixel_sdk_custom_interfaces/dynamixel_sdk_custom_interfaces/msg
[4.778s] -- Up-to-date: /home/open/work/install/dynamixel_sdk_custom_interfaces/include/dynamixel_sdk_custom_interfaces/dynamixel_sdk_custom_interfaces/msg/rosidl_typesupport_introspection_c__visibility_control.h
[4.779s] -- Up-to-date: /home/open/work/install/dynamixel_sdk_custom_interfaces/include/dynamixel_sdk_custom_interfaces/dynamixel_sdk_custom_interfaces/msg/detail
[4.779s] -- Up-to-date: /home/open/work/install/dynamixel_sdk_custom_interfaces/include/dynamixel_sdk_custom_interfaces/dynamixel_sdk_custom_interfaces/msg/detail/set_position__type_support.c
[4.779s] -- Up-to-date: /home/open/work/install/dynamixel_sdk_custom_interfaces/include/dynamixel_sdk_custom_interfaces/dynamixel_sdk_custom_interfaces/msg/detail/set_position__rosidl_typesupport_introspection_c.h
[4.779s] -- Up-to-date: /home/open/work/install/dynamixel_sdk_custom_interfaces/include/dynamixel_sdk_custom_interfaces/dynamixel_sdk_custom_interfaces/msg/detail/set_velocity__type_support.c
[4.779s] -- Up-to-date: /home/open/work/install/dynamixel_sdk_custom_interfaces/include/dynamixel_sdk_custom_interfaces/dynamixel_sdk_custom_interfaces/msg/detail/set_velocity__rosidl_typesupport_introspection_c.h
[4.779s] -- Up-to-date: /home/open/work/install/dynamixel_sdk_custom_interfaces/include/dynamixel_sdk_custom_interfaces/dynamixel_sdk_custom_interfaces/msg/detail/set_velocity_dual__type_support.c
[4.779s] -- Up-to-date: /home/open/work/install/dynamixel_sdk_custom_interfaces/include/dynamixel_sdk_custom_interfaces/dynamixel_sdk_custom_interfaces/msg/detail/set_velocity_dual__rosidl_typesupport_introspection_c.h
[4.779s] -- Up-to-date: /home/open/work/install/dynamixel_sdk_custom_interfaces/include/dynamixel_sdk_custom_interfaces/dynamixel_sdk_custom_interfaces/srv
[4.780s] -- Up-to-date: /home/open/work/install/dynamixel_sdk_custom_interfaces/include/dynamixel_sdk_custom_interfaces/dynamixel_sdk_custom_interfaces/srv/detail
[4.780s] -- Up-to-date: /home/open/work/install/dynamixel_sdk_custom_interfaces/include/dynamixel_sdk_custom_interfaces/dynamixel_sdk_custom_interfaces/srv/detail/get_position__rosidl_typesupport_introspection_c.h
[4.780s] -- Up-to-date: /home/open/work/install/dynamixel_sdk_custom_interfaces/include/dynamixel_sdk_custom_interfaces/dynamixel_sdk_custom_interfaces/srv/detail/get_velocity__rosidl_typesupport_introspection_c.h
[4.781s] -- Up-to-date: /home/open/work/install/dynamixel_sdk_custom_interfaces/include/dynamixel_sdk_custom_interfaces/dynamixel_sdk_custom_interfaces/srv/detail/get_position__type_support.c
[4.781s] -- Up-to-date: /home/open/work/install/dynamixel_sdk_custom_interfaces/include/dynamixel_sdk_custom_interfaces/dynamixel_sdk_custom_interfaces/srv/detail/get_velocity__type_support.c
[4.782s] -- Up-to-date: /home/open/work/install/dynamixel_sdk_custom_interfaces/lib/libdynamixel_sdk_custom_interfaces__rosidl_typesupport_introspection_c.so
[4.782s] -- Up-to-date: /home/open/work/install/dynamixel_sdk_custom_interfaces/lib/libdynamixel_sdk_custom_interfaces__rosidl_typesupport_c.so
[4.782s] -- Up-to-date: /home/open/work/install/dynamixel_sdk_custom_interfaces/include/dynamixel_sdk_custom_interfaces/dynamixel_sdk_custom_interfaces
[4.782s] -- Up-to-date: /home/open/work/install/dynamixel_sdk_custom_interfaces/include/dynamixel_sdk_custom_interfaces/dynamixel_sdk_custom_interfaces/msg
[4.782s] -- Up-to-date: /home/open/work/install/dynamixel_sdk_custom_interfaces/include/dynamixel_sdk_custom_interfaces/dynamixel_sdk_custom_interfaces/msg/detail
[4.782s] -- Up-to-date: /home/open/work/install/dynamixel_sdk_custom_interfaces/include/dynamixel_sdk_custom_interfaces/dynamixel_sdk_custom_interfaces/msg/detail/set_velocity_dual__type_support.cpp
[4.782s] -- Up-to-date: /home/open/work/install/dynamixel_sdk_custom_interfaces/include/dynamixel_sdk_custom_interfaces/dynamixel_sdk_custom_interfaces/msg/detail/set_velocity_dual__rosidl_typesupport_introspection_cpp.hpp
[4.782s] -- Up-to-date: /home/open/work/install/dynamixel_sdk_custom_interfaces/include/dynamixel_sdk_custom_interfaces/dynamixel_sdk_custom_interfaces/msg/detail/set_position__rosidl_typesupport_introspection_cpp.hpp
[4.782s] -- Up-to-date: /home/open/work/install/dynamixel_sdk_custom_interfaces/include/dynamixel_sdk_custom_interfaces/dynamixel_sdk_custom_interfaces/msg/detail/set_velocity__rosidl_typesupport_introspection_cpp.hpp
[4.783s] -- Up-to-date: /home/open/work/install/dynamixel_sdk_custom_interfaces/include/dynamixel_sdk_custom_interfaces/dynamixel_sdk_custom_interfaces/msg/detail/set_position__type_support.cpp
[4.783s] -- Up-to-date: /home/open/work/install/dynamixel_sdk_custom_interfaces/include/dynamixel_sdk_custom_interfaces/dynamixel_sdk_custom_interfaces/msg/detail/set_velocity__type_support.cpp
[4.783s] -- Up-to-date: /home/open/work/install/dynamixel_sdk_custom_interfaces/include/dynamixel_sdk_custom_interfaces/dynamixel_sdk_custom_interfaces/srv
[4.783s] -- Up-to-date: /home/open/work/install/dynamixel_sdk_custom_interfaces/include/dynamixel_sdk_custom_interfaces/dynamixel_sdk_custom_interfaces/srv/detail
[4.783s] -- Up-to-date: /home/open/work/install/dynamixel_sdk_custom_interfaces/include/dynamixel_sdk_custom_interfaces/dynamixel_sdk_custom_interfaces/srv/detail/get_velocity__rosidl_typesupport_introspection_cpp.hpp
[4.783s] -- Up-to-date: /home/open/work/install/dynamixel_sdk_custom_interfaces/include/dynamixel_sdk_custom_interfaces/dynamixel_sdk_custom_interfaces/srv/detail/get_velocity__type_support.cpp
[4.783s] -- Up-to-date: /home/open/work/install/dynamixel_sdk_custom_interfaces/include/dynamixel_sdk_custom_interfaces/dynamixel_sdk_custom_interfaces/srv/detail/get_position__type_support.cpp
[4.783s] -- Up-to-date: /home/open/work/install/dynamixel_sdk_custom_interfaces/include/dynamixel_sdk_custom_interfaces/dynamixel_sdk_custom_interfaces/srv/detail/get_position__rosidl_typesupport_introspection_cpp.hpp
[4.783s] -- Up-to-date: /home/open/work/install/dynamixel_sdk_custom_interfaces/lib/libdynamixel_sdk_custom_interfaces__rosidl_typesupport_introspection_cpp.so
[4.784s] -- Up-to-date: /home/open/work/install/dynamixel_sdk_custom_interfaces/lib/libdynamixel_sdk_custom_interfaces__rosidl_typesupport_cpp.so
[4.784s] -- Up-to-date: /home/open/work/install/dynamixel_sdk_custom_interfaces/share/dynamixel_sdk_custom_interfaces/environment/pythonpath.sh
[4.784s] -- Up-to-date: /home/open/work/install/dynamixel_sdk_custom_interfaces/share/dynamixel_sdk_custom_interfaces/environment/pythonpath.dsv
[4.784s] -- Up-to-date: /home/open/work/install/dynamixel_sdk_custom_interfaces/local/lib/python3.10/dist-packages/dynamixel_sdk_custom_interfaces-3.7.60-py3.10.egg-info
[4.784s] -- Installing: /home/open/work/install/dynamixel_sdk_custom_interfaces/local/lib/python3.10/dist-packages/dynamixel_sdk_custom_interfaces-3.7.60-py3.10.egg-info/PKG-INFO
[4.784s] -- Installing: /home/open/work/install/dynamixel_sdk_custom_interfaces/local/lib/python3.10/dist-packages/dynamixel_sdk_custom_interfaces-3.7.60-py3.10.egg-info/top_level.txt
[4.784s] -- Installing: /home/open/work/install/dynamixel_sdk_custom_interfaces/local/lib/python3.10/dist-packages/dynamixel_sdk_custom_interfaces-3.7.60-py3.10.egg-info/dependency_links.txt
[4.784s] -- Installing: /home/open/work/install/dynamixel_sdk_custom_interfaces/local/lib/python3.10/dist-packages/dynamixel_sdk_custom_interfaces-3.7.60-py3.10.egg-info/SOURCES.txt
[4.785s] -- Up-to-date: /home/open/work/install/dynamixel_sdk_custom_interfaces/local/lib/python3.10/dist-packages/dynamixel_sdk_custom_interfaces
[4.785s] -- Up-to-date: /home/open/work/install/dynamixel_sdk_custom_interfaces/local/lib/python3.10/dist-packages/dynamixel_sdk_custom_interfaces/libdynamixel_sdk_custom_interfaces__rosidl_generator_py.so
[4.785s] -- Up-to-date: /home/open/work/install/dynamixel_sdk_custom_interfaces/local/lib/python3.10/dist-packages/dynamixel_sdk_custom_interfaces/dynamixel_sdk_custom_interfaces_s__rosidl_typesupport_fastrtps_c.cpython-310-x86_64-linux-gnu.so
[4.785s] -- Up-to-date: /home/open/work/install/dynamixel_sdk_custom_interfaces/local/lib/python3.10/dist-packages/dynamixel_sdk_custom_interfaces/_dynamixel_sdk_custom_interfaces_s.ep.rosidl_typesupport_fastrtps_c.c
[4.785s] -- Up-to-date: /home/open/work/install/dynamixel_sdk_custom_interfaces/local/lib/python3.10/dist-packages/dynamixel_sdk_custom_interfaces/msg
[4.785s] -- Up-to-date: /home/open/work/install/dynamixel_sdk_custom_interfaces/local/lib/python3.10/dist-packages/dynamixel_sdk_custom_interfaces/msg/_set_velocity.py
[4.785s] -- Up-to-date: /home/open/work/install/dynamixel_sdk_custom_interfaces/local/lib/python3.10/dist-packages/dynamixel_sdk_custom_interfaces/msg/_set_position_s.c
[4.785s] -- Up-to-date: /home/open/work/install/dynamixel_sdk_custom_interfaces/local/lib/python3.10/dist-packages/dynamixel_sdk_custom_interfaces/msg/_set_velocity_dual_s.c
[4.785s] -- Up-to-date: /home/open/work/install/dynamixel_sdk_custom_interfaces/local/lib/python3.10/dist-packages/dynamixel_sdk_custom_interfaces/msg/_set_position.py
[4.786s] -- Up-to-date: /home/open/work/install/dynamixel_sdk_custom_interfaces/local/lib/python3.10/dist-packages/dynamixel_sdk_custom_interfaces/msg/_set_velocity_s.c
[4.786s] -- Up-to-date: /home/open/work/install/dynamixel_sdk_custom_interfaces/local/lib/python3.10/dist-packages/dynamixel_sdk_custom_interfaces/msg/__init__.py
[4.786s] -- Up-to-date: /home/open/work/install/dynamixel_sdk_custom_interfaces/local/lib/python3.10/dist-packages/dynamixel_sdk_custom_interfaces/msg/_set_velocity_dual.py
[4.786s] -- Up-to-date: /home/open/work/install/dynamixel_sdk_custom_interfaces/local/lib/python3.10/dist-packages/dynamixel_sdk_custom_interfaces/srv
[4.786s] -- Up-to-date: /home/open/work/install/dynamixel_sdk_custom_interfaces/local/lib/python3.10/dist-packages/dynamixel_sdk_custom_interfaces/srv/_get_velocity.py
[4.786s] -- Up-to-date: /home/open/work/install/dynamixel_sdk_custom_interfaces/local/lib/python3.10/dist-packages/dynamixel_sdk_custom_interfaces/srv/__init__.py
[4.786s] -- Up-to-date: /home/open/work/install/dynamixel_sdk_custom_interfaces/local/lib/python3.10/dist-packages/dynamixel_sdk_custom_interfaces/srv/_get_velocity_s.c
[4.786s] -- Up-to-date: /home/open/work/install/dynamixel_sdk_custom_interfaces/local/lib/python3.10/dist-packages/dynamixel_sdk_custom_interfaces/srv/_get_position_s.c
[4.786s] -- Up-to-date: /home/open/work/install/dynamixel_sdk_custom_interfaces/local/lib/python3.10/dist-packages/dynamixel_sdk_custom_interfaces/srv/_get_position.py
[4.787s] -- Up-to-date: /home/open/work/install/dynamixel_sdk_custom_interfaces/local/lib/python3.10/dist-packages/dynamixel_sdk_custom_interfaces/__init__.py
[4.787s] -- Up-to-date: /home/open/work/install/dynamixel_sdk_custom_interfaces/local/lib/python3.10/dist-packages/dynamixel_sdk_custom_interfaces/dynamixel_sdk_custom_interfaces_s__rosidl_typesupport_introspection_c.cpython-310-x86_64-linux-gnu.so
[4.787s] -- Up-to-date: /home/open/work/install/dynamixel_sdk_custom_interfaces/local/lib/python3.10/dist-packages/dynamixel_sdk_custom_interfaces/_dynamixel_sdk_custom_interfaces_s.ep.rosidl_typesupport_introspection_c.c
[4.787s] -- Up-to-date: /home/open/work/install/dynamixel_sdk_custom_interfaces/local/lib/python3.10/dist-packages/dynamixel_sdk_custom_interfaces/dynamixel_sdk_custom_interfaces_s__rosidl_typesupport_c.cpython-310-x86_64-linux-gnu.so
[4.787s] -- Up-to-date: /home/open/work/install/dynamixel_sdk_custom_interfaces/local/lib/python3.10/dist-packages/dynamixel_sdk_custom_interfaces/_dynamixel_sdk_custom_interfaces_s.ep.rosidl_typesupport_c.c
[4.884s] Listing '/home/open/work/install/dynamixel_sdk_custom_interfaces/local/lib/python3.10/dist-packages/dynamixel_sdk_custom_interfaces'...
[4.884s] Listing '/home/open/work/install/dynamixel_sdk_custom_interfaces/local/lib/python3.10/dist-packages/dynamixel_sdk_custom_interfaces/msg'...
[4.884s] Listing '/home/open/work/install/dynamixel_sdk_custom_interfaces/local/lib/python3.10/dist-packages/dynamixel_sdk_custom_interfaces/srv'...
[4.892s] -- Up-to-date: /home/open/work/install/dynamixel_sdk_custom_interfaces/local/lib/python3.10/dist-packages/dynamixel_sdk_custom_interfaces/dynamixel_sdk_custom_interfaces_s__rosidl_typesupport_fastrtps_c.cpython-310-x86_64-linux-gnu.so
[4.893s] -- Up-to-date: /home/open/work/install/dynamixel_sdk_custom_interfaces/local/lib/python3.10/dist-packages/dynamixel_sdk_custom_interfaces/dynamixel_sdk_custom_interfaces_s__rosidl_typesupport_introspection_c.cpython-310-x86_64-linux-gnu.so
[4.893s] -- Up-to-date: /home/open/work/install/dynamixel_sdk_custom_interfaces/local/lib/python3.10/dist-packages/dynamixel_sdk_custom_interfaces/dynamixel_sdk_custom_interfaces_s__rosidl_typesupport_c.cpython-310-x86_64-linux-gnu.so
[4.893s] -- Up-to-date: /home/open/work/install/dynamixel_sdk_custom_interfaces/lib/libdynamixel_sdk_custom_interfaces__rosidl_generator_py.so
[4.894s] -- Up-to-date: /home/open/work/install/dynamixel_sdk_custom_interfaces/share/dynamixel_sdk_custom_interfaces/msg/SetPosition.idl
[4.894s] -- Up-to-date: /home/open/work/install/dynamixel_sdk_custom_interfaces/share/dynamixel_sdk_custom_interfaces/msg/SetVelocity.idl
[4.894s] -- Up-to-date: /home/open/work/install/dynamixel_sdk_custom_interfaces/share/dynamixel_sdk_custom_interfaces/msg/SetVelocityDual.idl
[4.894s] -- Up-to-date: /home/open/work/install/dynamixel_sdk_custom_interfaces/share/dynamixel_sdk_custom_interfaces/srv/GetPosition.idl
[4.895s] -- Up-to-date: /home/open/work/install/dynamixel_sdk_custom_interfaces/share/dynamixel_sdk_custom_interfaces/srv/GetVelocity.idl
[4.895s] -- Up-to-date: /home/open/work/install/dynamixel_sdk_custom_interfaces/share/dynamixel_sdk_custom_interfaces/msg/SetPosition.msg
[4.895s] -- Up-to-date: /home/open/work/install/dynamixel_sdk_custom_interfaces/share/dynamixel_sdk_custom_interfaces/msg/SetVelocity.msg
[4.895s] -- Up-to-date: /home/open/work/install/dynamixel_sdk_custom_interfaces/share/dynamixel_sdk_custom_interfaces/msg/SetVelocityDual.msg
[4.895s] -- Up-to-date: /home/open/work/install/dynamixel_sdk_custom_interfaces/share/dynamixel_sdk_custom_interfaces/srv/GetPosition.srv
[4.895s] -- Up-to-date: /home/open/work/install/dynamixel_sdk_custom_interfaces/share/dynamixel_sdk_custom_interfaces/srv/GetPosition_Request.msg
[4.895s] -- Up-to-date: /home/open/work/install/dynamixel_sdk_custom_interfaces/share/dynamixel_sdk_custom_interfaces/srv/GetPosition_Response.msg
[4.896s] -- Up-to-date: /home/open/work/install/dynamixel_sdk_custom_interfaces/share/dynamixel_sdk_custom_interfaces/srv/GetVelocity.srv
[4.896s] -- Up-to-date: /home/open/work/install/dynamixel_sdk_custom_interfaces/share/dynamixel_sdk_custom_interfaces/srv/GetVelocity_Request.msg
[4.896s] -- Up-to-date: /home/open/work/install/dynamixel_sdk_custom_interfaces/share/dynamixel_sdk_custom_interfaces/srv/GetVelocity_Response.msg
[4.896s] -- Up-to-date: /home/open/work/install/dynamixel_sdk_custom_interfaces/share/ament_index/resource_index/package_run_dependencies/dynamixel_sdk_custom_interfaces
[4.896s] -- Up-to-date: /home/open/work/install/dynamixel_sdk_custom_interfaces/share/ament_index/resource_index/parent_prefix_path/dynamixel_sdk_custom_interfaces
[4.897s] -- Up-to-date: /home/open/work/install/dynamixel_sdk_custom_interfaces/share/dynamixel_sdk_custom_interfaces/environment/ament_prefix_path.sh
[4.897s] -- Up-to-date: /home/open/work/install/dynamixel_sdk_custom_interfaces/share/dynamixel_sdk_custom_interfaces/environment/ament_prefix_path.dsv
[4.897s] -- Up-to-date: /home/open/work/install/dynamixel_sdk_custom_interfaces/share/dynamixel_sdk_custom_interfaces/environment/path.sh
[4.897s] -- Up-to-date: /home/open/work/install/dynamixel_sdk_custom_interfaces/share/dynamixel_sdk_custom_interfaces/environment/path.dsv
[4.897s] -- Up-to-date: /home/open/work/install/dynamixel_sdk_custom_interfaces/share/dynamixel_sdk_custom_interfaces/local_setup.bash
[4.897s] -- Up-to-date: /home/open/work/install/dynamixel_sdk_custom_interfaces/share/dynamixel_sdk_custom_interfaces/local_setup.sh
[4.897s] -- Up-to-date: /home/open/work/install/dynamixel_sdk_custom_interfaces/share/dynamixel_sdk_custom_interfaces/local_setup.zsh
[4.898s] -- Up-to-date: /home/open/work/install/dynamixel_sdk_custom_interfaces/share/dynamixel_sdk_custom_interfaces/local_setup.dsv
[4.898s] -- Installing: /home/open/work/install/dynamixel_sdk_custom_interfaces/share/dynamixel_sdk_custom_interfaces/package.dsv
[4.898s] -- Up-to-date: /home/open/work/install/dynamixel_sdk_custom_interfaces/share/ament_index/resource_index/packages/dynamixel_sdk_custom_interfaces
[4.898s] -- Up-to-date: /home/open/work/install/dynamixel_sdk_custom_interfaces/share/dynamixel_sdk_custom_interfaces/cmake/export_dynamixel_sdk_custom_interfaces__rosidl_generator_cExport.cmake
[4.898s] -- Up-to-date: /home/open/work/install/dynamixel_sdk_custom_interfaces/share/dynamixel_sdk_custom_interfaces/cmake/export_dynamixel_sdk_custom_interfaces__rosidl_generator_cExport-noconfig.cmake
[4.898s] -- Up-to-date: /home/open/work/install/dynamixel_sdk_custom_interfaces/share/dynamixel_sdk_custom_interfaces/cmake/export_dynamixel_sdk_custom_interfaces__rosidl_typesupport_fastrtps_cExport.cmake
[4.898s] -- Up-to-date: /home/open/work/install/dynamixel_sdk_custom_interfaces/share/dynamixel_sdk_custom_interfaces/cmake/export_dynamixel_sdk_custom_interfaces__rosidl_typesupport_fastrtps_cExport-noconfig.cmake
[4.898s] -- Up-to-date: /home/open/work/install/dynamixel_sdk_custom_interfaces/share/dynamixel_sdk_custom_interfaces/cmake/export_dynamixel_sdk_custom_interfaces__rosidl_generator_cppExport.cmake
[4.898s] -- Up-to-date: /home/open/work/install/dynamixel_sdk_custom_interfaces/share/dynamixel_sdk_custom_interfaces/cmake/export_dynamixel_sdk_custom_interfaces__rosidl_typesupport_fastrtps_cppExport.cmake
[4.899s] -- Up-to-date: /home/open/work/install/dynamixel_sdk_custom_interfaces/share/dynamixel_sdk_custom_interfaces/cmake/export_dynamixel_sdk_custom_interfaces__rosidl_typesupport_fastrtps_cppExport-noconfig.cmake
[4.899s] -- Up-to-date: /home/open/work/install/dynamixel_sdk_custom_interfaces/share/dynamixel_sdk_custom_interfaces/cmake/dynamixel_sdk_custom_interfaces__rosidl_typesupport_introspection_cExport.cmake
[4.899s] -- Up-to-date: /home/open/work/install/dynamixel_sdk_custom_interfaces/share/dynamixel_sdk_custom_interfaces/cmake/dynamixel_sdk_custom_interfaces__rosidl_typesupport_introspection_cExport-noconfig.cmake
[4.899s] -- Up-to-date: /home/open/work/install/dynamixel_sdk_custom_interfaces/share/dynamixel_sdk_custom_interfaces/cmake/dynamixel_sdk_custom_interfaces__rosidl_typesupport_cExport.cmake
[4.899s] -- Up-to-date: /home/open/work/install/dynamixel_sdk_custom_interfaces/share/dynamixel_sdk_custom_interfaces/cmake/dynamixel_sdk_custom_interfaces__rosidl_typesupport_cExport-noconfig.cmake
[4.900s] -- Up-to-date: /home/open/work/install/dynamixel_sdk_custom_interfaces/share/dynamixel_sdk_custom_interfaces/cmake/dynamixel_sdk_custom_interfaces__rosidl_typesupport_introspection_cppExport.cmake
[4.908s] -- Up-to-date: /home/open/work/install/dynamixel_sdk_custom_interfaces/share/dynamixel_sdk_custom_interfaces/cmake/dynamixel_sdk_custom_interfaces__rosidl_typesupport_introspection_cppExport-noconfig.cmake
[4.908s] -- Up-to-date: /home/open/work/install/dynamixel_sdk_custom_interfaces/share/dynamixel_sdk_custom_interfaces/cmake/dynamixel_sdk_custom_interfaces__rosidl_typesupport_cppExport.cmake
[4.909s] -- Up-to-date: /home/open/work/install/dynamixel_sdk_custom_interfaces/share/dynamixel_sdk_custom_interfaces/cmake/dynamixel_sdk_custom_interfaces__rosidl_typesupport_cppExport-noconfig.cmake
[4.909s] -- Up-to-date: /home/open/work/install/dynamixel_sdk_custom_interfaces/share/dynamixel_sdk_custom_interfaces/cmake/export_dynamixel_sdk_custom_interfaces__rosidl_generator_pyExport.cmake
[4.909s] -- Up-to-date: /home/open/work/install/dynamixel_sdk_custom_interfaces/share/dynamixel_sdk_custom_interfaces/cmake/export_dynamixel_sdk_custom_interfaces__rosidl_generator_pyExport-noconfig.cmake
[4.909s] -- Up-to-date: /home/open/work/install/dynamixel_sdk_custom_interfaces/share/dynamixel_sdk_custom_interfaces/cmake/rosidl_cmake-extras.cmake
[4.909s] -- Up-to-date: /home/open/work/install/dynamixel_sdk_custom_interfaces/share/dynamixel_sdk_custom_interfaces/cmake/ament_cmake_export_dependencies-extras.cmake
[4.909s] -- Up-to-date: /home/open/work/install/dynamixel_sdk_custom_interfaces/share/dynamixel_sdk_custom_interfaces/cmake/ament_cmake_export_include_directories-extras.cmake
[4.909s] -- Up-to-date: /home/open/work/install/dynamixel_sdk_custom_interfaces/share/dynamixel_sdk_custom_interfaces/cmake/ament_cmake_export_libraries-extras.cmake
[4.909s] -- Up-to-date: /home/open/work/install/dynamixel_sdk_custom_interfaces/share/dynamixel_sdk_custom_interfaces/cmake/ament_cmake_export_targets-extras.cmake
[4.909s] -- Up-to-date: /home/open/work/install/dynamixel_sdk_custom_interfaces/share/dynamixel_sdk_custom_interfaces/cmake/rosidl_cmake_export_typesupport_targets-extras.cmake
[4.910s] -- Up-to-date: /home/open/work/install/dynamixel_sdk_custom_interfaces/share/dynamixel_sdk_custom_interfaces/cmake/rosidl_cmake_export_typesupport_libraries-extras.cmake
[4.910s] -- Up-to-date: /home/open/work/install/dynamixel_sdk_custom_interfaces/share/dynamixel_sdk_custom_interfaces/cmake/dynamixel_sdk_custom_interfacesConfig.cmake
[4.910s] -- Up-to-date: /home/open/work/install/dynamixel_sdk_custom_interfaces/share/dynamixel_sdk_custom_interfaces/cmake/dynamixel_sdk_custom_interfacesConfig-version.cmake
[4.910s] -- Up-to-date: /home/open/work/install/dynamixel_sdk_custom_interfaces/share/dynamixel_sdk_custom_interfaces/package.xml
[4.910s] Invoked command in '/home/open/work/build/dynamixel_sdk_custom_interfaces' returned '0': CMAKE_PREFIX_PATH=${CMAKE_PREFIX_PATH}:/home/open/work/install/parking:/home/open/work/install/object_detection:/home/open/work/install/lider_sub:/home/open/work/install/detect_lane:/home/open/work/install/core:/home/open/work/install/control_motor:/home/open/work/install/control:/home/open/work/install/camera:/opt/ros/humble /usr/bin/cmake --install /home/open/work/build/dynamixel_sdk_custom_interfaces
