[0.028s] Invoking command in '/home/open/work/build/dynamixel_sdk': CMAKE_PREFIX_PATH=/opt/ros/humble /usr/bin/cmake /home/open/work/src/DynamixelSDK/dynamixel_sdk -DCMAKE_INSTALL_PREFIX=/home/open/work/install/dynamixel_sdk
[1.385s] -- The C compiler identification is GNU 11.4.0
[1.385s] -- The CXX compiler identification is GNU 11.4.0
[1.385s] -- Detecting C compiler ABI info
[1.386s] -- Detecting C compiler ABI info - done
[1.386s] -- Check for working C compiler: /usr/bin/cc - skipped
[1.386s] -- Detecting C compile features
[1.386s] -- Detecting C compile features - done
[1.386s] -- Detecting CXX compiler ABI info
[1.386s] -- Detecting CXX compiler ABI info - done
[1.386s] -- Check for working CXX compiler: /usr/bin/c++ - skipped
[1.386s] -- Detecting CXX compile features
[1.386s] -- Detecting CXX compile features - done
[1.386s] -- Found ament_cmake: 1.3.8 (/opt/ros/humble/share/ament_cmake/cmake)
[1.386s] -- Found Python3: /usr/bin/python3 (found version "3.10.12") found components: Interpreter 
[1.386s] -- Configuring done
[1.386s] -- Generating done
[1.386s] -- Build files have been written to: /home/open/work/build/dynamixel_sdk
[1.391s] Invoked command in '/home/open/work/build/dynamixel_sdk' returned '0': CMAKE_PREFIX_PATH=/opt/ros/humble /usr/bin/cmake /home/open/work/src/DynamixelSDK/dynamixel_sdk -DCMAKE_INSTALL_PREFIX=/home/open/work/install/dynamixel_sdk
[1.392s] Invoking command in '/home/open/work/build/dynamixel_sdk': CMAKE_PREFIX_PATH=/opt/ros/humble /usr/bin/cmake --build /home/open/work/build/dynamixel_sdk -- -j16 -l16
[1.430s] [ 10%] [32mBuilding CXX object CMakeFiles/dynamixel_sdk.dir/src/dynamixel_sdk/group_sync_read.cpp.o[0m
[1.430s] [ 20%] [32mBuilding CXX object CMakeFiles/dynamixel_sdk.dir/src/dynamixel_sdk/protocol2_packet_handler.cpp.o[0m
[1.436s] [ 30%] [32mBuilding CXX object CMakeFiles/dynamixel_sdk.dir/src/dynamixel_sdk/protocol1_packet_handler.cpp.o[0m
[1.439s] [ 40%] [32mBuilding CXX object CMakeFiles/dynamixel_sdk.dir/src/dynamixel_sdk/group_bulk_read.cpp.o[0m
[1.439s] [ 50%] [32mBuilding CXX object CMakeFiles/dynamixel_sdk.dir/src/dynamixel_sdk/group_bulk_write.cpp.o[0m
[1.443s] [ 60%] [32mBuilding CXX object CMakeFiles/dynamixel_sdk.dir/src/dynamixel_sdk/group_sync_write.cpp.o[0m
[1.448s] [ 70%] [32mBuilding CXX object CMakeFiles/dynamixel_sdk.dir/src/dynamixel_sdk/port_handler.cpp.o[0m
[1.455s] [ 80%] [32mBuilding CXX object CMakeFiles/dynamixel_sdk.dir/src/dynamixel_sdk/packet_handler.cpp.o[0m
[1.460s] [ 90%] [32mBuilding CXX object CMakeFiles/dynamixel_sdk.dir/src/dynamixel_sdk/port_handler_linux.cpp.o[0m
[2.171s] [100%] [32m[1mLinking CXX shared library libdynamixel_sdk.so[0m
[2.283s] [100%] Built target dynamixel_sdk
[2.313s] Invoked command in '/home/open/work/build/dynamixel_sdk' returned '0': CMAKE_PREFIX_PATH=/opt/ros/humble /usr/bin/cmake --build /home/open/work/build/dynamixel_sdk -- -j16 -l16
[2.417s] Invoking command in '/home/open/work/build/dynamixel_sdk': CMAKE_PREFIX_PATH=/opt/ros/humble /usr/bin/cmake --install /home/open/work/build/dynamixel_sdk
[2.433s] -- Install configuration: ""
[2.433s] -- Installing: /home/open/work/install/dynamixel_sdk/include/
[2.433s] -- Installing: /home/open/work/install/dynamixel_sdk/include//dynamixel_sdk
[2.434s] -- Installing: /home/open/work/install/dynamixel_sdk/include//dynamixel_sdk/group_bulk_read.h
[2.434s] -- Installing: /home/open/work/install/dynamixel_sdk/include//dynamixel_sdk/port_handler_mac.h
[2.434s] -- Installing: /home/open/work/install/dynamixel_sdk/include//dynamixel_sdk/group_sync_read.h
[2.434s] -- Installing: /home/open/work/install/dynamixel_sdk/include//dynamixel_sdk/dynamixel_sdk.h
[2.434s] -- Installing: /home/open/work/install/dynamixel_sdk/include//dynamixel_sdk/port_handler_windows.h
[2.434s] -- Installing: /home/open/work/install/dynamixel_sdk/include//dynamixel_sdk/group_bulk_write.h
[2.434s] -- Installing: /home/open/work/install/dynamixel_sdk/include//dynamixel_sdk/port_handler_linux.h
[2.434s] -- Installing: /home/open/work/install/dynamixel_sdk/include//dynamixel_sdk/port_handler_arduino.h
[2.434s] -- Installing: /home/open/work/install/dynamixel_sdk/include//dynamixel_sdk/protocol2_packet_handler.h
[2.434s] -- Installing: /home/open/work/install/dynamixel_sdk/include//dynamixel_sdk/port_handler.h
[2.434s] -- Installing: /home/open/work/install/dynamixel_sdk/include//dynamixel_sdk/protocol1_packet_handler.h
[2.435s] -- Installing: /home/open/work/install/dynamixel_sdk/include//dynamixel_sdk/group_sync_write.h
[2.435s] -- Installing: /home/open/work/install/dynamixel_sdk/include//dynamixel_sdk/packet_handler.h
[2.435s] -- Installing: /home/open/work/install/dynamixel_sdk/lib/libdynamixel_sdk.so
[2.435s] -- Installing: /home/open/work/install/dynamixel_sdk/share/dynamixel_sdk/environment/library_path.sh
[2.435s] -- Installing: /home/open/work/install/dynamixel_sdk/share/dynamixel_sdk/environment/library_path.dsv
[2.435s] -- Installing: /home/open/work/install/dynamixel_sdk/share/ament_index/resource_index/package_run_dependencies/dynamixel_sdk
[2.435s] -- Installing: /home/open/work/install/dynamixel_sdk/share/ament_index/resource_index/parent_prefix_path/dynamixel_sdk
[2.435s] -- Installing: /home/open/work/install/dynamixel_sdk/share/dynamixel_sdk/environment/ament_prefix_path.sh
[2.435s] -- Installing: /home/open/work/install/dynamixel_sdk/share/dynamixel_sdk/environment/ament_prefix_path.dsv
[2.435s] -- Installing: /home/open/work/install/dynamixel_sdk/share/dynamixel_sdk/environment/path.sh
[2.435s] -- Installing: /home/open/work/install/dynamixel_sdk/share/dynamixel_sdk/environment/path.dsv
[2.435s] -- Installing: /home/open/work/install/dynamixel_sdk/share/dynamixel_sdk/local_setup.bash
[2.436s] -- Installing: /home/open/work/install/dynamixel_sdk/share/dynamixel_sdk/local_setup.sh
[2.436s] -- Installing: /home/open/work/install/dynamixel_sdk/share/dynamixel_sdk/local_setup.zsh
[2.436s] -- Installing: /home/open/work/install/dynamixel_sdk/share/dynamixel_sdk/local_setup.dsv
[2.436s] -- Installing: /home/open/work/install/dynamixel_sdk/share/dynamixel_sdk/package.dsv
[2.439s] -- Installing: /home/open/work/install/dynamixel_sdk/share/ament_index/resource_index/packages/dynamixel_sdk
[2.439s] -- Installing: /home/open/work/install/dynamixel_sdk/share/dynamixel_sdk/cmake/ament_cmake_export_include_directories-extras.cmake
[2.439s] -- Installing: /home/open/work/install/dynamixel_sdk/share/dynamixel_sdk/cmake/ament_cmake_export_libraries-extras.cmake
[2.439s] -- Installing: /home/open/work/install/dynamixel_sdk/share/dynamixel_sdk/cmake/dynamixel_sdkConfig.cmake
[2.439s] -- Installing: /home/open/work/install/dynamixel_sdk/share/dynamixel_sdk/cmake/dynamixel_sdkConfig-version.cmake
[2.439s] -- Installing: /home/open/work/install/dynamixel_sdk/share/dynamixel_sdk/package.xml
[2.462s] Invoked command in '/home/open/work/build/dynamixel_sdk' returned '0': CMAKE_PREFIX_PATH=/opt/ros/humble /usr/bin/cmake --install /home/open/work/build/dynamixel_sdk
