[4.206s] Invoking command in '/home/open/work/src/control': PYTHONPATH=/home/open/work/build/control/prefix_override:/home/open/work/install/control/lib/python3.10/site-packages:${PYTHONPATH} /usr/bin/python3 -W ignore:setup.py install is deprecated setup.py egg_info --egg-base ../../build/control build --build-base /home/open/work/build/control/build install --record /home/open/work/build/control/install.log --single-version-externally-managed install_data
[4.723s] running egg_info
[4.723s] writing ../../build/control/control.egg-info/PKG-INFO
[4.723s] writing dependency_links to ../../build/control/control.egg-info/dependency_links.txt
[4.723s] writing entry points to ../../build/control/control.egg-info/entry_points.txt
[4.723s] writing requirements to ../../build/control/control.egg-info/requires.txt
[4.723s] writing top-level names to ../../build/control/control.egg-info/top_level.txt
[4.723s] reading manifest file '../../build/control/control.egg-info/SOURCES.txt'
[4.725s] writing manifest file '../../build/control/control.egg-info/SOURCES.txt'
[4.725s] running build
[4.726s] running build_py
[4.726s] copying control/control_lane.py -> /home/open/work/build/control/build/lib/control
[4.728s] running install
[4.728s] running install_lib
[4.729s] copying /home/open/work/build/control/build/lib/control/control_lane.py -> /home/open/work/install/control/lib/python3.10/site-packages/control
[4.729s] byte-compiling /home/open/work/install/control/lib/python3.10/site-packages/control/control_lane.py to control_lane.cpython-310.pyc
[4.729s] running install_data
[4.729s] running install_egg_info
[4.731s] removing '/home/open/work/install/control/lib/python3.10/site-packages/control-0.0.0-py3.10.egg-info' (and everything under it)
[4.732s] Copying ../../build/control/control.egg-info to /home/open/work/install/control/lib/python3.10/site-packages/control-0.0.0-py3.10.egg-info
[4.733s] running install_scripts
[4.775s] Installing control_lane script to /home/open/work/install/control/lib/control
[4.776s] writing list of installed files to '/home/open/work/build/control/install.log'
[4.819s] Invoked command in '/home/open/work/src/control' returned '0': PYTHONPATH=/home/open/work/build/control/prefix_override:/home/open/work/install/control/lib/python3.10/site-packages:${PYTHONPATH} /usr/bin/python3 -W ignore:setup.py install is deprecated setup.py egg_info --egg-base ../../build/control build --build-base /home/open/work/build/control/build install --record /home/open/work/build/control/install.log --single-version-externally-managed install_data
