[1.796s] Invoking command in '/home/open/work/src/detect/detect_lane': PYTHONPATH=/home/open/work/build/detect_lane/prefix_override:/home/open/work/install/detect_lane/lib/python3.10/site-packages:${PYTHONPATH} /usr/bin/python3 -W ignore:setup.py install is deprecated setup.py egg_info --egg-base ../../../build/detect_lane build --build-base /home/open/work/build/detect_lane/build install --record /home/open/work/build/detect_lane/install.log --single-version-externally-managed install_data
[1.984s] running egg_info
[1.985s] writing ../../../build/detect_lane/detect_lane.egg-info/PKG-INFO
[1.985s] writing dependency_links to ../../../build/detect_lane/detect_lane.egg-info/dependency_links.txt
[1.985s] writing entry points to ../../../build/detect_lane/detect_lane.egg-info/entry_points.txt
[1.986s] writing requirements to ../../../build/detect_lane/detect_lane.egg-info/requires.txt
[1.986s] writing top-level names to ../../../build/detect_lane/detect_lane.egg-info/top_level.txt
[1.987s] reading manifest file '../../../build/detect_lane/detect_lane.egg-info/SOURCES.txt'
[1.988s] writing manifest file '../../../build/detect_lane/detect_lane.egg-info/SOURCES.txt'
[1.988s] running build
[1.988s] running build_py
[1.988s] copying detect_lane/test_key_pub_signs.py -> /home/open/work/build/detect_lane/build/lib/detect_lane
[1.988s] running install
[1.989s] running install_lib
[1.989s] copying /home/open/work/build/detect_lane/build/lib/detect_lane/test_key_pub_signs.py -> /home/open/work/install/detect_lane/lib/python3.10/site-packages/detect_lane
[1.990s] byte-compiling /home/open/work/install/detect_lane/lib/python3.10/site-packages/detect_lane/test_key_pub_signs.py to test_key_pub_signs.cpython-310.pyc
[1.990s] running install_data
[1.990s] running install_egg_info
[1.991s] removing '/home/open/work/install/detect_lane/lib/python3.10/site-packages/detect_lane-0.0.0-py3.10.egg-info' (and everything under it)
[1.992s] Copying ../../../build/detect_lane/detect_lane.egg-info to /home/open/work/install/detect_lane/lib/python3.10/site-packages/detect_lane-0.0.0-py3.10.egg-info
[1.992s] running install_scripts
[2.008s] Installing detect_lane script to /home/open/work/install/detect_lane/lib/detect_lane
[2.008s] Installing hsv_param_adjustment script to /home/open/work/install/detect_lane/lib/detect_lane
[2.009s] Installing key_pub_signs script to /home/open/work/install/detect_lane/lib/detect_lane
[2.009s] Installing recive_key_pub_signs script to /home/open/work/install/detect_lane/lib/detect_lane
[2.009s] Installing test_key_pub_signs script to /home/open/work/install/detect_lane/lib/detect_lane
[2.009s] writing list of installed files to '/home/open/work/build/detect_lane/install.log'
[2.031s] Invoked command in '/home/open/work/src/detect/detect_lane' returned '0': PYTHONPATH=/home/open/work/build/detect_lane/prefix_override:/home/open/work/install/detect_lane/lib/python3.10/site-packages:${PYTHONPATH} /usr/bin/python3 -W ignore:setup.py install is deprecated setup.py egg_info --egg-base ../../../build/detect_lane build --build-base /home/open/work/build/detect_lane/build install --record /home/open/work/build/detect_lane/install.log --single-version-externally-managed install_data
