[1.695s] Invoking command in '/home/open/work/src/parking': PYTHONPATH=/home/open/work/build/parking/prefix_override:/home/open/work/install/parking/lib/python3.10/site-packages:${PYTHONPATH} /usr/bin/python3 -W ignore:setup.py install is deprecated setup.py egg_info --egg-base ../../build/parking build --build-base /home/open/work/build/parking/build install --record /home/open/work/build/parking/install.log --single-version-externally-managed install_data
[1.899s] running egg_info
[1.900s] writing ../../build/parking/parking.egg-info/PKG-INFO
[1.900s] writing dependency_links to ../../build/parking/parking.egg-info/dependency_links.txt
[1.900s] writing entry points to ../../build/parking/parking.egg-info/entry_points.txt
[1.900s] writing requirements to ../../build/parking/parking.egg-info/requires.txt
[1.900s] writing top-level names to ../../build/parking/parking.egg-info/top_level.txt
[1.901s] reading manifest file '../../build/parking/parking.egg-info/SOURCES.txt'
[1.902s] writing manifest file '../../build/parking/parking.egg-info/SOURCES.txt'
[1.902s] running build
[1.902s] running build_py
[1.902s] running install
[1.903s] running install_lib
[1.903s] running install_data
[1.904s] running install_egg_info
[1.905s] removing '/home/open/work/install/parking/lib/python3.10/site-packages/parking-0.0.0-py3.10.egg-info' (and everything under it)
[1.905s] Copying ../../build/parking/parking.egg-info to /home/open/work/install/parking/lib/python3.10/site-packages/parking-0.0.0-py3.10.egg-info
[1.906s] running install_scripts
[1.925s] Installing parking script to /home/open/work/install/parking/lib/parking
[1.925s] writing list of installed files to '/home/open/work/build/parking/install.log'
[1.959s] Invoked command in '/home/open/work/src/parking' returned '0': PYTHONPATH=/home/open/work/build/parking/prefix_override:/home/open/work/install/parking/lib/python3.10/site-packages:${PYTHONPATH} /usr/bin/python3 -W ignore:setup.py install is deprecated setup.py egg_info --egg-base ../../build/parking build --build-base /home/open/work/build/parking/build install --record /home/open/work/build/parking/install.log --single-version-externally-managed install_data
