[3.092s] Invoking command in '/home/open/work/src/camera': PYTHONPATH=/home/open/work/build/camera/prefix_override:/home/open/work/install/camera/lib/python3.10/site-packages:${PYTHONPATH} /usr/bin/python3 -W ignore:setup.py install is deprecated setup.py egg_info --egg-base ../../build/camera build --build-base /home/open/work/build/camera/build install --record /home/open/work/build/camera/install.log --single-version-externally-managed install_data
[3.581s] running egg_info
[3.582s] writing ../../build/camera/camera.egg-info/PKG-INFO
[3.582s] writing dependency_links to ../../build/camera/camera.egg-info/dependency_links.txt
[3.583s] writing entry points to ../../build/camera/camera.egg-info/entry_points.txt
[3.583s] writing requirements to ../../build/camera/camera.egg-info/requires.txt
[3.583s] writing top-level names to ../../build/camera/camera.egg-info/top_level.txt
[3.586s] reading manifest file '../../build/camera/camera.egg-info/SOURCES.txt'
[3.588s] writing manifest file '../../build/camera/camera.egg-info/SOURCES.txt'
[3.588s] running build
[3.588s] running build_py
[3.588s] running install
[3.589s] running install_lib
[3.595s] running install_data
[3.595s] running install_egg_info
[3.597s] removing '/home/open/work/install/camera/lib/python3.10/site-packages/camera-0.0.0-py3.10.egg-info' (and everything under it)
[3.598s] Copying ../../build/camera/camera.egg-info to /home/open/work/install/camera/lib/python3.10/site-packages/camera-0.0.0-py3.10.egg-info
[3.598s] running install_scripts
[3.633s] Installing H65_camera script to /home/open/work/install/camera/lib/camera
[3.633s] Installing camera script to /home/open/work/install/camera/lib/camera
[3.634s] writing list of installed files to '/home/open/work/build/camera/install.log'
[3.672s] Invoked command in '/home/open/work/src/camera' returned '0': PYTHONPATH=/home/open/work/build/camera/prefix_override:/home/open/work/install/camera/lib/python3.10/site-packages:${PYTHONPATH} /usr/bin/python3 -W ignore:setup.py install is deprecated setup.py egg_info --egg-base ../../build/camera build --build-base /home/open/work/build/camera/build install --record /home/open/work/build/camera/install.log --single-version-externally-managed install_data
