[1.975s] Invoking command in '/home/open/work/src/DynamixelSDK/control_motor': PYTHONPATH=/home/open/work/build/control_motor/prefix_override:/home/open/work/install/control_motor/lib/python3.10/site-packages:${PYTHONPATH} /usr/bin/python3 -W ignore:setup.py install is deprecated setup.py egg_info --egg-base ../../../build/control_motor build --build-base /home/open/work/build/control_motor/build install --record /home/open/work/build/control_motor/install.log --single-version-externally-managed install_data
[2.324s] running egg_info
[2.325s] creating ../../../build/control_motor/control_motor.egg-info
[2.326s] writing ../../../build/control_motor/control_motor.egg-info/PKG-INFO
[2.326s] writing dependency_links to ../../../build/control_motor/control_motor.egg-info/dependency_links.txt
[2.326s] writing entry points to ../../../build/control_motor/control_motor.egg-info/entry_points.txt
[2.327s] writing requirements to ../../../build/control_motor/control_motor.egg-info/requires.txt
[2.327s] writing top-level names to ../../../build/control_motor/control_motor.egg-info/top_level.txt
[2.327s] writing manifest file '../../../build/control_motor/control_motor.egg-info/SOURCES.txt'
[2.330s] reading manifest file '../../../build/control_motor/control_motor.egg-info/SOURCES.txt'
[2.331s] writing manifest file '../../../build/control_motor/control_motor.egg-info/SOURCES.txt'
[2.331s] running build
[2.331s] running build_py
[2.332s] creating /home/open/work/build/control_motor/build
[2.332s] creating /home/open/work/build/control_motor/build/lib
[2.332s] creating /home/open/work/build/control_motor/build/lib/control_motor
[2.332s] copying control_motor/control_dual_xl.py -> /home/open/work/build/control_motor/build/lib/control_motor
[2.332s] copying control_motor/__init__.py -> /home/open/work/build/control_motor/build/lib/control_motor
[2.332s] copying control_motor/Twist2Speed.py -> /home/open/work/build/control_motor/build/lib/control_motor
[2.332s] copying control_motor/control_dual_xm.py -> /home/open/work/build/control_motor/build/lib/control_motor
[2.333s] running install
[2.334s] running install_lib
[2.335s] creating /home/open/work/install/control_motor/lib/python3.10/site-packages/control_motor
[2.335s] copying /home/open/work/build/control_motor/build/lib/control_motor/control_dual_xl.py -> /home/open/work/install/control_motor/lib/python3.10/site-packages/control_motor
[2.335s] copying /home/open/work/build/control_motor/build/lib/control_motor/__init__.py -> /home/open/work/install/control_motor/lib/python3.10/site-packages/control_motor
[2.336s] copying /home/open/work/build/control_motor/build/lib/control_motor/Twist2Speed.py -> /home/open/work/install/control_motor/lib/python3.10/site-packages/control_motor
[2.336s] copying /home/open/work/build/control_motor/build/lib/control_motor/control_dual_xm.py -> /home/open/work/install/control_motor/lib/python3.10/site-packages/control_motor
[2.337s] byte-compiling /home/open/work/install/control_motor/lib/python3.10/site-packages/control_motor/control_dual_xl.py to control_dual_xl.cpython-310.pyc
[2.342s] byte-compiling /home/open/work/install/control_motor/lib/python3.10/site-packages/control_motor/__init__.py to __init__.cpython-310.pyc
[2.342s] byte-compiling /home/open/work/install/control_motor/lib/python3.10/site-packages/control_motor/Twist2Speed.py to Twist2Speed.cpython-310.pyc
[2.342s] byte-compiling /home/open/work/install/control_motor/lib/python3.10/site-packages/control_motor/control_dual_xm.py to control_dual_xm.cpython-310.pyc
[2.342s] running install_data
[2.343s] creating /home/open/work/install/control_motor/share/ament_index
[2.343s] creating /home/open/work/install/control_motor/share/ament_index/resource_index
[2.343s] creating /home/open/work/install/control_motor/share/ament_index/resource_index/packages
[2.343s] copying resource/control_motor -> /home/open/work/install/control_motor/share/ament_index/resource_index/packages
[2.343s] copying package.xml -> /home/open/work/install/control_motor/share/control_motor
[2.343s] creating /home/open/work/install/control_motor/share/control_motor/launch
[2.343s] copying launch/control_dual_xm_launch.py -> /home/open/work/install/control_motor/share/control_motor/launch
[2.343s] copying launch/control_dual_xl_launch.py -> /home/open/work/install/control_motor/share/control_motor/launch
[2.343s] creating /home/open/work/install/control_motor/share/control_motor/config
[2.344s] running install_egg_info
[2.346s] Copying ../../../build/control_motor/control_motor.egg-info to /home/open/work/install/control_motor/lib/python3.10/site-packages/control_motor-0.0.0-py3.10.egg-info
[2.350s] running install_scripts
[2.381s] Installing Twist2Speed script to /home/open/work/install/control_motor/lib/control_motor
[2.382s] Installing control_dual_xl script to /home/open/work/install/control_motor/lib/control_motor
[2.382s] Installing control_dual_xm script to /home/open/work/install/control_motor/lib/control_motor
[2.383s] writing list of installed files to '/home/open/work/build/control_motor/install.log'
[2.489s] Invoked command in '/home/open/work/src/DynamixelSDK/control_motor' returned '0': PYTHONPATH=/home/open/work/build/control_motor/prefix_override:/home/open/work/install/control_motor/lib/python3.10/site-packages:${PYTHONPATH} /usr/bin/python3 -W ignore:setup.py install is deprecated setup.py egg_info --egg-base ../../../build/control_motor build --build-base /home/open/work/build/control_motor/build install --record /home/open/work/build/control_motor/install.log --single-version-externally-managed install_data
