[4.870s] Invoking command in '/home/open/work/src/control': PYTHONPATH=/home/open/work/build/control/prefix_override:/home/open/work/install/control/lib/python3.10/site-packages:${PYTHONPATH} /usr/bin/python3 -W ignore:setup.py install is deprecated setup.py egg_info --egg-base ../../build/control build --build-base /home/open/work/build/control/build install --record /home/open/work/build/control/install.log --single-version-externally-managed install_data
[5.430s] running egg_info
[5.430s] writing ../../build/control/control.egg-info/PKG-INFO
[5.432s] writing dependency_links to ../../build/control/control.egg-info/dependency_links.txt
[5.433s] writing entry points to ../../build/control/control.egg-info/entry_points.txt
[5.433s] writing requirements to ../../build/control/control.egg-info/requires.txt
[5.433s] writing top-level names to ../../build/control/control.egg-info/top_level.txt
[5.436s] reading manifest file '../../build/control/control.egg-info/SOURCES.txt'
[5.436s] writing manifest file '../../build/control/control.egg-info/SOURCES.txt'
[5.436s] running build
[5.436s] running build_py
[5.436s] running install
[5.436s] running install_lib
[5.438s] running install_data
[5.438s] running install_egg_info
[5.441s] removing '/home/open/work/install/control/lib/python3.10/site-packages/control-0.0.0-py3.10.egg-info' (and everything under it)
[5.448s] Copying ../../build/control/control.egg-info to /home/open/work/install/control/lib/python3.10/site-packages/control-0.0.0-py3.10.egg-info
[5.448s] running install_scripts
[5.484s] Installing control_lane script to /home/open/work/install/control/lib/control
[5.485s] writing list of installed files to '/home/open/work/build/control/install.log'
[5.539s] Invoked command in '/home/open/work/src/control' returned '0': PYTHONPATH=/home/open/work/build/control/prefix_override:/home/open/work/install/control/lib/python3.10/site-packages:${PYTHONPATH} /usr/bin/python3 -W ignore:setup.py install is deprecated setup.py egg_info --egg-base ../../build/control build --build-base /home/open/work/build/control/build install --record /home/open/work/build/control/install.log --single-version-externally-managed install_data
