[4.283s] Invoking command in '/home/open/work/src/detect/object_detection': PYTHONPATH=/home/open/work/build/object_detection/prefix_override:/home/open/work/install/object_detection/lib/python3.10/site-packages:${PYTHONPATH} /usr/bin/python3 -W ignore:setup.py install is deprecated setup.py egg_info --egg-base ../../../build/object_detection build --build-base /home/open/work/build/object_detection/build install --record /home/open/work/build/object_detection/install.log --single-version-externally-managed install_data
[4.819s] running egg_info
[4.825s] writing ../../../build/object_detection/object_detection.egg-info/PKG-INFO
[4.825s] writing dependency_links to ../../../build/object_detection/object_detection.egg-info/dependency_links.txt
[4.826s] writing entry points to ../../../build/object_detection/object_detection.egg-info/entry_points.txt
[4.826s] writing requirements to ../../../build/object_detection/object_detection.egg-info/requires.txt
[4.826s] writing top-level names to ../../../build/object_detection/object_detection.egg-info/top_level.txt
[4.826s] reading manifest file '../../../build/object_detection/object_detection.egg-info/SOURCES.txt'
[4.826s] writing manifest file '../../../build/object_detection/object_detection.egg-info/SOURCES.txt'
[4.826s] running build
[4.826s] running build_py
[4.826s] running install
[4.827s] running install_lib
[4.828s] running install_data
[4.829s] running install_egg_info
[4.833s] removing '/home/open/work/install/object_detection/lib/python3.10/site-packages/object_detection-0.0.0-py3.10.egg-info' (and everything under it)
[4.834s] Copying ../../../build/object_detection/object_detection.egg-info to /home/open/work/install/object_detection/lib/python3.10/site-packages/object_detection-0.0.0-py3.10.egg-info
[4.835s] running install_scripts
[4.873s] Installing object_detection script to /home/open/work/install/object_detection/lib/object_detection
[4.873s] writing list of installed files to '/home/open/work/build/object_detection/install.log'
[4.923s] Invoked command in '/home/open/work/src/detect/object_detection' returned '0': PYTHONPATH=/home/open/work/build/object_detection/prefix_override:/home/open/work/install/object_detection/lib/python3.10/site-packages:${PYTHONPATH} /usr/bin/python3 -W ignore:setup.py install is deprecated setup.py egg_info --egg-base ../../../build/object_detection build --build-base /home/open/work/build/object_detection/build install --record /home/open/work/build/object_detection/install.log --single-version-externally-managed install_data
