[1.989s] Invoking command in '/home/open/work/src/control': PYTHONPATH=/home/open/work/build/control/prefix_override:/home/open/work/install/control/lib/python3.10/site-packages:${PYTHONPATH} /usr/bin/python3 -W ignore:setup.py install is deprecated setup.py egg_info --egg-base ../../build/control build --build-base /home/open/work/build/control/build install --record /home/open/work/build/control/install.log --single-version-externally-managed install_data
[2.325s] running egg_info
[2.326s] creating ../../build/control/control.egg-info
[2.326s] writing ../../build/control/control.egg-info/PKG-INFO
[2.327s] writing dependency_links to ../../build/control/control.egg-info/dependency_links.txt
[2.328s] writing entry points to ../../build/control/control.egg-info/entry_points.txt
[2.328s] writing requirements to ../../build/control/control.egg-info/requires.txt
[2.328s] writing top-level names to ../../build/control/control.egg-info/top_level.txt
[2.329s] writing manifest file '../../build/control/control.egg-info/SOURCES.txt'
[2.333s] reading manifest file '../../build/control/control.egg-info/SOURCES.txt'
[2.336s] writing manifest file '../../build/control/control.egg-info/SOURCES.txt'
[2.336s] running build
[2.337s] running build_py
[2.337s] creating /home/open/work/build/control/build
[2.337s] creating /home/open/work/build/control/build/lib
[2.337s] creating /home/open/work/build/control/build/lib/control
[2.337s] copying control/__init__.py -> /home/open/work/build/control/build/lib/control
[2.338s] copying control/control_lane.py -> /home/open/work/build/control/build/lib/control
[2.339s] running install
[2.340s] running install_lib
[2.344s] creating /home/open/work/install/control/lib/python3.10/site-packages/control
[2.344s] copying /home/open/work/build/control/build/lib/control/__init__.py -> /home/open/work/install/control/lib/python3.10/site-packages/control
[2.344s] copying /home/open/work/build/control/build/lib/control/control_lane.py -> /home/open/work/install/control/lib/python3.10/site-packages/control
[2.344s] byte-compiling /home/open/work/install/control/lib/python3.10/site-packages/control/__init__.py to __init__.cpython-310.pyc
[2.344s] byte-compiling /home/open/work/install/control/lib/python3.10/site-packages/control/control_lane.py to control_lane.cpython-310.pyc
[2.346s] running install_data
[2.346s] creating /home/open/work/install/control/share/ament_index
[2.347s] creating /home/open/work/install/control/share/ament_index/resource_index
[2.347s] creating /home/open/work/install/control/share/ament_index/resource_index/packages
[2.347s] copying resource/control -> /home/open/work/install/control/share/ament_index/resource_index/packages
[2.347s] copying package.xml -> /home/open/work/install/control/share/control
[2.347s] creating /home/open/work/install/control/share/control/launch
[2.348s] running install_egg_info
[2.354s] Copying ../../build/control/control.egg-info to /home/open/work/install/control/lib/python3.10/site-packages/control-0.0.0-py3.10.egg-info
[2.355s] running install_scripts
[2.387s] Installing control_lane script to /home/open/work/install/control/lib/control
[2.387s] writing list of installed files to '/home/open/work/build/control/install.log'
[2.481s] Invoked command in '/home/open/work/src/control' returned '0': PYTHONPATH=/home/open/work/build/control/prefix_override:/home/open/work/install/control/lib/python3.10/site-packages:${PYTHONPATH} /usr/bin/python3 -W ignore:setup.py install is deprecated setup.py egg_info --egg-base ../../build/control build --build-base /home/open/work/build/control/build install --record /home/open/work/build/control/install.log --single-version-externally-managed install_data
