[2.557s] Invoking command in '/home/open/work/src/camera': PYTHONPATH=/home/open/work/build/camera/prefix_override:/home/open/work/install/camera/lib/python3.10/site-packages:${PYTHONPATH} /usr/bin/python3 -W ignore:setup.py install is deprecated setup.py egg_info --egg-base ../../build/camera build --build-base /home/open/work/build/camera/build install --record /home/open/work/build/camera/install.log --single-version-externally-managed install_data
[2.981s] running egg_info
[2.982s] writing ../../build/camera/camera.egg-info/PKG-INFO
[2.982s] writing dependency_links to ../../build/camera/camera.egg-info/dependency_links.txt
[2.982s] writing entry points to ../../build/camera/camera.egg-info/entry_points.txt
[2.982s] writing requirements to ../../build/camera/camera.egg-info/requires.txt
[2.983s] writing top-level names to ../../build/camera/camera.egg-info/top_level.txt
[2.985s] reading manifest file '../../build/camera/camera.egg-info/SOURCES.txt'
[2.986s] writing manifest file '../../build/camera/camera.egg-info/SOURCES.txt'
[2.986s] running build
[2.986s] running build_py
[2.986s] copying camera/H65_camera.py -> /home/open/work/build/camera/build/lib/camera
[2.987s] running install
[2.987s] running install_lib
[2.988s] copying /home/open/work/build/camera/build/lib/camera/H65_camera.py -> /home/open/work/install/camera/lib/python3.10/site-packages/camera
[2.989s] byte-compiling /home/open/work/install/camera/lib/python3.10/site-packages/camera/H65_camera.py to H65_camera.cpython-310.pyc
[2.990s] running install_data
[2.990s] running install_egg_info
[2.993s] removing '/home/open/work/install/camera/lib/python3.10/site-packages/camera-0.0.0-py3.10.egg-info' (and everything under it)
[2.994s] Copying ../../build/camera/camera.egg-info to /home/open/work/install/camera/lib/python3.10/site-packages/camera-0.0.0-py3.10.egg-info
[2.994s] running install_scripts
[3.027s] Installing H65_camera script to /home/open/work/install/camera/lib/camera
[3.027s] Installing camera script to /home/open/work/install/camera/lib/camera
[3.028s] writing list of installed files to '/home/open/work/build/camera/install.log'
[3.064s] Invoked command in '/home/open/work/src/camera' returned '0': PYTHONPATH=/home/open/work/build/camera/prefix_override:/home/open/work/install/camera/lib/python3.10/site-packages:${PYTHONPATH} /usr/bin/python3 -W ignore:setup.py install is deprecated setup.py egg_info --egg-base ../../build/camera build --build-base /home/open/work/build/camera/build install --record /home/open/work/build/camera/install.log --single-version-externally-managed install_data
