[2.047s] Invoking command in '/home/open/work/src/core': PYTHONPATH=/home/open/work/build/core/prefix_override:/home/open/work/install/core/lib/python3.10/site-packages:${PYTHONPATH} /usr/bin/python3 -W ignore:setup.py install is deprecated setup.py egg_info --egg-base ../../build/core build --build-base /home/open/work/build/core/build install --record /home/open/work/build/core/install.log --single-version-externally-managed install_data
[2.182s] Traceback (most recent call last):
[2.183s]   File "/home/open/work/src/core/setup.py", line 1, in <module>
[2.183s]     from setuptools import find_packages, setup
[2.183s]   File "/usr/local/lib/python3.10/dist-packages/setuptools/__init__.py", line 16, in <module>
[2.183s]     import setuptools.version
[2.183s]   File "/usr/local/lib/python3.10/dist-packages/setuptools/version.py", line 1, in <module>
[2.183s]     import pkg_resources
[2.183s]   File "/usr/local/lib/python3.10/dist-packages/pkg_resources/__init__.py", line 3243, in <module>
[2.184s]     def _initialize_master_working_set():
[2.184s]   File "/usr/local/lib/python3.10/dist-packages/pkg_resources/__init__.py", line 3226, in _call_aside
[2.184s]     f(*args, **kwargs)
[2.184s]   File "/usr/local/lib/python3.10/dist-packages/pkg_resources/__init__.py", line 3255, in _initialize_master_working_set
[2.184s]     working_set = WorkingSet._build_master()
[2.184s]   File "/usr/local/lib/python3.10/dist-packages/pkg_resources/__init__.py", line 559, in _build_master
[2.184s]     ws = cls()
[2.185s]   File "/usr/local/lib/python3.10/dist-packages/pkg_resources/__init__.py", line 552, in __init__
[2.185s]     self.add_entry(entry)
[2.185s]   File "/usr/local/lib/python3.10/dist-packages/pkg_resources/__init__.py", line 608, in add_entry
[2.185s]     for dist in find_distributions(entry, True):
[2.185s]   File "/usr/local/lib/python3.10/dist-packages/pkg_resources/__init__.py", line 2063, in find_on_path
[2.185s]     for dist in factory(fullpath):
[2.185s]   File "/usr/local/lib/python3.10/dist-packages/pkg_resources/__init__.py", line 2128, in distributions_from_metadata
[2.185s]     yield Distribution.from_location(
[2.185s]   File "/usr/local/lib/python3.10/dist-packages/pkg_resources/__init__.py", line 2591, in from_location
[2.186s]     )._reload_version()
[2.186s]   File "/usr/local/lib/python3.10/dist-packages/pkg_resources/__init__.py", line 2989, in _reload_version
[2.186s]     md_version = self._get_version()
[2.186s]   File "/usr/local/lib/python3.10/dist-packages/pkg_resources/__init__.py", line 2770, in _get_version
[2.186s]     version = _version_from_file(lines)
[2.187s]   File "/usr/local/lib/python3.10/dist-packages/pkg_resources/__init__.py", line 2554, in _version_from_file
[2.187s]     line = next(iter(version_lines), '')
[2.187s]   File "/usr/local/lib/python3.10/dist-packages/pkg_resources/__init__.py", line 2765, in _get_metadata
[2.189s]     for line in self.get_metadata_lines(name):
[2.189s]   File "/usr/local/lib/python3.10/dist-packages/pkg_resources/__init__.py", line 1417, in get_metadata_lines
[2.189s]     return yield_lines(self.get_metadata(name))
[2.189s]   File "/usr/local/lib/python3.10/dist-packages/pkg_resources/__init__.py", line 1407, in get_metadata
[2.190s]     value = self._get(path)
[2.190s]   File "/usr/local/lib/python3.10/dist-packages/pkg_resources/__init__.py", line 1611, in _get
[2.190s]     with open(path, 'rb') as stream:
[2.190s] FileNotFoundError: [Errno 2] No such file or directory: '/home/open/work/install/control/lib/python3.10/site-packages/control-0.0.0-py3.10.egg-info/PKG-INFO'
[2.206s] Invoked command in '/home/open/work/src/core' returned '1': PYTHONPATH=/home/open/work/build/core/prefix_override:/home/open/work/install/core/lib/python3.10/site-packages:${PYTHONPATH} /usr/bin/python3 -W ignore:setup.py install is deprecated setup.py egg_info --egg-base ../../build/core build --build-base /home/open/work/build/core/build install --record /home/open/work/build/core/install.log --single-version-externally-managed install_data
