[1.989s] Invoking command in '/home/open/work/src/detect/object_detection': PYTHONPATH=/home/open/work/build/object_detection/prefix_override:/home/open/work/install/object_detection/lib/python3.10/site-packages:${PYTHONPATH} /usr/bin/python3 -W ignore:setup.py install is deprecated setup.py egg_info --egg-base ../../../build/object_detection build --build-base /home/open/work/build/object_detection/build install --record /home/open/work/build/object_detection/install.log --single-version-externally-managed install_data
[2.184s] running egg_info
[2.185s] writing ../../../build/object_detection/object_detection.egg-info/PKG-INFO
[2.185s] writing dependency_links to ../../../build/object_detection/object_detection.egg-info/dependency_links.txt
[2.186s] writing entry points to ../../../build/object_detection/object_detection.egg-info/entry_points.txt
[2.186s] writing requirements to ../../../build/object_detection/object_detection.egg-info/requires.txt
[2.186s] writing top-level names to ../../../build/object_detection/object_detection.egg-info/top_level.txt
[2.188s] reading manifest file '../../../build/object_detection/object_detection.egg-info/SOURCES.txt'
[2.189s] writing manifest file '../../../build/object_detection/object_detection.egg-info/SOURCES.txt'
[2.189s] running build
[2.189s] running build_py
[2.189s] running install
[2.190s] running install_lib
[2.191s] running install_data
[2.192s] copying launch/object_detection_launch.py -> /home/open/work/install/object_detection/share/object_detection/launch
[2.192s] running install_egg_info
[2.194s] removing '/home/open/work/install/object_detection/lib/python3.10/site-packages/object_detection-0.0.0-py3.10.egg-info' (and everything under it)
[2.194s] Copying ../../../build/object_detection/object_detection.egg-info to /home/open/work/install/object_detection/lib/python3.10/site-packages/object_detection-0.0.0-py3.10.egg-info
[2.195s] running install_scripts
[2.214s] Installing object_detection script to /home/open/work/install/object_detection/lib/object_detection
[2.214s] writing list of installed files to '/home/open/work/build/object_detection/install.log'
[2.243s] Invoked command in '/home/open/work/src/detect/object_detection' returned '0': PYTHONPATH=/home/open/work/build/object_detection/prefix_override:/home/open/work/install/object_detection/lib/python3.10/site-packages:${PYTHONPATH} /usr/bin/python3 -W ignore:setup.py install is deprecated setup.py egg_info --egg-base ../../../build/object_detection build --build-base /home/open/work/build/object_detection/build install --record /home/open/work/build/object_detection/install.log --single-version-externally-managed install_data
