[6.677s] Invoking command in '/home/open/work/src/control': PYTHONPATH=/home/open/work/build/control/prefix_override:/home/open/work/install/control/lib/python3.10/site-packages:${PYTHONPATH} /usr/bin/python3 -W ignore:setup.py install is deprecated setup.py egg_info --egg-base ../../build/control build --build-base /home/open/work/build/control/build install --record /home/open/work/build/control/install.log --single-version-externally-managed install_data
[7.407s] running egg_info
[7.408s] writing ../../build/control/control.egg-info/PKG-INFO
[7.408s] writing dependency_links to ../../build/control/control.egg-info/dependency_links.txt
[7.418s] writing entry points to ../../build/control/control.egg-info/entry_points.txt
[7.418s] writing requirements to ../../build/control/control.egg-info/requires.txt
[7.419s] writing top-level names to ../../build/control/control.egg-info/top_level.txt
[7.419s] reading manifest file '../../build/control/control.egg-info/SOURCES.txt'
[7.419s] writing manifest file '../../build/control/control.egg-info/SOURCES.txt'
[7.419s] running build
[7.419s] running build_py
[7.419s] running install
[7.419s] running install_lib
[7.425s] running install_data
[7.427s] running install_egg_info
[7.427s] removing '/home/open/work/install/control/lib/python3.10/site-packages/control-0.0.0-py3.10.egg-info' (and everything under it)
[7.444s] Copying ../../build/control/control.egg-info to /home/open/work/install/control/lib/python3.10/site-packages/control-0.0.0-py3.10.egg-info
[7.444s] running install_scripts
[7.475s] Installing control_lane script to /home/open/work/install/control/lib/control
[7.475s] writing list of installed files to '/home/open/work/build/control/install.log'
[7.560s] Invoked command in '/home/open/work/src/control' returned '0': PYTHONPATH=/home/open/work/build/control/prefix_override:/home/open/work/install/control/lib/python3.10/site-packages:${PYTHONPATH} /usr/bin/python3 -W ignore:setup.py install is deprecated setup.py egg_info --egg-base ../../build/control build --build-base /home/open/work/build/control/build install --record /home/open/work/build/control/install.log --single-version-externally-managed install_data
