[1.813s] Invoking command in '/home/open/work/src/core': PYTHONPATH=/home/open/work/build/core/prefix_override:/home/open/work/install/core/lib/python3.10/site-packages:${PYTHONPATH} /usr/bin/python3 -W ignore:setup.py install is deprecated setup.py egg_info --egg-base ../../build/core build --build-base /home/open/work/build/core/build install --record /home/open/work/build/core/install.log --single-version-externally-managed install_data
[2.033s] running egg_info
[2.033s] writing ../../build/core/core.egg-info/PKG-INFO
[2.033s] writing dependency_links to ../../build/core/core.egg-info/dependency_links.txt
[2.034s] writing entry points to ../../build/core/core.egg-info/entry_points.txt
[2.034s] writing requirements to ../../build/core/core.egg-info/requires.txt
[2.034s] writing top-level names to ../../build/core/core.egg-info/top_level.txt
[2.035s] reading manifest file '../../build/core/core.egg-info/SOURCES.txt'
[2.036s] writing manifest file '../../build/core/core.egg-info/SOURCES.txt'
[2.036s] running build
[2.036s] running build_py
[2.036s] running install
[2.036s] running install_lib
[2.037s] running install_data
[2.037s] running install_egg_info
[2.038s] removing '/home/open/work/install/core/lib/python3.10/site-packages/core-0.0.0-py3.10.egg-info' (and everything under it)
[2.038s] Copying ../../build/core/core.egg-info to /home/open/work/install/core/lib/python3.10/site-packages/core-0.0.0-py3.10.egg-info
[2.039s] running install_scripts
[2.055s] Installing core script to /home/open/work/install/core/lib/core
[2.055s] writing list of installed files to '/home/open/work/build/core/install.log'
[2.078s] Invoked command in '/home/open/work/src/core' returned '0': PYTHONPATH=/home/open/work/build/core/prefix_override:/home/open/work/install/core/lib/python3.10/site-packages:${PYTHONPATH} /usr/bin/python3 -W ignore:setup.py install is deprecated setup.py egg_info --egg-base ../../build/core build --build-base /home/open/work/build/core/build install --record /home/open/work/build/core/install.log --single-version-externally-managed install_data
