running egg_info
writing ../../build/core/core.egg-info/PKG-INFO
writing dependency_links to ../../build/core/core.egg-info/dependency_links.txt
writing entry points to ../../build/core/core.egg-info/entry_points.txt
writing requirements to ../../build/core/core.egg-info/requires.txt
writing top-level names to ../../build/core/core.egg-info/top_level.txt
reading manifest file '../../build/core/core.egg-info/SOURCES.txt'
writing manifest file '../../build/core/core.egg-info/SOURCES.txt'
running build
running build_py
copying core/core.py -> /home/open/work/build/core/build/lib/core
running install
running install_lib
copying /home/open/work/build/core/build/lib/core/core.py -> /home/open/work/install/core/lib/python3.10/site-packages/core
byte-compiling /home/open/work/install/core/lib/python3.10/site-packages/core/core.py to core.cpython-310.pyc
running install_data
running install_egg_info
removing '/home/open/work/install/core/lib/python3.10/site-packages/core-0.0.0-py3.10.egg-info' (and everything under it)
Copying ../../build/core/core.egg-info to /home/open/work/install/core/lib/python3.10/site-packages/core-0.0.0-py3.10.egg-info
running install_scripts
Installing core script to /home/open/work/install/core/lib/core
writing list of installed files to '/home/open/work/build/core/install.log'
