[1.852s] Invoking command in '/home/open/work/src/core': PYTHONPATH=/home/open/work/build/core/prefix_override:/home/open/work/install/core/lib/python3.10/site-packages:${PYTHONPATH} /usr/bin/python3 -W ignore:setup.py install is deprecated setup.py egg_info --egg-base ../../build/core build --build-base /home/open/work/build/core/build install --record /home/open/work/build/core/install.log --single-version-externally-managed install_data
[2.082s] running egg_info
[2.082s] writing ../../build/core/core.egg-info/PKG-INFO
[2.082s] writing dependency_links to ../../build/core/core.egg-info/dependency_links.txt
[2.082s] writing entry points to ../../build/core/core.egg-info/entry_points.txt
[2.082s] writing requirements to ../../build/core/core.egg-info/requires.txt
[2.083s] writing top-level names to ../../build/core/core.egg-info/top_level.txt
[2.084s] reading manifest file '../../build/core/core.egg-info/SOURCES.txt'
[2.084s] writing manifest file '../../build/core/core.egg-info/SOURCES.txt'
[2.084s] running build
[2.084s] running build_py
[2.085s] copying core/core.py -> /home/open/work/build/core/build/lib/core
[2.085s] running install
[2.086s] running install_lib
[2.086s] copying /home/open/work/build/core/build/lib/core/core.py -> /home/open/work/install/core/lib/python3.10/site-packages/core
[2.087s] byte-compiling /home/open/work/install/core/lib/python3.10/site-packages/core/core.py to core.cpython-310.pyc
[2.087s] running install_data
[2.088s] running install_egg_info
[2.089s] removing '/home/open/work/install/core/lib/python3.10/site-packages/core-0.0.0-py3.10.egg-info' (and everything under it)
[2.089s] Copying ../../build/core/core.egg-info to /home/open/work/install/core/lib/python3.10/site-packages/core-0.0.0-py3.10.egg-info
[2.090s] running install_scripts
[2.102s] Installing core script to /home/open/work/install/core/lib/core
[2.102s] writing list of installed files to '/home/open/work/build/core/install.log'
[2.123s] Invoked command in '/home/open/work/src/core' returned '0': PYTHONPATH=/home/open/work/build/core/prefix_override:/home/open/work/install/core/lib/python3.10/site-packages:${PYTHONPATH} /usr/bin/python3 -W ignore:setup.py install is deprecated setup.py egg_info --egg-base ../../build/core build --build-base /home/open/work/build/core/build install --record /home/open/work/build/core/install.log --single-version-externally-managed install_data
