[2.562s] Invoking command in '/home/open/work/src/parking': PYTHONPATH=/home/open/work/build/parking/prefix_override:/home/open/work/install/parking/lib/python3.10/site-packages:${PYTHONPATH} /usr/bin/python3 -W ignore:setup.py install is deprecated setup.py egg_info --egg-base ../../build/parking build --build-base /home/open/work/build/parking/build install --record /home/open/work/build/parking/install.log --single-version-externally-managed install_data
[2.995s] running egg_info
[2.997s] writing ../../build/parking/parking.egg-info/PKG-INFO
[2.997s] writing dependency_links to ../../build/parking/parking.egg-info/dependency_links.txt
[2.997s] writing entry points to ../../build/parking/parking.egg-info/entry_points.txt
[2.998s] writing requirements to ../../build/parking/parking.egg-info/requires.txt
[2.998s] writing top-level names to ../../build/parking/parking.egg-info/top_level.txt
[3.002s] reading manifest file '../../build/parking/parking.egg-info/SOURCES.txt'
[3.004s] writing manifest file '../../build/parking/parking.egg-info/SOURCES.txt'
[3.004s] running build
[3.004s] running build_py
[3.004s] running install
[3.005s] running install_lib
[3.007s] running install_data
[3.008s] running install_egg_info
[3.012s] removing '/home/open/work/install/parking/lib/python3.10/site-packages/parking-0.0.0-py3.10.egg-info' (and everything under it)
[3.012s] Copying ../../build/parking/parking.egg-info to /home/open/work/install/parking/lib/python3.10/site-packages/parking-0.0.0-py3.10.egg-info
[3.013s] running install_scripts
[3.047s] Installing parking script to /home/open/work/install/parking/lib/parking
[3.048s] writing list of installed files to '/home/open/work/build/parking/install.log'
[3.085s] Invoked command in '/home/open/work/src/parking' returned '0': PYTHONPATH=/home/open/work/build/parking/prefix_override:/home/open/work/install/parking/lib/python3.10/site-packages:${PYTHONPATH} /usr/bin/python3 -W ignore:setup.py install is deprecated setup.py egg_info --egg-base ../../build/parking build --build-base /home/open/work/build/parking/build install --record /home/open/work/build/parking/install.log --single-version-externally-managed install_data
