[0.068s] Invoking command in '/home/open/work/build/dynamixel_sdk': CMAKE_PREFIX_PATH=${CMAKE_PREFIX_PATH}:/home/open/work/install/parking:/home/open/work/install/object_detection:/home/open/work/install/lider_sub:/home/open/work/install/detect_lane:/home/open/work/install/core:/home/open/work/install/control_motor:/home/open/work/install/control:/home/open/work/install/camera:/opt/ros/humble /usr/bin/cmake --build /home/open/work/build/dynamixel_sdk -- -j16 -l16
[2.019s] [100%] Built target dynamixel_sdk
[2.028s] Invoked command in '/home/open/work/build/dynamixel_sdk' returned '0': CMAKE_PREFIX_PATH=${CMAKE_PREFIX_PATH}:/home/open/work/install/parking:/home/open/work/install/object_detection:/home/open/work/install/lider_sub:/home/open/work/install/detect_lane:/home/open/work/install/core:/home/open/work/install/control_motor:/home/open/work/install/control:/home/open/work/install/camera:/opt/ros/humble /usr/bin/cmake --build /home/open/work/build/dynamixel_sdk -- -j16 -l16
[2.139s] Invoking command in '/home/open/work/build/dynamixel_sdk': CMAKE_PREFIX_PATH=${CMAKE_PREFIX_PATH}:/home/open/work/install/parking:/home/open/work/install/object_detection:/home/open/work/install/lider_sub:/home/open/work/install/detect_lane:/home/open/work/install/core:/home/open/work/install/control_motor:/home/open/work/install/control:/home/open/work/install/camera:/opt/ros/humble /usr/bin/cmake --install /home/open/work/build/dynamixel_sdk
[2.151s] -- Install configuration: ""
[2.152s] -- Up-to-date: /home/open/work/install/dynamixel_sdk/include/
[2.152s] -- Up-to-date: /home/open/work/install/dynamixel_sdk/include//dynamixel_sdk
[2.152s] -- Up-to-date: /home/open/work/install/dynamixel_sdk/include//dynamixel_sdk/group_bulk_read.h
[2.152s] -- Up-to-date: /home/open/work/install/dynamixel_sdk/include//dynamixel_sdk/port_handler_mac.h
[2.153s] -- Up-to-date: /home/open/work/install/dynamixel_sdk/include//dynamixel_sdk/group_sync_read.h
[2.153s] -- Up-to-date: /home/open/work/install/dynamixel_sdk/include//dynamixel_sdk/dynamixel_sdk.h
[2.153s] -- Up-to-date: /home/open/work/install/dynamixel_sdk/include//dynamixel_sdk/port_handler_windows.h
[2.153s] -- Up-to-date: /home/open/work/install/dynamixel_sdk/include//dynamixel_sdk/group_bulk_write.h
[2.154s] -- Up-to-date: /home/open/work/install/dynamixel_sdk/include//dynamixel_sdk/port_handler_linux.h
[2.154s] -- Up-to-date: /home/open/work/install/dynamixel_sdk/include//dynamixel_sdk/port_handler_arduino.h
[2.154s] -- Up-to-date: /home/open/work/install/dynamixel_sdk/include//dynamixel_sdk/protocol2_packet_handler.h
[2.154s] -- Up-to-date: /home/open/work/install/dynamixel_sdk/include//dynamixel_sdk/port_handler.h
[2.154s] -- Up-to-date: /home/open/work/install/dynamixel_sdk/include//dynamixel_sdk/protocol1_packet_handler.h
[2.154s] -- Up-to-date: /home/open/work/install/dynamixel_sdk/include//dynamixel_sdk/group_sync_write.h
[2.155s] -- Up-to-date: /home/open/work/install/dynamixel_sdk/include//dynamixel_sdk/packet_handler.h
[2.156s] -- Up-to-date: /home/open/work/install/dynamixel_sdk/lib/libdynamixel_sdk.so
[2.157s] -- Up-to-date: /home/open/work/install/dynamixel_sdk/share/dynamixel_sdk/environment/library_path.sh
[2.158s] -- Up-to-date: /home/open/work/install/dynamixel_sdk/share/dynamixel_sdk/environment/library_path.dsv
[2.158s] -- Up-to-date: /home/open/work/install/dynamixel_sdk/share/ament_index/resource_index/package_run_dependencies/dynamixel_sdk
[2.158s] -- Up-to-date: /home/open/work/install/dynamixel_sdk/share/ament_index/resource_index/parent_prefix_path/dynamixel_sdk
[2.159s] -- Up-to-date: /home/open/work/install/dynamixel_sdk/share/dynamixel_sdk/environment/ament_prefix_path.sh
[2.159s] -- Up-to-date: /home/open/work/install/dynamixel_sdk/share/dynamixel_sdk/environment/ament_prefix_path.dsv
[2.159s] -- Up-to-date: /home/open/work/install/dynamixel_sdk/share/dynamixel_sdk/environment/path.sh
[2.160s] -- Up-to-date: /home/open/work/install/dynamixel_sdk/share/dynamixel_sdk/environment/path.dsv
[2.160s] -- Up-to-date: /home/open/work/install/dynamixel_sdk/share/dynamixel_sdk/local_setup.bash
[2.160s] -- Up-to-date: /home/open/work/install/dynamixel_sdk/share/dynamixel_sdk/local_setup.sh
[2.160s] -- Up-to-date: /home/open/work/install/dynamixel_sdk/share/dynamixel_sdk/local_setup.zsh
[2.161s] -- Up-to-date: /home/open/work/install/dynamixel_sdk/share/dynamixel_sdk/local_setup.dsv
[2.162s] -- Installing: /home/open/work/install/dynamixel_sdk/share/dynamixel_sdk/package.dsv
[2.162s] -- Up-to-date: /home/open/work/install/dynamixel_sdk/share/ament_index/resource_index/packages/dynamixel_sdk
[2.162s] -- Up-to-date: /home/open/work/install/dynamixel_sdk/share/dynamixel_sdk/cmake/ament_cmake_export_include_directories-extras.cmake
[2.163s] -- Up-to-date: /home/open/work/install/dynamixel_sdk/share/dynamixel_sdk/cmake/ament_cmake_export_libraries-extras.cmake
[2.163s] -- Up-to-date: /home/open/work/install/dynamixel_sdk/share/dynamixel_sdk/cmake/dynamixel_sdkConfig.cmake
[2.163s] -- Up-to-date: /home/open/work/install/dynamixel_sdk/share/dynamixel_sdk/cmake/dynamixel_sdkConfig-version.cmake
[2.163s] -- Up-to-date: /home/open/work/install/dynamixel_sdk/share/dynamixel_sdk/package.xml
[2.164s] Invoked command in '/home/open/work/build/dynamixel_sdk' returned '0': CMAKE_PREFIX_PATH=${CMAKE_PREFIX_PATH}:/home/open/work/install/parking:/home/open/work/install/object_detection:/home/open/work/install/lider_sub:/home/open/work/install/detect_lane:/home/open/work/install/core:/home/open/work/install/control_motor:/home/open/work/install/control:/home/open/work/install/camera:/opt/ros/humble /usr/bin/cmake --install /home/open/work/build/dynamixel_sdk
