[1.972s] Invoking command in '/home/open/work/src/control': PYTHONPATH=/home/open/work/build/control/prefix_override:/home/open/work/install/control/lib/python3.10/site-packages:${PYTHONPATH} /usr/bin/python3 -W ignore:setup.py install is deprecated setup.py egg_info --egg-base ../../build/control build --build-base /home/open/work/build/control/build install --record /home/open/work/build/control/install.log --single-version-externally-managed install_data
[2.224s] running egg_info
[2.226s] writing ../../build/control/control.egg-info/PKG-INFO
[2.227s] writing dependency_links to ../../build/control/control.egg-info/dependency_links.txt
[2.227s] writing entry points to ../../build/control/control.egg-info/entry_points.txt
[2.227s] writing requirements to ../../build/control/control.egg-info/requires.txt
[2.227s] writing top-level names to ../../build/control/control.egg-info/top_level.txt
[2.229s] reading manifest file '../../build/control/control.egg-info/SOURCES.txt'
[2.229s] writing manifest file '../../build/control/control.egg-info/SOURCES.txt'
[2.229s] running build
[2.230s] running build_py
[2.230s] running install
[2.230s] running install_lib
[2.231s] running install_data
[2.231s] running install_egg_info
[2.233s] removing '/home/open/work/install/control/lib/python3.10/site-packages/control-0.0.0-py3.10.egg-info' (and everything under it)
[2.233s] Copying ../../build/control/control.egg-info to /home/open/work/install/control/lib/python3.10/site-packages/control-0.0.0-py3.10.egg-info
[2.234s] running install_scripts
[2.258s] Installing control_lane script to /home/open/work/install/control/lib/control
[2.258s] writing list of installed files to '/home/open/work/build/control/install.log'
[2.282s] Invoked command in '/home/open/work/src/control' returned '0': PYTHONPATH=/home/open/work/build/control/prefix_override:/home/open/work/install/control/lib/python3.10/site-packages:${PYTHONPATH} /usr/bin/python3 -W ignore:setup.py install is deprecated setup.py egg_info --egg-base ../../build/control build --build-base /home/open/work/build/control/build install --record /home/open/work/build/control/install.log --single-version-externally-managed install_data
