[3.319s] Invoking command in '/home/open/work/src/detect/detect_lane': PYTHONPATH=/home/open/work/build/detect_lane/prefix_override:/home/open/work/install/detect_lane/lib/python3.10/site-packages:${PYTHONPATH} /usr/bin/python3 -W ignore:setup.py install is deprecated setup.py egg_info --egg-base ../../../build/detect_lane build --build-base /home/open/work/build/detect_lane/build install --record /home/open/work/build/detect_lane/install.log --single-version-externally-managed install_data
[3.733s] running egg_info
[3.735s] writing ../../../build/detect_lane/detect_lane.egg-info/PKG-INFO
[3.735s] writing dependency_links to ../../../build/detect_lane/detect_lane.egg-info/dependency_links.txt
[3.735s] writing entry points to ../../../build/detect_lane/detect_lane.egg-info/entry_points.txt
[3.735s] writing requirements to ../../../build/detect_lane/detect_lane.egg-info/requires.txt
[3.736s] writing top-level names to ../../../build/detect_lane/detect_lane.egg-info/top_level.txt
[3.739s] reading manifest file '../../../build/detect_lane/detect_lane.egg-info/SOURCES.txt'
[3.740s] writing manifest file '../../../build/detect_lane/detect_lane.egg-info/SOURCES.txt'
[3.740s] running build
[3.741s] running build_py
[3.741s] running install
[3.742s] running install_lib
[3.743s] running install_data
[3.744s] running install_egg_info
[3.747s] removing '/home/open/work/install/detect_lane/lib/python3.10/site-packages/detect_lane-0.0.0-py3.10.egg-info' (and everything under it)
[3.748s] Copying ../../../build/detect_lane/detect_lane.egg-info to /home/open/work/install/detect_lane/lib/python3.10/site-packages/detect_lane-0.0.0-py3.10.egg-info
[3.749s] running install_scripts
[3.778s] Installing detect_lane script to /home/open/work/install/detect_lane/lib/detect_lane
[3.778s] Installing hsv_param_adjustment script to /home/open/work/install/detect_lane/lib/detect_lane
[3.779s] writing list of installed files to '/home/open/work/build/detect_lane/install.log'
[3.822s] Invoked command in '/home/open/work/src/detect/detect_lane' returned '0': PYTHONPATH=/home/open/work/build/detect_lane/prefix_override:/home/open/work/install/detect_lane/lib/python3.10/site-packages:${PYTHONPATH} /usr/bin/python3 -W ignore:setup.py install is deprecated setup.py egg_info --egg-base ../../../build/detect_lane build --build-base /home/open/work/build/detect_lane/build install --record /home/open/work/build/detect_lane/install.log --single-version-externally-managed install_data
