[2.666s] Invoking command in '/home/open/work/src/parking': PYTHONPATH=/home/open/work/build/parking/prefix_override:/home/open/work/install/parking/lib/python3.10/site-packages:${PYTHONPATH} /usr/bin/python3 -W ignore:setup.py install is deprecated setup.py egg_info --egg-base ../../build/parking build --build-base /home/open/work/build/parking/build install --record /home/open/work/build/parking/install.log --single-version-externally-managed install_data
[3.090s] running egg_info
[3.091s] writing ../../build/parking/parking.egg-info/PKG-INFO
[3.091s] writing dependency_links to ../../build/parking/parking.egg-info/dependency_links.txt
[3.091s] writing entry points to ../../build/parking/parking.egg-info/entry_points.txt
[3.091s] writing requirements to ../../build/parking/parking.egg-info/requires.txt
[3.092s] writing top-level names to ../../build/parking/parking.egg-info/top_level.txt
[3.094s] reading manifest file '../../build/parking/parking.egg-info/SOURCES.txt'
[3.095s] writing manifest file '../../build/parking/parking.egg-info/SOURCES.txt'
[3.095s] running build
[3.095s] running build_py
[3.095s] running install
[3.096s] running install_lib
[3.097s] running install_data
[3.098s] running install_egg_info
[3.100s] removing '/home/open/work/install/parking/lib/python3.10/site-packages/parking-0.0.0-py3.10.egg-info' (and everything under it)
[3.101s] Copying ../../build/parking/parking.egg-info to /home/open/work/install/parking/lib/python3.10/site-packages/parking-0.0.0-py3.10.egg-info
[3.102s] running install_scripts
[3.128s] Installing parking script to /home/open/work/install/parking/lib/parking
[3.129s] writing list of installed files to '/home/open/work/build/parking/install.log'
[3.156s] Invoked command in '/home/open/work/src/parking' returned '0': PYTHONPATH=/home/open/work/build/parking/prefix_override:/home/open/work/install/parking/lib/python3.10/site-packages:${PYTHONPATH} /usr/bin/python3 -W ignore:setup.py install is deprecated setup.py egg_info --egg-base ../../build/parking build --build-base /home/open/work/build/parking/build install --record /home/open/work/build/parking/install.log --single-version-externally-managed install_data
