[4.209s] Invoking command in '/home/open/work/src/core': PYTHONPATH=/home/open/work/build/core/prefix_override:/home/open/work/install/core/lib/python3.10/site-packages:${PYTHONPATH} /usr/bin/python3 -W ignore:setup.py install is deprecated setup.py egg_info --egg-base ../../build/core build --build-base /home/open/work/build/core/build install --record /home/open/work/build/core/install.log --single-version-externally-managed install_data
[4.728s] running egg_info
[4.734s] writing ../../build/core/core.egg-info/PKG-INFO
[4.734s] writing dependency_links to ../../build/core/core.egg-info/dependency_links.txt
[4.735s] writing entry points to ../../build/core/core.egg-info/entry_points.txt
[4.735s] writing requirements to ../../build/core/core.egg-info/requires.txt
[4.735s] writing top-level names to ../../build/core/core.egg-info/top_level.txt
[4.739s] reading manifest file '../../build/core/core.egg-info/SOURCES.txt'
[4.741s] writing manifest file '../../build/core/core.egg-info/SOURCES.txt'
[4.741s] running build
[4.741s] running build_py
[4.741s] running install
[4.746s] running install_lib
[4.755s] running install_data
[4.756s] running install_egg_info
[4.764s] removing '/home/open/work/install/core/lib/python3.10/site-packages/core-0.0.0-py3.10.egg-info' (and everything under it)
[4.764s] Copying ../../build/core/core.egg-info to /home/open/work/install/core/lib/python3.10/site-packages/core-0.0.0-py3.10.egg-info
[4.779s] running install_scripts
[4.836s] Installing core script to /home/open/work/install/core/lib/core
[4.842s] writing list of installed files to '/home/open/work/build/core/install.log'
[4.914s] Invoked command in '/home/open/work/src/core' returned '0': PYTHONPATH=/home/open/work/build/core/prefix_override:/home/open/work/install/core/lib/python3.10/site-packages:${PYTHONPATH} /usr/bin/python3 -W ignore:setup.py install is deprecated setup.py egg_info --egg-base ../../build/core build --build-base /home/open/work/build/core/build install --record /home/open/work/build/core/install.log --single-version-externally-managed install_data
