[1.925s] Invoking command in '/home/open/work/src/lider_sub': PYTHONPATH=/home/open/work/build/lider_sub/prefix_override:/home/open/work/install/lider_sub/lib/python3.10/site-packages:${PYTHONPATH} /usr/bin/python3 -W ignore:setup.py install is deprecated setup.py egg_info --egg-base ../../build/lider_sub build --build-base /home/open/work/build/lider_sub/build install --record /home/open/work/build/lider_sub/install.log --single-version-externally-managed install_data
[2.253s] running egg_info
[2.254s] writing ../../build/lider_sub/lider_sub.egg-info/PKG-INFO
[2.254s] writing dependency_links to ../../build/lider_sub/lider_sub.egg-info/dependency_links.txt
[2.254s] writing entry points to ../../build/lider_sub/lider_sub.egg-info/entry_points.txt
[2.254s] writing requirements to ../../build/lider_sub/lider_sub.egg-info/requires.txt
[2.254s] writing top-level names to ../../build/lider_sub/lider_sub.egg-info/top_level.txt
[2.257s] reading manifest file '../../build/lider_sub/lider_sub.egg-info/SOURCES.txt'
[2.258s] writing manifest file '../../build/lider_sub/lider_sub.egg-info/SOURCES.txt'
[2.258s] running build
[2.259s] running build_py
[2.259s] running install
[2.259s] running install_lib
[2.261s] running install_data
[2.261s] running install_egg_info
[2.264s] removing '/home/open/work/install/lider_sub/lib/python3.10/site-packages/lider_sub-0.0.0-py3.10.egg-info' (and everything under it)
[2.265s] Copying ../../build/lider_sub/lider_sub.egg-info to /home/open/work/install/lider_sub/lib/python3.10/site-packages/lider_sub-0.0.0-py3.10.egg-info
[2.266s] running install_scripts
[2.293s] Installing lider_sub script to /home/open/work/install/lider_sub/lib/lider_sub
[2.294s] writing list of installed files to '/home/open/work/build/lider_sub/install.log'
[2.319s] Invoked command in '/home/open/work/src/lider_sub' returned '0': PYTHONPATH=/home/open/work/build/lider_sub/prefix_override:/home/open/work/install/lider_sub/lib/python3.10/site-packages:${PYTHONPATH} /usr/bin/python3 -W ignore:setup.py install is deprecated setup.py egg_info --egg-base ../../build/lider_sub build --build-base /home/open/work/build/lider_sub/build install --record /home/open/work/build/lider_sub/install.log --single-version-externally-managed install_data
