[4.400s] Invoking command in '/home/open/work/src/parking': PYTHONPATH=/home/open/work/build/parking/prefix_override:/home/open/work/install/parking/lib/python3.10/site-packages:${PYTHONPATH} /usr/bin/python3 -W ignore:setup.py install is deprecated setup.py egg_info --egg-base ../../build/parking build --build-base /home/open/work/build/parking/build install --record /home/open/work/build/parking/install.log --single-version-externally-managed install_data
[4.893s] running egg_info
[4.893s] writing ../../build/parking/parking.egg-info/PKG-INFO
[4.893s] writing dependency_links to ../../build/parking/parking.egg-info/dependency_links.txt
[4.894s] writing entry points to ../../build/parking/parking.egg-info/entry_points.txt
[4.894s] writing requirements to ../../build/parking/parking.egg-info/requires.txt
[4.894s] writing top-level names to ../../build/parking/parking.egg-info/top_level.txt
[4.901s] reading manifest file '../../build/parking/parking.egg-info/SOURCES.txt'
[4.906s] writing manifest file '../../build/parking/parking.egg-info/SOURCES.txt'
[4.906s] running build
[4.906s] running build_py
[4.906s] running install
[4.907s] running install_lib
[4.907s] running install_data
[4.907s] running install_egg_info
[4.911s] removing '/home/open/work/install/parking/lib/python3.10/site-packages/parking-0.0.0-py3.10.egg-info' (and everything under it)
[4.911s] Copying ../../build/parking/parking.egg-info to /home/open/work/install/parking/lib/python3.10/site-packages/parking-0.0.0-py3.10.egg-info
[4.915s] running install_scripts
[4.952s] Installing parking script to /home/open/work/install/parking/lib/parking
[4.952s] writing list of installed files to '/home/open/work/build/parking/install.log'
[5.011s] Invoked command in '/home/open/work/src/parking' returned '0': PYTHONPATH=/home/open/work/build/parking/prefix_override:/home/open/work/install/parking/lib/python3.10/site-packages:${PYTHONPATH} /usr/bin/python3 -W ignore:setup.py install is deprecated setup.py egg_info --egg-base ../../build/parking build --build-base /home/open/work/build/parking/build install --record /home/open/work/build/parking/install.log --single-version-externally-managed install_data
