[6.753s] Invoking command in '/home/open/work/src/parking': PYTHONPATH=/home/open/work/build/parking/prefix_override:/home/open/work/install/parking/lib/python3.10/site-packages:${PYTHONPATH} /usr/bin/python3 -W ignore:setup.py install is deprecated setup.py egg_info --egg-base ../../build/parking build --build-base /home/open/work/build/parking/build install --record /home/open/work/build/parking/install.log --single-version-externally-managed install_data
[7.561s] running egg_info
[7.561s] writing ../../build/parking/parking.egg-info/PKG-INFO
[7.561s] writing dependency_links to ../../build/parking/parking.egg-info/dependency_links.txt
[7.562s] writing entry points to ../../build/parking/parking.egg-info/entry_points.txt
[7.562s] writing requirements to ../../build/parking/parking.egg-info/requires.txt
[7.562s] writing top-level names to ../../build/parking/parking.egg-info/top_level.txt
[7.562s] reading manifest file '../../build/parking/parking.egg-info/SOURCES.txt'
[7.563s] writing manifest file '../../build/parking/parking.egg-info/SOURCES.txt'
[7.563s] running build
[7.563s] running build_py
[7.563s] running install
[7.564s] running install_lib
[7.564s] running install_data
[7.564s] running install_egg_info
[7.634s] removing '/home/open/work/install/parking/lib/python3.10/site-packages/parking-0.0.0-py3.10.egg-info' (and everything under it)
[7.635s] Copying ../../build/parking/parking.egg-info to /home/open/work/install/parking/lib/python3.10/site-packages/parking-0.0.0-py3.10.egg-info
[7.636s] running install_scripts
[7.643s] Installing parking script to /home/open/work/install/parking/lib/parking
[7.643s] writing list of installed files to '/home/open/work/build/parking/install.log'
[7.728s] Invoked command in '/home/open/work/src/parking' returned '0': PYTHONPATH=/home/open/work/build/parking/prefix_override:/home/open/work/install/parking/lib/python3.10/site-packages:${PYTHONPATH} /usr/bin/python3 -W ignore:setup.py install is deprecated setup.py egg_info --egg-base ../../build/parking build --build-base /home/open/work/build/parking/build install --record /home/open/work/build/parking/install.log --single-version-externally-managed install_data
