[2.870s] Invoking command in '/home/open/work/src/parking': PYTHONPATH=/home/open/work/build/parking/prefix_override:/home/open/work/install/parking/lib/python3.10/site-packages:${PYTHONPATH} /usr/bin/python3 -W ignore:setup.py install is deprecated setup.py egg_info --egg-base ../../build/parking build --build-base /home/open/work/build/parking/build install --record /home/open/work/build/parking/install.log --single-version-externally-managed install_data
[3.328s] running egg_info
[3.329s] writing ../../build/parking/parking.egg-info/PKG-INFO
[3.329s] writing dependency_links to ../../build/parking/parking.egg-info/dependency_links.txt
[3.329s] writing entry points to ../../build/parking/parking.egg-info/entry_points.txt
[3.329s] writing requirements to ../../build/parking/parking.egg-info/requires.txt
[3.329s] writing top-level names to ../../build/parking/parking.egg-info/top_level.txt
[3.333s] reading manifest file '../../build/parking/parking.egg-info/SOURCES.txt'
[3.334s] writing manifest file '../../build/parking/parking.egg-info/SOURCES.txt'
[3.334s] running build
[3.334s] running build_py
[3.334s] running install
[3.335s] running install_lib
[3.336s] running install_data
[3.337s] running install_egg_info
[3.341s] removing '/home/open/work/install/parking/lib/python3.10/site-packages/parking-0.0.0-py3.10.egg-info' (and everything under it)
[3.342s] Copying ../../build/parking/parking.egg-info to /home/open/work/install/parking/lib/python3.10/site-packages/parking-0.0.0-py3.10.egg-info
[3.343s] running install_scripts
[3.383s] Installing parking script to /home/open/work/install/parking/lib/parking
[3.384s] writing list of installed files to '/home/open/work/build/parking/install.log'
[3.432s] Invoked command in '/home/open/work/src/parking' returned '0': PYTHONPATH=/home/open/work/build/parking/prefix_override:/home/open/work/install/parking/lib/python3.10/site-packages:${PYTHONPATH} /usr/bin/python3 -W ignore:setup.py install is deprecated setup.py egg_info --egg-base ../../build/parking build --build-base /home/open/work/build/parking/build install --record /home/open/work/build/parking/install.log --single-version-externally-managed install_data
