[1.752s] Invoking command in '/home/open/work/src/detect/object_detection': PYTHONPATH=/home/open/work/build/object_detection/prefix_override:/home/open/work/install/object_detection/lib/python3.10/site-packages:${PYTHONPATH} /usr/bin/python3 -W ignore:setup.py install is deprecated setup.py egg_info --egg-base ../../../build/object_detection build --build-base /home/open/work/build/object_detection/build install --record /home/open/work/build/object_detection/install.log --single-version-externally-managed install_data
[1.950s] running egg_info
[1.951s] writing ../../../build/object_detection/object_detection.egg-info/PKG-INFO
[1.951s] writing dependency_links to ../../../build/object_detection/object_detection.egg-info/dependency_links.txt
[1.951s] writing entry points to ../../../build/object_detection/object_detection.egg-info/entry_points.txt
[1.951s] writing requirements to ../../../build/object_detection/object_detection.egg-info/requires.txt
[1.951s] writing top-level names to ../../../build/object_detection/object_detection.egg-info/top_level.txt
[1.953s] reading manifest file '../../../build/object_detection/object_detection.egg-info/SOURCES.txt'
[1.954s] writing manifest file '../../../build/object_detection/object_detection.egg-info/SOURCES.txt'
[1.954s] running build
[1.954s] running build_py
[1.954s] running install
[1.954s] running install_lib
[1.955s] running install_data
[1.956s] running install_egg_info
[1.958s] removing '/home/open/work/install/object_detection/lib/python3.10/site-packages/object_detection-0.0.0-py3.10.egg-info' (and everything under it)
[1.959s] Copying ../../../build/object_detection/object_detection.egg-info to /home/open/work/install/object_detection/lib/python3.10/site-packages/object_detection-0.0.0-py3.10.egg-info
[1.959s] running install_scripts
[1.975s] Installing object_detection script to /home/open/work/install/object_detection/lib/object_detection
[1.976s] writing list of installed files to '/home/open/work/build/object_detection/install.log'
[1.997s] Invoked command in '/home/open/work/src/detect/object_detection' returned '0': PYTHONPATH=/home/open/work/build/object_detection/prefix_override:/home/open/work/install/object_detection/lib/python3.10/site-packages:${PYTHONPATH} /usr/bin/python3 -W ignore:setup.py install is deprecated setup.py egg_info --egg-base ../../../build/object_detection build --build-base /home/open/work/build/object_detection/build install --record /home/open/work/build/object_detection/install.log --single-version-externally-managed install_data
