[1.938s] Invoking command in '/home/open/work/src/red': PYTHONPATH=/home/open/work/build/red/prefix_override:/home/open/work/install/red/lib/python3.10/site-packages:${PYTHONPATH} /usr/bin/python3 -W ignore:setup.py install is deprecated setup.py egg_info --egg-base ../../build/red build --build-base /home/open/work/build/red/build install --record /home/open/work/build/red/install.log --single-version-externally-managed install_data
[2.118s] running egg_info
[2.119s] writing ../../build/red/red.egg-info/PKG-INFO
[2.119s] writing dependency_links to ../../build/red/red.egg-info/dependency_links.txt
[2.120s] writing entry points to ../../build/red/red.egg-info/entry_points.txt
[2.120s] writing requirements to ../../build/red/red.egg-info/requires.txt
[2.120s] writing top-level names to ../../build/red/red.egg-info/top_level.txt
[2.121s] reading manifest file '../../build/red/red.egg-info/SOURCES.txt'
[2.121s] writing manifest file '../../build/red/red.egg-info/SOURCES.txt'
[2.121s] running build
[2.122s] running build_py
[2.122s] running install
[2.122s] running install_lib
[2.123s] running install_data
[2.123s] running install_egg_info
[2.124s] removing '/home/open/work/install/red/lib/python3.10/site-packages/red-0.0.0-py3.10.egg-info' (and everything under it)
[2.124s] Copying ../../build/red/red.egg-info to /home/open/work/install/red/lib/python3.10/site-packages/red-0.0.0-py3.10.egg-info
[2.125s] running install_scripts
[2.139s] Installing red script to /home/open/work/install/red/lib/red
[2.139s] writing list of installed files to '/home/open/work/build/red/install.log'
[2.176s] Invoked command in '/home/open/work/src/red' returned '0': PYTHONPATH=/home/open/work/build/red/prefix_override:/home/open/work/install/red/lib/python3.10/site-packages:${PYTHONPATH} /usr/bin/python3 -W ignore:setup.py install is deprecated setup.py egg_info --egg-base ../../build/red build --build-base /home/open/work/build/red/build install --record /home/open/work/build/red/install.log --single-version-externally-managed install_data
