/home/open/work/install/detect_lane/lib/python3.10/site-packages/detect_lane/hsv_param_adjustment.py
/home/open/work/install/detect_lane/lib/python3.10/site-packages/detect_lane/recive_key_pub_signs .py
/home/open/work/install/detect_lane/lib/python3.10/site-packages/detect_lane/test_key_pub_signs.py
/home/open/work/install/detect_lane/lib/python3.10/site-packages/detect_lane/detect_lane.py
/home/open/work/install/detect_lane/lib/python3.10/site-packages/detect_lane/key_pub_signs.py
/home/open/work/install/detect_lane/lib/python3.10/site-packages/detect_lane/__init__.py
/home/open/work/install/detect_lane/lib/python3.10/site-packages/detect_lane/__pycache__/hsv_param_adjustment.cpython-310.pyc
/home/open/work/install/detect_lane/lib/python3.10/site-packages/detect_lane/__pycache__/recive_key_pub_signs .cpython-310.pyc
/home/open/work/install/detect_lane/lib/python3.10/site-packages/detect_lane/__pycache__/test_key_pub_signs.cpython-310.pyc
/home/open/work/install/detect_lane/lib/python3.10/site-packages/detect_lane/__pycache__/detect_lane.cpython-310.pyc
/home/open/work/install/detect_lane/lib/python3.10/site-packages/detect_lane/__pycache__/key_pub_signs.cpython-310.pyc
/home/open/work/install/detect_lane/lib/python3.10/site-packages/detect_lane/__pycache__/__init__.cpython-310.pyc
/home/open/work/install/detect_lane/share/ament_index/resource_index/packages/detect_lane
/home/open/work/install/detect_lane/share/detect_lane/package.xml
/home/open/work/install/detect_lane/share/detect_lane/launch/detect_lane_launch.py
/home/open/work/install/detect_lane/share/detect_lane/config/hsv_parameters_own.yaml
/home/open/work/install/detect_lane/share/detect_lane/config/hsv_parameters_default.yaml
/home/open/work/install/detect_lane/share/detect_lane/config/calibration_mode.rviz
/home/open/work/install/detect_lane/share/detect_lane/config/lane_mode.rviz
/home/open/work/install/detect_lane/lib/python3.10/site-packages/detect_lane-0.0.0-py3.10.egg-info/requires.txt
/home/open/work/install/detect_lane/lib/python3.10/site-packages/detect_lane-0.0.0-py3.10.egg-info/zip-safe
/home/open/work/install/detect_lane/lib/python3.10/site-packages/detect_lane-0.0.0-py3.10.egg-info/PKG-INFO
/home/open/work/install/detect_lane/lib/python3.10/site-packages/detect_lane-0.0.0-py3.10.egg-info/entry_points.txt
/home/open/work/install/detect_lane/lib/python3.10/site-packages/detect_lane-0.0.0-py3.10.egg-info/top_level.txt
/home/open/work/install/detect_lane/lib/python3.10/site-packages/detect_lane-0.0.0-py3.10.egg-info/dependency_links.txt
/home/open/work/install/detect_lane/lib/python3.10/site-packages/detect_lane-0.0.0-py3.10.egg-info/SOURCES.txt
/home/open/work/install/detect_lane/lib/detect_lane/detect_lane
/home/open/work/install/detect_lane/lib/detect_lane/hsv_param_adjustment
/home/open/work/install/detect_lane/lib/detect_lane/key_pub_signs
/home/open/work/install/detect_lane/lib/detect_lane/recive_key_pub_signs
/home/open/work/install/detect_lane/lib/detect_lane/test_key_pub_signs
