[3.322s] Invoking command in '/home/open/work/src/lider_sub': PYTHONPATH=/home/open/work/build/lider_sub/prefix_override:/home/open/work/install/lider_sub/lib/python3.10/site-packages:${PYTHONPATH} /usr/bin/python3 -W ignore:setup.py install is deprecated setup.py egg_info --egg-base ../../build/lider_sub build --build-base /home/open/work/build/lider_sub/build install --record /home/open/work/build/lider_sub/install.log --single-version-externally-managed install_data
[3.720s] running egg_info
[3.721s] writing ../../build/lider_sub/lider_sub.egg-info/PKG-INFO
[3.721s] writing dependency_links to ../../build/lider_sub/lider_sub.egg-info/dependency_links.txt
[3.721s] writing entry points to ../../build/lider_sub/lider_sub.egg-info/entry_points.txt
[3.721s] writing requirements to ../../build/lider_sub/lider_sub.egg-info/requires.txt
[3.721s] writing top-level names to ../../build/lider_sub/lider_sub.egg-info/top_level.txt
[3.724s] reading manifest file '../../build/lider_sub/lider_sub.egg-info/SOURCES.txt'
[3.725s] writing manifest file '../../build/lider_sub/lider_sub.egg-info/SOURCES.txt'
[3.725s] running build
[3.726s] running build_py
[3.726s] running install
[3.726s] running install_lib
[3.728s] running install_data
[3.728s] running install_egg_info
[3.731s] removing '/home/open/work/install/lider_sub/lib/python3.10/site-packages/lider_sub-0.0.0-py3.10.egg-info' (and everything under it)
[3.732s] Copying ../../build/lider_sub/lider_sub.egg-info to /home/open/work/install/lider_sub/lib/python3.10/site-packages/lider_sub-0.0.0-py3.10.egg-info
[3.733s] running install_scripts
[3.762s] Installing lider_sub script to /home/open/work/install/lider_sub/lib/lider_sub
[3.762s] writing list of installed files to '/home/open/work/build/lider_sub/install.log'
[3.799s] Invoked command in '/home/open/work/src/lider_sub' returned '0': PYTHONPATH=/home/open/work/build/lider_sub/prefix_override:/home/open/work/install/lider_sub/lib/python3.10/site-packages:${PYTHONPATH} /usr/bin/python3 -W ignore:setup.py install is deprecated setup.py egg_info --egg-base ../../build/lider_sub build --build-base /home/open/work/build/lider_sub/build install --record /home/open/work/build/lider_sub/install.log --single-version-externally-managed install_data
