[3.880s] Invoking command in '/home/open/work/build/rplidar_ros': CMAKE_PREFIX_PATH=${CMAKE_PREFIX_PATH}:/home/open/work/install/parking:/home/open/work/install/object_detection:/home/open/work/install/lider_sub:/home/open/work/install/detect_lane:/home/open/work/install/core:/home/open/work/install/control_motor:/home/open/work/install/control:/home/open/work/install/camera:/opt/ros/humble /usr/bin/cmake --build /home/open/work/build/rplidar_ros -- -j16 -l16
[4.041s] [  5%] Built target rplidar_client
[4.087s] [ 52%] Built target rplidar_composition
[4.160s] [100%] Built target rplidar_node
[4.232s] Invoked command in '/home/open/work/build/rplidar_ros' returned '0': CMAKE_PREFIX_PATH=${CMAKE_PREFIX_PATH}:/home/open/work/install/parking:/home/open/work/install/object_detection:/home/open/work/install/lider_sub:/home/open/work/install/detect_lane:/home/open/work/install/core:/home/open/work/install/control_motor:/home/open/work/install/control:/home/open/work/install/camera:/opt/ros/humble /usr/bin/cmake --build /home/open/work/build/rplidar_ros -- -j16 -l16
[4.733s] Invoking command in '/home/open/work/build/rplidar_ros': CMAKE_PREFIX_PATH=${CMAKE_PREFIX_PATH}:/home/open/work/install/parking:/home/open/work/install/object_detection:/home/open/work/install/lider_sub:/home/open/work/install/detect_lane:/home/open/work/install/core:/home/open/work/install/control_motor:/home/open/work/install/control:/home/open/work/install/camera:/opt/ros/humble /usr/bin/cmake --install /home/open/work/build/rplidar_ros
[4.775s] -- Install configuration: ""
[4.776s] -- Up-to-date: /home/open/work/install/rplidar_ros/share/rplidar_ros/launch
[4.777s] -- Up-to-date: /home/open/work/install/rplidar_ros/share/rplidar_ros/launch/rplidar_s1_launch.py
[4.778s] -- Up-to-date: /home/open/work/install/rplidar_ros/share/rplidar_ros/launch/view_rplidar_a2m12_launch.py
[4.782s] -- Up-to-date: /home/open/work/install/rplidar_ros/share/rplidar_ros/launch/rplidar_c1_launch.py
[4.783s] -- Up-to-date: /home/open/work/install/rplidar_ros/share/rplidar_ros/launch/view_rplidar_s2e_launch.py
[4.784s] -- Up-to-date: /home/open/work/install/rplidar_ros/share/rplidar_ros/launch/rplidar_s2e_launch.py
[4.785s] -- Up-to-date: /home/open/work/install/rplidar_ros/share/rplidar_ros/launch/view_rplidar_s3_launch.py
[4.785s] -- Up-to-date: /home/open/work/install/rplidar_ros/share/rplidar_ros/launch/rplidar_s3_launch.py
[4.785s] -- Up-to-date: /home/open/work/install/rplidar_ros/share/rplidar_ros/launch/view_rplidar_s1_launch.py
[4.785s] -- Up-to-date: /home/open/work/install/rplidar_ros/share/rplidar_ros/launch/rplidar_s1_tcp_launch.py
[4.785s] -- Up-to-date: /home/open/work/install/rplidar_ros/share/rplidar_ros/launch/view_rplidar_a3_launch.py
[4.786s] -- Up-to-date: /home/open/work/install/rplidar_ros/share/rplidar_ros/launch/rplidar_a2m7_launch.py
[4.786s] -- Up-to-date: /home/open/work/install/rplidar_ros/share/rplidar_ros/launch/view_rplidar_s2_launch.py
[4.786s] -- Up-to-date: /home/open/work/install/rplidar_ros/share/rplidar_ros/launch/view_rplidar_a1_launch.py
[4.786s] -- Up-to-date: /home/open/work/install/rplidar_ros/share/rplidar_ros/launch/view_rplidar_a2m8_launch.py
[4.786s] -- Up-to-date: /home/open/work/install/rplidar_ros/share/rplidar_ros/launch/rplidar_t1_launch.py
[4.786s] -- Up-to-date: /home/open/work/install/rplidar_ros/share/rplidar_ros/launch/rplidar_s2_launch.py
[4.786s] -- Up-to-date: /home/open/work/install/rplidar_ros/share/rplidar_ros/launch/rplidar_a2m12_launch.py
[4.786s] -- Up-to-date: /home/open/work/install/rplidar_ros/share/rplidar_ros/launch/rplidar_a1_launch.py
[4.786s] -- Up-to-date: /home/open/work/install/rplidar_ros/share/rplidar_ros/launch/rplidar_a2m8_launch.py
[4.787s] -- Up-to-date: /home/open/work/install/rplidar_ros/share/rplidar_ros/launch/view_rplidar_s1_tcp_launch.py
[4.787s] -- Up-to-date: /home/open/work/install/rplidar_ros/share/rplidar_ros/launch/view_rplidar_c1_launch.py
[4.787s] -- Up-to-date: /home/open/work/install/rplidar_ros/share/rplidar_ros/launch/rplidar_a3_launch.py
[4.787s] -- Up-to-date: /home/open/work/install/rplidar_ros/share/rplidar_ros/launch/view_rplidar_a2m7_launch.py
[4.787s] -- Up-to-date: /home/open/work/install/rplidar_ros/share/rplidar_ros/launch/view_rplidar_t1_launch.py
[4.787s] -- Up-to-date: /home/open/work/install/rplidar_ros/share/rplidar_ros/rviz
[4.787s] -- Up-to-date: /home/open/work/install/rplidar_ros/share/rplidar_ros/rviz/rplidar_ros.rviz
[4.787s] -- Up-to-date: /home/open/work/install/rplidar_ros/lib/rplidar_ros/rplidar_node
[4.787s] -- Up-to-date: /home/open/work/install/rplidar_ros/lib/rplidar_ros/rplidar_composition
[4.787s] -- Up-to-date: /home/open/work/install/rplidar_ros/lib/rplidar_ros/rplidar_client
[4.788s] -- Up-to-date: /home/open/work/install/rplidar_ros/share/ament_index/resource_index/package_run_dependencies/rplidar_ros
[4.788s] -- Up-to-date: /home/open/work/install/rplidar_ros/share/ament_index/resource_index/parent_prefix_path/rplidar_ros
[4.788s] -- Up-to-date: /home/open/work/install/rplidar_ros/share/rplidar_ros/environment/ament_prefix_path.sh
[4.788s] -- Up-to-date: /home/open/work/install/rplidar_ros/share/rplidar_ros/environment/ament_prefix_path.dsv
[4.788s] -- Up-to-date: /home/open/work/install/rplidar_ros/share/rplidar_ros/environment/path.sh
[4.788s] -- Up-to-date: /home/open/work/install/rplidar_ros/share/rplidar_ros/environment/path.dsv
[4.788s] -- Up-to-date: /home/open/work/install/rplidar_ros/share/rplidar_ros/local_setup.bash
[4.788s] -- Up-to-date: /home/open/work/install/rplidar_ros/share/rplidar_ros/local_setup.sh
[4.789s] -- Up-to-date: /home/open/work/install/rplidar_ros/share/rplidar_ros/local_setup.zsh
[4.789s] -- Up-to-date: /home/open/work/install/rplidar_ros/share/rplidar_ros/local_setup.dsv
[4.789s] -- Installing: /home/open/work/install/rplidar_ros/share/rplidar_ros/package.dsv
[4.789s] -- Up-to-date: /home/open/work/install/rplidar_ros/share/ament_index/resource_index/packages/rplidar_ros
[4.789s] -- Up-to-date: /home/open/work/install/rplidar_ros/share/rplidar_ros/cmake/ament_cmake_export_dependencies-extras.cmake
[4.789s] -- Up-to-date: /home/open/work/install/rplidar_ros/share/rplidar_ros/cmake/ament_cmake_export_include_directories-extras.cmake
[4.789s] -- Up-to-date: /home/open/work/install/rplidar_ros/share/rplidar_ros/cmake/rplidar_rosConfig.cmake
[4.789s] -- Up-to-date: /home/open/work/install/rplidar_ros/share/rplidar_ros/cmake/rplidar_rosConfig-version.cmake
[4.790s] -- Up-to-date: /home/open/work/install/rplidar_ros/share/rplidar_ros/package.xml
[4.825s] Invoked command in '/home/open/work/build/rplidar_ros' returned '0': CMAKE_PREFIX_PATH=${CMAKE_PREFIX_PATH}:/home/open/work/install/parking:/home/open/work/install/object_detection:/home/open/work/install/lider_sub:/home/open/work/install/detect_lane:/home/open/work/install/core:/home/open/work/install/control_motor:/home/open/work/install/control:/home/open/work/install/camera:/opt/ros/humble /usr/bin/cmake --install /home/open/work/build/rplidar_ros
