[1.374s] Invoking command in '/home/open/work/build/rplidar_ros': CMAKE_PREFIX_PATH=/opt/ros/humble /usr/bin/cmake --build /home/open/work/build/rplidar_ros -- -j16 -l16
[1.446s] [  5%] Built target rplidar_client
[1.447s] [ 52%] Built target rplidar_node
[1.448s] [100%] Built target rplidar_composition
[1.460s] Invoked command in '/home/open/work/build/rplidar_ros' returned '0': CMAKE_PREFIX_PATH=/opt/ros/humble /usr/bin/cmake --build /home/open/work/build/rplidar_ros -- -j16 -l16
[1.525s] Invoking command in '/home/open/work/build/rplidar_ros': CMAKE_PREFIX_PATH=/opt/ros/humble /usr/bin/cmake --install /home/open/work/build/rplidar_ros
[1.528s] -- Install configuration: ""
[1.528s] -- Up-to-date: /home/open/work/install/rplidar_ros/share/rplidar_ros/launch
[1.528s] -- Up-to-date: /home/open/work/install/rplidar_ros/share/rplidar_ros/launch/rplidar_s1_launch.py
[1.528s] -- Up-to-date: /home/open/work/install/rplidar_ros/share/rplidar_ros/launch/view_rplidar_a2m12_launch.py
[1.528s] -- Up-to-date: /home/open/work/install/rplidar_ros/share/rplidar_ros/launch/rplidar_c1_launch.py
[1.528s] -- Up-to-date: /home/open/work/install/rplidar_ros/share/rplidar_ros/launch/view_rplidar_s2e_launch.py
[1.528s] -- Up-to-date: /home/open/work/install/rplidar_ros/share/rplidar_ros/launch/rplidar_s2e_launch.py
[1.528s] -- Up-to-date: /home/open/work/install/rplidar_ros/share/rplidar_ros/launch/view_rplidar_s3_launch.py
[1.528s] -- Up-to-date: /home/open/work/install/rplidar_ros/share/rplidar_ros/launch/rplidar_s3_launch.py
[1.528s] -- Up-to-date: /home/open/work/install/rplidar_ros/share/rplidar_ros/launch/view_rplidar_s1_launch.py
[1.528s] -- Up-to-date: /home/open/work/install/rplidar_ros/share/rplidar_ros/launch/rplidar_s1_tcp_launch.py
[1.529s] -- Up-to-date: /home/open/work/install/rplidar_ros/share/rplidar_ros/launch/view_rplidar_a3_launch.py
[1.529s] -- Up-to-date: /home/open/work/install/rplidar_ros/share/rplidar_ros/launch/rplidar_a2m7_launch.py
[1.529s] -- Up-to-date: /home/open/work/install/rplidar_ros/share/rplidar_ros/launch/view_rplidar_s2_launch.py
[1.529s] -- Up-to-date: /home/open/work/install/rplidar_ros/share/rplidar_ros/launch/view_rplidar_a1_launch.py
[1.529s] -- Up-to-date: /home/open/work/install/rplidar_ros/share/rplidar_ros/launch/view_rplidar_a2m8_launch.py
[1.529s] -- Up-to-date: /home/open/work/install/rplidar_ros/share/rplidar_ros/launch/rplidar_t1_launch.py
[1.529s] -- Up-to-date: /home/open/work/install/rplidar_ros/share/rplidar_ros/launch/rplidar_s2_launch.py
[1.529s] -- Up-to-date: /home/open/work/install/rplidar_ros/share/rplidar_ros/launch/rplidar_a2m12_launch.py
[1.529s] -- Up-to-date: /home/open/work/install/rplidar_ros/share/rplidar_ros/launch/rplidar_a1_launch.py
[1.529s] -- Up-to-date: /home/open/work/install/rplidar_ros/share/rplidar_ros/launch/rplidar_a2m8_launch.py
[1.529s] -- Up-to-date: /home/open/work/install/rplidar_ros/share/rplidar_ros/launch/view_rplidar_s1_tcp_launch.py
[1.529s] -- Up-to-date: /home/open/work/install/rplidar_ros/share/rplidar_ros/launch/view_rplidar_c1_launch.py
[1.529s] -- Up-to-date: /home/open/work/install/rplidar_ros/share/rplidar_ros/launch/rplidar_a3_launch.py
[1.530s] -- Up-to-date: /home/open/work/install/rplidar_ros/share/rplidar_ros/launch/view_rplidar_a2m7_launch.py
[1.530s] -- Up-to-date: /home/open/work/install/rplidar_ros/share/rplidar_ros/launch/view_rplidar_t1_launch.py
[1.530s] -- Up-to-date: /home/open/work/install/rplidar_ros/share/rplidar_ros/rviz
[1.530s] -- Up-to-date: /home/open/work/install/rplidar_ros/share/rplidar_ros/rviz/rplidar_ros.rviz
[1.530s] -- Up-to-date: /home/open/work/install/rplidar_ros/lib/rplidar_ros/rplidar_node
[1.530s] -- Up-to-date: /home/open/work/install/rplidar_ros/lib/rplidar_ros/rplidar_composition
[1.531s] -- Up-to-date: /home/open/work/install/rplidar_ros/lib/rplidar_ros/rplidar_client
[1.531s] -- Up-to-date: /home/open/work/install/rplidar_ros/share/ament_index/resource_index/package_run_dependencies/rplidar_ros
[1.531s] -- Up-to-date: /home/open/work/install/rplidar_ros/share/ament_index/resource_index/parent_prefix_path/rplidar_ros
[1.532s] -- Up-to-date: /home/open/work/install/rplidar_ros/share/rplidar_ros/environment/ament_prefix_path.sh
[1.532s] -- Up-to-date: /home/open/work/install/rplidar_ros/share/rplidar_ros/environment/ament_prefix_path.dsv
[1.532s] -- Up-to-date: /home/open/work/install/rplidar_ros/share/rplidar_ros/environment/path.sh
[1.532s] -- Up-to-date: /home/open/work/install/rplidar_ros/share/rplidar_ros/environment/path.dsv
[1.532s] -- Up-to-date: /home/open/work/install/rplidar_ros/share/rplidar_ros/local_setup.bash
[1.532s] -- Up-to-date: /home/open/work/install/rplidar_ros/share/rplidar_ros/local_setup.sh
[1.532s] -- Up-to-date: /home/open/work/install/rplidar_ros/share/rplidar_ros/local_setup.zsh
[1.532s] -- Up-to-date: /home/open/work/install/rplidar_ros/share/rplidar_ros/local_setup.dsv
[1.532s] -- Installing: /home/open/work/install/rplidar_ros/share/rplidar_ros/package.dsv
[1.532s] -- Up-to-date: /home/open/work/install/rplidar_ros/share/ament_index/resource_index/packages/rplidar_ros
[1.532s] -- Up-to-date: /home/open/work/install/rplidar_ros/share/rplidar_ros/cmake/ament_cmake_export_dependencies-extras.cmake
[1.533s] -- Up-to-date: /home/open/work/install/rplidar_ros/share/rplidar_ros/cmake/ament_cmake_export_include_directories-extras.cmake
[1.533s] -- Up-to-date: /home/open/work/install/rplidar_ros/share/rplidar_ros/cmake/rplidar_rosConfig.cmake
[1.533s] -- Up-to-date: /home/open/work/install/rplidar_ros/share/rplidar_ros/cmake/rplidar_rosConfig-version.cmake
[1.533s] -- Up-to-date: /home/open/work/install/rplidar_ros/share/rplidar_ros/package.xml
[1.534s] Invoked command in '/home/open/work/build/rplidar_ros' returned '0': CMAKE_PREFIX_PATH=/opt/ros/humble /usr/bin/cmake --install /home/open/work/build/rplidar_ros
