[1.780s] Invoking command in '/home/open/work/src/detect/object_detection': PYTHONPATH=/home/open/work/build/object_detection/prefix_override:/home/open/work/install/object_detection/lib/python3.10/site-packages:${PYTHONPATH} /usr/bin/python3 -W ignore:setup.py install is deprecated setup.py egg_info --egg-base ../../../build/object_detection build --build-base /home/open/work/build/object_detection/build install --record /home/open/work/build/object_detection/install.log --single-version-externally-managed install_data
[1.977s] running egg_info
[1.977s] writing ../../../build/object_detection/object_detection.egg-info/PKG-INFO
[1.977s] writing dependency_links to ../../../build/object_detection/object_detection.egg-info/dependency_links.txt
[1.977s] writing entry points to ../../../build/object_detection/object_detection.egg-info/entry_points.txt
[1.977s] writing requirements to ../../../build/object_detection/object_detection.egg-info/requires.txt
[1.977s] writing top-level names to ../../../build/object_detection/object_detection.egg-info/top_level.txt
[1.979s] reading manifest file '../../../build/object_detection/object_detection.egg-info/SOURCES.txt'
[1.979s] writing manifest file '../../../build/object_detection/object_detection.egg-info/SOURCES.txt'
[1.979s] running build
[1.979s] running build_py
[1.979s] running install
[1.979s] running install_lib
[1.980s] running install_data
[1.980s] running install_egg_info
[1.982s] removing '/home/open/work/install/object_detection/lib/python3.10/site-packages/object_detection-0.0.0-py3.10.egg-info' (and everything under it)
[1.982s] Copying ../../../build/object_detection/object_detection.egg-info to /home/open/work/install/object_detection/lib/python3.10/site-packages/object_detection-0.0.0-py3.10.egg-info
[1.983s] running install_scripts
[1.997s] Installing object_detection script to /home/open/work/install/object_detection/lib/object_detection
[1.997s] writing list of installed files to '/home/open/work/build/object_detection/install.log'
[2.013s] Invoked command in '/home/open/work/src/detect/object_detection' returned '0': PYTHONPATH=/home/open/work/build/object_detection/prefix_override:/home/open/work/install/object_detection/lib/python3.10/site-packages:${PYTHONPATH} /usr/bin/python3 -W ignore:setup.py install is deprecated setup.py egg_info --egg-base ../../../build/object_detection build --build-base /home/open/work/build/object_detection/build install --record /home/open/work/build/object_detection/install.log --single-version-externally-managed install_data
