[2.685s] Invoking command in '/home/open/work/src/lider_sub': PYTHONPATH=/home/open/work/build/lider_sub/prefix_override:/home/open/work/install/lider_sub/lib/python3.10/site-packages:${PYTHONPATH} /usr/bin/python3 -W ignore:setup.py install is deprecated setup.py egg_info --egg-base ../../build/lider_sub build --build-base /home/open/work/build/lider_sub/build install --record /home/open/work/build/lider_sub/install.log --single-version-externally-managed install_data
[3.079s] running egg_info
[3.079s] writing ../../build/lider_sub/lider_sub.egg-info/PKG-INFO
[3.080s] writing dependency_links to ../../build/lider_sub/lider_sub.egg-info/dependency_links.txt
[3.080s] writing entry points to ../../build/lider_sub/lider_sub.egg-info/entry_points.txt
[3.080s] writing requirements to ../../build/lider_sub/lider_sub.egg-info/requires.txt
[3.080s] writing top-level names to ../../build/lider_sub/lider_sub.egg-info/top_level.txt
[3.081s] reading manifest file '../../build/lider_sub/lider_sub.egg-info/SOURCES.txt'
[3.083s] writing manifest file '../../build/lider_sub/lider_sub.egg-info/SOURCES.txt'
[3.083s] running build
[3.083s] running build_py
[3.083s] running install
[3.083s] running install_lib
[3.084s] running install_data
[3.085s] running install_egg_info
[3.087s] removing '/home/open/work/install/lider_sub/lib/python3.10/site-packages/lider_sub-0.0.0-py3.10.egg-info' (and everything under it)
[3.088s] Copying ../../build/lider_sub/lider_sub.egg-info to /home/open/work/install/lider_sub/lib/python3.10/site-packages/lider_sub-0.0.0-py3.10.egg-info
[3.089s] running install_scripts
[3.121s] Installing lider_sub script to /home/open/work/install/lider_sub/lib/lider_sub
[3.122s] writing list of installed files to '/home/open/work/build/lider_sub/install.log'
[3.155s] Invoked command in '/home/open/work/src/lider_sub' returned '0': PYTHONPATH=/home/open/work/build/lider_sub/prefix_override:/home/open/work/install/lider_sub/lib/python3.10/site-packages:${PYTHONPATH} /usr/bin/python3 -W ignore:setup.py install is deprecated setup.py egg_info --egg-base ../../build/lider_sub build --build-base /home/open/work/build/lider_sub/build install --record /home/open/work/build/lider_sub/install.log --single-version-externally-managed install_data
