[6.740s] Invoking command in '/home/open/work/src/camera': PYTHONPATH=/home/open/work/build/camera/prefix_override:/home/open/work/install/camera/lib/python3.10/site-packages:${PYTHONPATH} /usr/bin/python3 -W ignore:setup.py install is deprecated setup.py egg_info --egg-base ../../build/camera build --build-base /home/open/work/build/camera/build install --record /home/open/work/build/camera/install.log --single-version-externally-managed install_data
[7.462s] running egg_info
[7.463s] writing ../../build/camera/camera.egg-info/PKG-INFO
[7.463s] writing dependency_links to ../../build/camera/camera.egg-info/dependency_links.txt
[7.463s] writing entry points to ../../build/camera/camera.egg-info/entry_points.txt
[7.463s] writing requirements to ../../build/camera/camera.egg-info/requires.txt
[7.463s] writing top-level names to ../../build/camera/camera.egg-info/top_level.txt
[7.466s] reading manifest file '../../build/camera/camera.egg-info/SOURCES.txt'
[7.468s] writing manifest file '../../build/camera/camera.egg-info/SOURCES.txt'
[7.468s] running build
[7.468s] running build_py
[7.468s] running install
[7.469s] running install_lib
[7.476s] running install_data
[7.481s] running install_egg_info
[7.481s] removing '/home/open/work/install/camera/lib/python3.10/site-packages/camera-0.0.0-py3.10.egg-info' (and everything under it)
[7.481s] Copying ../../build/camera/camera.egg-info to /home/open/work/install/camera/lib/python3.10/site-packages/camera-0.0.0-py3.10.egg-info
[7.482s] running install_scripts
[7.534s] Installing H65_camera script to /home/open/work/install/camera/lib/camera
[7.534s] Installing camera script to /home/open/work/install/camera/lib/camera
[7.534s] writing list of installed files to '/home/open/work/build/camera/install.log'
[7.592s] Invoked command in '/home/open/work/src/camera' returned '0': PYTHONPATH=/home/open/work/build/camera/prefix_override:/home/open/work/install/camera/lib/python3.10/site-packages:${PYTHONPATH} /usr/bin/python3 -W ignore:setup.py install is deprecated setup.py egg_info --egg-base ../../build/camera build --build-base /home/open/work/build/camera/build install --record /home/open/work/build/camera/install.log --single-version-externally-managed install_data
