[1.812s] Invoking command in '/home/open/work/src/detect/detect_lane': PYTHONPATH=/home/open/work/build/detect_lane/prefix_override:/home/open/work/install/detect_lane/lib/python3.10/site-packages:${PYTHONPATH} /usr/bin/python3 -W ignore:setup.py install is deprecated setup.py egg_info --egg-base ../../../build/detect_lane build --build-base /home/open/work/build/detect_lane/build install --record /home/open/work/build/detect_lane/install.log --single-version-externally-managed install_data
[2.007s] running egg_info
[2.008s] writing ../../../build/detect_lane/detect_lane.egg-info/PKG-INFO
[2.008s] writing dependency_links to ../../../build/detect_lane/detect_lane.egg-info/dependency_links.txt
[2.008s] writing entry points to ../../../build/detect_lane/detect_lane.egg-info/entry_points.txt
[2.008s] writing requirements to ../../../build/detect_lane/detect_lane.egg-info/requires.txt
[2.008s] writing top-level names to ../../../build/detect_lane/detect_lane.egg-info/top_level.txt
[2.010s] reading manifest file '../../../build/detect_lane/detect_lane.egg-info/SOURCES.txt'
[2.010s] writing manifest file '../../../build/detect_lane/detect_lane.egg-info/SOURCES.txt'
[2.010s] running build
[2.010s] running build_py
[2.011s] running install
[2.011s] running install_lib
[2.012s] running install_data
[2.012s] running install_egg_info
[2.013s] removing '/home/open/work/install/detect_lane/lib/python3.10/site-packages/detect_lane-0.0.0-py3.10.egg-info' (and everything under it)
[2.013s] Copying ../../../build/detect_lane/detect_lane.egg-info to /home/open/work/install/detect_lane/lib/python3.10/site-packages/detect_lane-0.0.0-py3.10.egg-info
[2.014s] running install_scripts
[2.030s] Installing detect_lane script to /home/open/work/install/detect_lane/lib/detect_lane
[2.030s] Installing hsv_param_adjustment script to /home/open/work/install/detect_lane/lib/detect_lane
[2.030s] Installing key_pub_signs script to /home/open/work/install/detect_lane/lib/detect_lane
[2.030s] Installing recive_key_pub_signs script to /home/open/work/install/detect_lane/lib/detect_lane
[2.030s] writing list of installed files to '/home/open/work/build/detect_lane/install.log'
[2.067s] Invoked command in '/home/open/work/src/detect/detect_lane' returned '0': PYTHONPATH=/home/open/work/build/detect_lane/prefix_override:/home/open/work/install/detect_lane/lib/python3.10/site-packages:${PYTHONPATH} /usr/bin/python3 -W ignore:setup.py install is deprecated setup.py egg_info --egg-base ../../../build/detect_lane build --build-base /home/open/work/build/detect_lane/build install --record /home/open/work/build/detect_lane/install.log --single-version-externally-managed install_data
