[0.020s] Invoking command in '/home/open/work/build/dynamixel_sdk_examples': CMAKE_PREFIX_PATH=/home/open/work/install/dynamixel_sdk_custom_interfaces:/home/open/work/install/dynamixel_sdk:/home/open/work/install/rplidar_ros:/home/open/work/install/dynamixel_sdk_examples:/home/open/work/install/parking:/home/open/work/install/object_detection:/home/open/work/install/lider_sub:/home/open/work/install/detect_lane:/home/open/work/install/core:/home/open/work/install/control_motor:/home/open/work/install/control:/home/open/work/install/camera:/opt/ros/humble /usr/bin/cmake --build /home/open/work/build/dynamixel_sdk_examples -- -j16 -l16
[0.079s] [100%] Built target read_write_node
[0.094s] Invoked command in '/home/open/work/build/dynamixel_sdk_examples' returned '0': CMAKE_PREFIX_PATH=/home/open/work/install/dynamixel_sdk_custom_interfaces:/home/open/work/install/dynamixel_sdk:/home/open/work/install/rplidar_ros:/home/open/work/install/dynamixel_sdk_examples:/home/open/work/install/parking:/home/open/work/install/object_detection:/home/open/work/install/lider_sub:/home/open/work/install/detect_lane:/home/open/work/install/core:/home/open/work/install/control_motor:/home/open/work/install/control:/home/open/work/install/camera:/opt/ros/humble /usr/bin/cmake --build /home/open/work/build/dynamixel_sdk_examples -- -j16 -l16
[0.117s] Invoking command in '/home/open/work/build/dynamixel_sdk_examples': CMAKE_PREFIX_PATH=/home/open/work/install/dynamixel_sdk_custom_interfaces:/home/open/work/install/dynamixel_sdk:/home/open/work/install/rplidar_ros:/home/open/work/install/dynamixel_sdk_examples:/home/open/work/install/parking:/home/open/work/install/object_detection:/home/open/work/install/lider_sub:/home/open/work/install/detect_lane:/home/open/work/install/core:/home/open/work/install/control_motor:/home/open/work/install/control:/home/open/work/install/camera:/opt/ros/humble /usr/bin/cmake --install /home/open/work/build/dynamixel_sdk_examples
[0.124s] -- Install configuration: ""
[0.124s] -- Up-to-date: /home/open/work/install/dynamixel_sdk_examples/lib/dynamixel_sdk_examples/read_write_node
[0.125s] -- Up-to-date: /home/open/work/install/dynamixel_sdk_examples/share/ament_index/resource_index/package_run_dependencies/dynamixel_sdk_examples
[0.125s] -- Up-to-date: /home/open/work/install/dynamixel_sdk_examples/share/ament_index/resource_index/parent_prefix_path/dynamixel_sdk_examples
[0.125s] -- Up-to-date: /home/open/work/install/dynamixel_sdk_examples/share/dynamixel_sdk_examples/environment/ament_prefix_path.sh
[0.125s] -- Up-to-date: /home/open/work/install/dynamixel_sdk_examples/share/dynamixel_sdk_examples/environment/ament_prefix_path.dsv
[0.125s] -- Up-to-date: /home/open/work/install/dynamixel_sdk_examples/share/dynamixel_sdk_examples/environment/path.sh
[0.125s] -- Up-to-date: /home/open/work/install/dynamixel_sdk_examples/share/dynamixel_sdk_examples/environment/path.dsv
[0.125s] -- Up-to-date: /home/open/work/install/dynamixel_sdk_examples/share/dynamixel_sdk_examples/local_setup.bash
[0.125s] -- Up-to-date: /home/open/work/install/dynamixel_sdk_examples/share/dynamixel_sdk_examples/local_setup.sh
[0.125s] -- Up-to-date: /home/open/work/install/dynamixel_sdk_examples/share/dynamixel_sdk_examples/local_setup.zsh
[0.125s] -- Up-to-date: /home/open/work/install/dynamixel_sdk_examples/share/dynamixel_sdk_examples/local_setup.dsv
[0.125s] -- Installing: /home/open/work/install/dynamixel_sdk_examples/share/dynamixel_sdk_examples/package.dsv
[0.125s] -- Up-to-date: /home/open/work/install/dynamixel_sdk_examples/share/ament_index/resource_index/packages/dynamixel_sdk_examples
[0.125s] -- Up-to-date: /home/open/work/install/dynamixel_sdk_examples/share/dynamixel_sdk_examples/cmake/dynamixel_sdk_examplesConfig.cmake
[0.126s] -- Up-to-date: /home/open/work/install/dynamixel_sdk_examples/share/dynamixel_sdk_examples/cmake/dynamixel_sdk_examplesConfig-version.cmake
[0.126s] -- Up-to-date: /home/open/work/install/dynamixel_sdk_examples/share/dynamixel_sdk_examples/package.xml
[0.129s] Invoked command in '/home/open/work/build/dynamixel_sdk_examples' returned '0': CMAKE_PREFIX_PATH=/home/open/work/install/dynamixel_sdk_custom_interfaces:/home/open/work/install/dynamixel_sdk:/home/open/work/install/rplidar_ros:/home/open/work/install/dynamixel_sdk_examples:/home/open/work/install/parking:/home/open/work/install/object_detection:/home/open/work/install/lider_sub:/home/open/work/install/detect_lane:/home/open/work/install/core:/home/open/work/install/control_motor:/home/open/work/install/control:/home/open/work/install/camera:/opt/ros/humble /usr/bin/cmake --install /home/open/work/build/dynamixel_sdk_examples
