[2.787s] Invoking command in '/home/open/work/src/control': PYTHONPATH=/home/open/work/build/control/prefix_override:/home/open/work/install/control/lib/python3.10/site-packages:${PYTHONPATH} /usr/bin/python3 -W ignore:setup.py install is deprecated setup.py egg_info --egg-base ../../build/control build --build-base /home/open/work/build/control/build install --record /home/open/work/build/control/install.log --single-version-externally-managed install_data
[3.377s] running egg_info
[3.378s] writing ../../build/control/control.egg-info/PKG-INFO
[3.378s] writing dependency_links to ../../build/control/control.egg-info/dependency_links.txt
[3.378s] writing entry points to ../../build/control/control.egg-info/entry_points.txt
[3.378s] writing requirements to ../../build/control/control.egg-info/requires.txt
[3.379s] writing top-level names to ../../build/control/control.egg-info/top_level.txt
[3.382s] reading manifest file '../../build/control/control.egg-info/SOURCES.txt'
[3.383s] writing manifest file '../../build/control/control.egg-info/SOURCES.txt'
[3.383s] running build
[3.384s] running build_py
[3.385s] running install
[3.385s] running install_lib
[3.388s] running install_data
[3.388s] running install_egg_info
[3.392s] removing '/home/open/work/install/control/lib/python3.10/site-packages/control-0.0.0-py3.10.egg-info' (and everything under it)
[3.393s] Copying ../../build/control/control.egg-info to /home/open/work/install/control/lib/python3.10/site-packages/control-0.0.0-py3.10.egg-info
[3.394s] running install_scripts
[3.422s] Installing control_lane script to /home/open/work/install/control/lib/control
[3.422s] writing list of installed files to '/home/open/work/build/control/install.log'
[3.455s] Invoked command in '/home/open/work/src/control' returned '0': PYTHONPATH=/home/open/work/build/control/prefix_override:/home/open/work/install/control/lib/python3.10/site-packages:${PYTHONPATH} /usr/bin/python3 -W ignore:setup.py install is deprecated setup.py egg_info --egg-base ../../build/control build --build-base /home/open/work/build/control/build install --record /home/open/work/build/control/install.log --single-version-externally-managed install_data
