[1.661s] Invoking command in '/home/open/work/src/detect/object_detection': PYTHONPATH=/home/open/work/build/object_detection/prefix_override:/home/open/work/install/object_detection/lib/python3.10/site-packages:${PYTHONPATH} /usr/bin/python3 -W ignore:setup.py install is deprecated setup.py egg_info --egg-base ../../../build/object_detection build --build-base /home/open/work/build/object_detection/build install --record /home/open/work/build/object_detection/install.log --single-version-externally-managed install_data
[1.849s] running egg_info
[1.849s] writing ../../../build/object_detection/object_detection.egg-info/PKG-INFO
[1.850s] writing dependency_links to ../../../build/object_detection/object_detection.egg-info/dependency_links.txt
[1.850s] writing entry points to ../../../build/object_detection/object_detection.egg-info/entry_points.txt
[1.850s] writing requirements to ../../../build/object_detection/object_detection.egg-info/requires.txt
[1.850s] writing top-level names to ../../../build/object_detection/object_detection.egg-info/top_level.txt
[1.852s] reading manifest file '../../../build/object_detection/object_detection.egg-info/SOURCES.txt'
[1.853s] writing manifest file '../../../build/object_detection/object_detection.egg-info/SOURCES.txt'
[1.853s] running build
[1.853s] running build_py
[1.853s] running install
[1.854s] running install_lib
[1.855s] running install_data
[1.856s] running install_egg_info
[1.858s] removing '/home/open/work/install/object_detection/lib/python3.10/site-packages/object_detection-0.0.0-py3.10.egg-info' (and everything under it)
[1.859s] Copying ../../../build/object_detection/object_detection.egg-info to /home/open/work/install/object_detection/lib/python3.10/site-packages/object_detection-0.0.0-py3.10.egg-info
[1.859s] running install_scripts
[1.885s] Installing object_detection script to /home/open/work/install/object_detection/lib/object_detection
[1.887s] writing list of installed files to '/home/open/work/build/object_detection/install.log'
[1.926s] Invoked command in '/home/open/work/src/detect/object_detection' returned '0': PYTHONPATH=/home/open/work/build/object_detection/prefix_override:/home/open/work/install/object_detection/lib/python3.10/site-packages:${PYTHONPATH} /usr/bin/python3 -W ignore:setup.py install is deprecated setup.py egg_info --egg-base ../../../build/object_detection build --build-base /home/open/work/build/object_detection/build install --record /home/open/work/build/object_detection/install.log --single-version-externally-managed install_data
