[2.002s] Invoking command in '/home/open/work/src/detect/detect_lane': PYTHONPATH=/home/open/work/build/detect_lane/prefix_override:/home/open/work/install/detect_lane/lib/python3.10/site-packages:${PYTHONPATH} /usr/bin/python3 -W ignore:setup.py install is deprecated setup.py egg_info --egg-base ../../../build/detect_lane build --build-base /home/open/work/build/detect_lane/build install --record /home/open/work/build/detect_lane/install.log --single-version-externally-managed install_data
[2.298s] running egg_info
[2.298s] creating ../../../build/detect_lane/detect_lane.egg-info
[2.298s] writing ../../../build/detect_lane/detect_lane.egg-info/PKG-INFO
[2.298s] writing dependency_links to ../../../build/detect_lane/detect_lane.egg-info/dependency_links.txt
[2.298s] writing entry points to ../../../build/detect_lane/detect_lane.egg-info/entry_points.txt
[2.298s] writing requirements to ../../../build/detect_lane/detect_lane.egg-info/requires.txt
[2.298s] writing top-level names to ../../../build/detect_lane/detect_lane.egg-info/top_level.txt
[2.298s] writing manifest file '../../../build/detect_lane/detect_lane.egg-info/SOURCES.txt'
[2.299s] reading manifest file '../../../build/detect_lane/detect_lane.egg-info/SOURCES.txt'
[2.300s] writing manifest file '../../../build/detect_lane/detect_lane.egg-info/SOURCES.txt'
[2.300s] running build
[2.300s] running build_py
[2.301s] creating /home/open/work/build/detect_lane/build
[2.301s] creating /home/open/work/build/detect_lane/build/lib
[2.301s] creating /home/open/work/build/detect_lane/build/lib/detect_lane
[2.301s] copying detect_lane/hsv_param_adjustment.py -> /home/open/work/build/detect_lane/build/lib/detect_lane
[2.302s] copying detect_lane/detect_lane.py -> /home/open/work/build/detect_lane/build/lib/detect_lane
[2.302s] copying detect_lane/__init__.py -> /home/open/work/build/detect_lane/build/lib/detect_lane
[2.303s] running install
[2.303s] running install_lib
[2.304s] creating /home/open/work/install/detect_lane/lib/python3.10/site-packages/detect_lane
[2.304s] copying /home/open/work/build/detect_lane/build/lib/detect_lane/hsv_param_adjustment.py -> /home/open/work/install/detect_lane/lib/python3.10/site-packages/detect_lane
[2.304s] copying /home/open/work/build/detect_lane/build/lib/detect_lane/detect_lane.py -> /home/open/work/install/detect_lane/lib/python3.10/site-packages/detect_lane
[2.304s] copying /home/open/work/build/detect_lane/build/lib/detect_lane/__init__.py -> /home/open/work/install/detect_lane/lib/python3.10/site-packages/detect_lane
[2.305s] byte-compiling /home/open/work/install/detect_lane/lib/python3.10/site-packages/detect_lane/hsv_param_adjustment.py to hsv_param_adjustment.cpython-310.pyc
[2.311s] byte-compiling /home/open/work/install/detect_lane/lib/python3.10/site-packages/detect_lane/detect_lane.py to detect_lane.cpython-310.pyc
[2.320s] byte-compiling /home/open/work/install/detect_lane/lib/python3.10/site-packages/detect_lane/__init__.py to __init__.cpython-310.pyc
[2.320s] running install_data
[2.320s] creating /home/open/work/install/detect_lane/share/ament_index
[2.320s] creating /home/open/work/install/detect_lane/share/ament_index/resource_index
[2.320s] creating /home/open/work/install/detect_lane/share/ament_index/resource_index/packages
[2.320s] copying resource/detect_lane -> /home/open/work/install/detect_lane/share/ament_index/resource_index/packages
[2.320s] copying package.xml -> /home/open/work/install/detect_lane/share/detect_lane
[2.321s] creating /home/open/work/install/detect_lane/share/detect_lane/launch
[2.321s] copying launch/detect_lane_launch.py -> /home/open/work/install/detect_lane/share/detect_lane/launch
[2.321s] creating /home/open/work/install/detect_lane/share/detect_lane/config
[2.321s] copying config/hsv_parameters_own.yaml -> /home/open/work/install/detect_lane/share/detect_lane/config
[2.322s] copying config/hsv_parameters_default.yaml -> /home/open/work/install/detect_lane/share/detect_lane/config
[2.323s] copying config/calibration_mode.rviz -> /home/open/work/install/detect_lane/share/detect_lane/config
[2.323s] copying config/lane_mode.rviz -> /home/open/work/install/detect_lane/share/detect_lane/config
[2.323s] running install_egg_info
[2.326s] Copying ../../../build/detect_lane/detect_lane.egg-info to /home/open/work/install/detect_lane/lib/python3.10/site-packages/detect_lane-0.0.0-py3.10.egg-info
[2.327s] running install_scripts
[2.359s] Installing detect_lane script to /home/open/work/install/detect_lane/lib/detect_lane
[2.359s] Installing hsv_param_adjustment script to /home/open/work/install/detect_lane/lib/detect_lane
[2.359s] writing list of installed files to '/home/open/work/build/detect_lane/install.log'
[2.461s] Invoked command in '/home/open/work/src/detect/detect_lane' returned '0': PYTHONPATH=/home/open/work/build/detect_lane/prefix_override:/home/open/work/install/detect_lane/lib/python3.10/site-packages:${PYTHONPATH} /usr/bin/python3 -W ignore:setup.py install is deprecated setup.py egg_info --egg-base ../../../build/detect_lane build --build-base /home/open/work/build/detect_lane/build install --record /home/open/work/build/detect_lane/install.log --single-version-externally-managed install_data
