[1.809s] Invoking command in '/home/open/work/src/control': PYTHONPATH=/home/open/work/build/control/prefix_override:/home/open/work/install/control/lib/python3.10/site-packages:${PYTHONPATH} /usr/bin/python3 -W ignore:setup.py install is deprecated setup.py egg_info --egg-base ../../build/control build --build-base /home/open/work/build/control/build install --record /home/open/work/build/control/install.log --single-version-externally-managed install_data
[1.997s] running egg_info
[1.997s] writing ../../build/control/control.egg-info/PKG-INFO
[1.998s] writing dependency_links to ../../build/control/control.egg-info/dependency_links.txt
[1.998s] writing entry points to ../../build/control/control.egg-info/entry_points.txt
[1.998s] writing requirements to ../../build/control/control.egg-info/requires.txt
[1.998s] writing top-level names to ../../build/control/control.egg-info/top_level.txt
[1.999s] reading manifest file '../../build/control/control.egg-info/SOURCES.txt'
[1.999s] writing manifest file '../../build/control/control.egg-info/SOURCES.txt'
[1.999s] running build
[2.000s] running build_py
[2.000s] running install
[2.000s] running install_lib
[2.001s] running install_data
[2.001s] running install_egg_info
[2.002s] removing '/home/open/work/install/control/lib/python3.10/site-packages/control-0.0.0-py3.10.egg-info' (and everything under it)
[2.002s] Copying ../../build/control/control.egg-info to /home/open/work/install/control/lib/python3.10/site-packages/control-0.0.0-py3.10.egg-info
[2.003s] running install_scripts
[2.018s] Installing control_lane script to /home/open/work/install/control/lib/control
[2.018s] writing list of installed files to '/home/open/work/build/control/install.log'
[2.038s] Invoked command in '/home/open/work/src/control' returned '0': PYTHONPATH=/home/open/work/build/control/prefix_override:/home/open/work/install/control/lib/python3.10/site-packages:${PYTHONPATH} /usr/bin/python3 -W ignore:setup.py install is deprecated setup.py egg_info --egg-base ../../build/control build --build-base /home/open/work/build/control/build install --record /home/open/work/build/control/install.log --single-version-externally-managed install_data
