[1.589s] Invoking command in '/home/open/work/src/detect/detect_lane': PYTHONPATH=/home/open/work/build/detect_lane/prefix_override:/home/open/work/install/detect_lane/lib/python3.10/site-packages:${PYTHONPATH} /usr/bin/python3 -W ignore:setup.py install is deprecated setup.py egg_info --egg-base ../../../build/detect_lane build --build-base /home/open/work/build/detect_lane/build install --record /home/open/work/build/detect_lane/install.log --single-version-externally-managed install_data
[1.786s] running egg_info
[1.786s] writing ../../../build/detect_lane/detect_lane.egg-info/PKG-INFO
[1.786s] writing dependency_links to ../../../build/detect_lane/detect_lane.egg-info/dependency_links.txt
[1.786s] writing entry points to ../../../build/detect_lane/detect_lane.egg-info/entry_points.txt
[1.787s] writing requirements to ../../../build/detect_lane/detect_lane.egg-info/requires.txt
[1.787s] writing top-level names to ../../../build/detect_lane/detect_lane.egg-info/top_level.txt
[1.788s] reading manifest file '../../../build/detect_lane/detect_lane.egg-info/SOURCES.txt'
[1.789s] writing manifest file '../../../build/detect_lane/detect_lane.egg-info/SOURCES.txt'
[1.789s] running build
[1.789s] running build_py
[1.789s] running install
[1.789s] running install_lib
[1.791s] running install_data
[1.791s] running install_egg_info
[1.792s] removing '/home/open/work/install/detect_lane/lib/python3.10/site-packages/detect_lane-0.0.0-py3.10.egg-info' (and everything under it)
[1.793s] Copying ../../../build/detect_lane/detect_lane.egg-info to /home/open/work/install/detect_lane/lib/python3.10/site-packages/detect_lane-0.0.0-py3.10.egg-info
[1.793s] running install_scripts
[1.810s] Installing detect_lane script to /home/open/work/install/detect_lane/lib/detect_lane
[1.810s] Installing hsv_param_adjustment script to /home/open/work/install/detect_lane/lib/detect_lane
[1.810s] writing list of installed files to '/home/open/work/build/detect_lane/install.log'
[1.836s] Invoked command in '/home/open/work/src/detect/detect_lane' returned '0': PYTHONPATH=/home/open/work/build/detect_lane/prefix_override:/home/open/work/install/detect_lane/lib/python3.10/site-packages:${PYTHONPATH} /usr/bin/python3 -W ignore:setup.py install is deprecated setup.py egg_info --egg-base ../../../build/detect_lane build --build-base /home/open/work/build/detect_lane/build install --record /home/open/work/build/detect_lane/install.log --single-version-externally-managed install_data
