[1.769s] Invoking command in '/home/open/work/src/camera': PYTHONPATH=/home/open/work/build/camera/prefix_override:/home/open/work/install/camera/lib/python3.10/site-packages:${PYTHONPATH} /usr/bin/python3 -W ignore:setup.py install is deprecated setup.py egg_info --egg-base ../../build/camera build --build-base /home/open/work/build/camera/build install --record /home/open/work/build/camera/install.log --single-version-externally-managed install_data
[1.954s] running egg_info
[1.954s] writing ../../build/camera/camera.egg-info/PKG-INFO
[1.955s] writing dependency_links to ../../build/camera/camera.egg-info/dependency_links.txt
[1.955s] writing entry points to ../../build/camera/camera.egg-info/entry_points.txt
[1.955s] writing requirements to ../../build/camera/camera.egg-info/requires.txt
[1.955s] writing top-level names to ../../build/camera/camera.egg-info/top_level.txt
[1.956s] reading manifest file '../../build/camera/camera.egg-info/SOURCES.txt'
[1.957s] writing manifest file '../../build/camera/camera.egg-info/SOURCES.txt'
[1.957s] running build
[1.957s] running build_py
[1.957s] running install
[1.957s] running install_lib
[1.957s] running install_data
[1.958s] running install_egg_info
[1.959s] removing '/home/open/work/install/camera/lib/python3.10/site-packages/camera-0.0.0-py3.10.egg-info' (and everything under it)
[1.959s] Copying ../../build/camera/camera.egg-info to /home/open/work/install/camera/lib/python3.10/site-packages/camera-0.0.0-py3.10.egg-info
[1.959s] running install_scripts
[1.973s] Installing H65_camera script to /home/open/work/install/camera/lib/camera
[1.973s] Installing camera script to /home/open/work/install/camera/lib/camera
[1.973s] writing list of installed files to '/home/open/work/build/camera/install.log'
